** Drc report for Buzzer PCB.kicad_pcb **
** Created on 2026-06-22T19:02:03 **
** Report includes: Errors, Warnings **

** Found 248 DRC violations **
[silk_edge_clearance]: Silkscreen clipped by board edge
    Rule: board setup constraints silk; warning
    @(90.0000 mm, 0.0000 mm): Segment on Edge.Cuts
    @(73.0000 mm, 49.0000 mm): PCB text 'J5 HGLRC M100 manual pin order: RX TX VCC GND' on B.Silkscreen
[silk_edge_clearance]: Silkscreen clipped by board edge
    Rule: board setup constraints silk; warning
    @(90.0000 mm, 0.0000 mm): Segment on Edge.Cuts
    @(85.0000 mm, 13.0000 mm): Circle of BZ1 on F.Silkscreen
[silk_edge_clearance]: Silkscreen clipped by board edge
    Rule: board setup constraints silk; warning
    @(90.0000 mm, 50.0000 mm): Segment on Edge.Cuts
    @(88.3500 mm, 49.1000 mm): Footprint text of J7 (TOP; pins solder backside)
[silk_edge_clearance]: Silkscreen clipped by board edge
    Rule: board setup constraints silk; warning
    @(90.0000 mm, 50.0000 mm): Segment on Edge.Cuts
    @(35.7800 mm, 13.1850 mm): Segment of J11 on F.Silkscreen
[silk_edge_clearance]: Silkscreen clipped by board edge
    Rule: board setup constraints silk; warning
    @(90.0000 mm, 50.0000 mm): Segment on Edge.Cuts
    @(35.7800 mm, 50.0150 mm): Segment of J11 on F.Silkscreen
[silk_edge_clearance]: Silkscreen clipped by board edge
    Rule: board setup constraints silk; warning
    @(90.0000 mm, 50.0000 mm): Segment on Edge.Cuts
    @(0.2200 mm, 50.0150 mm): Segment of J11 on F.Silkscreen
[silk_edge_clearance]: Silkscreen clipped by board edge
    Rule: board setup constraints silk; warning
    @(0.0000 mm, 50.0000 mm): Segment on Edge.Cuts
    @(1.2200 mm, 14.3850 mm): Footprint text of J11 (SPARKFUN QWIIC OLED 1.3 128x64)
[silk_edge_clearance]: Silkscreen clipped by board edge
    Rule: board setup constraints silk; warning
    @(90.0000 mm, 50.0000 mm): Segment on Edge.Cuts
    @(1.2200 mm, 48.8150 mm): Footprint text of J11 (J3: GND 3V3 SDA SCL)
[lib_footprint_mismatch]: Footprint 'CP_Radial_D5.0mm_P2.00mm' does not match copy in library 'Capacitor_THT'
    Local override; warning
    @(22.5000 mm, 4.2000 mm): Footprint C1
[lib_footprint_mismatch]: Footprint 'C_Disc_D3.0mm_W1.6mm_P2.50mm' does not match copy in library 'Capacitor_THT'
    Local override; warning
    @(18.2000 mm, 9.5000 mm): Footprint C2
[lib_footprint_mismatch]: Footprint 'R_Axial_DIN0207_L6.3mm_D2.5mm_P7.62mm_Horizontal' does not match copy in library 'Resistor_THT'
    Local override; warning
    @(74.0000 mm, 15.0000 mm): Footprint R2
[lib_footprint_issues]: Footprint 'SS12D00G5_Custom' not found in library 'Button_Switch_THT'
    Local override; warning
    @(25.0000 mm, 12.0000 mm): Footprint SW1
[lib_footprint_issues]: Footprint 'TO-92_Inline_Wide_Formed' not found in library 'Package_TO_SOT_THT'
    Local override; warning
    @(78.0000 mm, 15.0000 mm): Footprint Q1
[lib_footprint_mismatch]: Footprint 'D_DO-41_SOD81_P10.16mm_Horizontal' does not match copy in library 'Diode_THT'
    Local override; warning
    @(76.0000 mm, 8.0000 mm): Footprint D1
[lib_footprint_mismatch]: Footprint 'R_Axial_DIN0207_L6.3mm_D2.5mm_P7.62mm_Horizontal' does not match copy in library 'Resistor_THT'
    Local override; warning
    @(70.5000 mm, 15.0000 mm): Footprint R1
[lib_footprint_issues]: Footprint 'Buzzer_12x8.5mm_P7.62mm_Custom' not found in library 'Buzzer_Beeper'
    Local override; warning
    @(85.0000 mm, 13.0000 mm): Footprint BZ1
[lib_footprint_mismatch]: Footprint 'JST_PH_S2B-PH-K_1x02_P2.00mm_Horizontal' does not match copy in library 'Connector_JST'
    Local override; warning
    @(78.0000 mm, 45.0000 mm): Footprint J1
[lib_footprint_mismatch]: Footprint 'JST_PH_S2B-PH-K_1x02_P2.00mm_Horizontal' does not match copy in library 'Connector_JST'
    Local override; warning
    @(86.0000 mm, 10.0000 mm): Footprint J2
[lib_footprint_mismatch]: Footprint 'PinHeader_1x01_P2.54mm_Vertical' does not match copy in library 'Connector_PinHeader_2.54mm'
    Local override; warning
    @(68.0000 mm, 15.0000 mm): Footprint J4
[lib_footprint_mismatch]: Footprint 'TP4057_Module_18.2x12.3' does not match copy in library 'Vario_Buzzer_V2'
    Local override; warning
    @(10.5000 mm, 6.8000 mm): Footprint U1
[lib_footprint_mismatch]: Footprint 'Adafruit_SHT41_Breakout_Top' does not match copy in library 'Vario_Buzzer_V2'
    Local override; warning
    @(81.0000 mm, 37.0000 mm): Footprint J7
[text_height]: Text height out of range (board setup constraints silk text height min height 0.8000 mm; actual 0.7000 mm)
    Rule: board setup constraints silk text height; warning
    @(2.0000 mm, 2.3000 mm): PCB text 'Vario Buzzer / Sensor Interposer V2 - SparkFun Thing Plus + Qwiic OLED, no traces' on F.Silkscreen
[text_height]: Text height out of range (board setup constraints silk text height min height 0.8000 mm; actual 0.5800 mm)
    Rule: board setup constraints silk text height; warning
    @(2.0000 mm, 4.5000 mm): PCB text 'PCB 90x50mm, 1.5mm FR4; drill set: 0.8/1/1.2/1.4/1.6/2/2.4/3/3.175mm' on F.Silkscreen
[text_height]: Text height out of range (board setup constraints silk text height min height 0.8000 mm; actual 0.5500 mm)
    Rule: board setup constraints silk text height; warning
    @(31.0000 mm, 25.7000 mm): PCB text 'J10 SparkFun Thing Plus ESP32 WROOM-C, SparkFun Eagle header geometry' on F.Silkscreen
[text_height]: Text height out of range (board setup constraints silk text height min height 0.8000 mm; actual 0.5200 mm)
    Rule: board setup constraints silk text height; warning
    @(2.0000 mm, 49.0000 mm): PCB text 'J11 SparkFun Qwiic OLED 1.3in; J3 pins GND 3V3 SDA SCL' on F.Silkscreen
[text_height]: Text height out of range (board setup constraints silk text height min height 0.8000 mm; actual 0.5000 mm)
    Rule: board setup constraints silk text height; warning
    @(1.0000 mm, 13.0000 mm): PCB text 'U1 USB-C edge faces board left; BAT pads face right' on F.Silkscreen
[text_height]: Text height out of range (board setup constraints silk text height min height 0.8000 mm; actual 0.5000 mm)
    Rule: board setup constraints silk text height; warning
    @(73.0000 mm, 49.0000 mm): PCB text 'J5 HGLRC M100 manual pin order: RX TX VCC GND' on B.Silkscreen
[text_height]: Text height out of range (board setup constraints silk text height min height 0.8000 mm; actual 0.4800 mm)
    Rule: board setup constraints silk text height; warning
    @(76.0000 mm, 28.5000 mm): PCB text 'R1 470R D13/GPIO13 to Q1 base' on F.Silkscreen
[text_height]: Text height out of range (board setup constraints silk text height min height 0.8000 mm; actual 0.4800 mm)
    Rule: board setup constraints silk text height; warning
    @(80.0000 mm, 28.5000 mm): PCB text 'R2 100k base to GND; Q1 S8050 E-B-C' on F.Silkscreen
[text_height]: Text height out of range (board setup constraints silk text height min height 0.8000 mm; actual 0.4800 mm)
    Rule: board setup constraints silk text height; warning
    @(18.0000 mm, 1.3000 mm): PCB text 'C1 bulk, C2 decoupling on SW_BAT/GND' on F.Silkscreen
[text_height]: Text height out of range (board setup constraints silk text height min height 0.8000 mm; actual 0.4600 mm)
    Rule: board setup constraints silk text height; warning
    @(37.0000 mm, 49.0000 mm): PCB text 'BTN nets copied from Ant Display: BACK GPIO3, NEXT GPIO4, DOWN GPIO5, UP net on FREEBIE/ESP4' on F.Silkscreen
[text_height]: Text height out of range (board setup constraints silk text height min height 0.8000 mm; actual 0.5400 mm)
    Rule: board setup constraints silk text height; warning
    @(43.0000 mm, 22.0000 mm): PCB text 'Back side: optional external SD plus HGLRC M100' on B.Silkscreen
[text_height]: Text height out of range (board setup constraints silk text height min height 0.8000 mm; actual 0.5400 mm)
    Rule: board setup constraints silk text height; warning
    @(72.0000 mm, 49.0000 mm): PCB text 'J1 bottom LiPo JST' on B.Silkscreen
[text_height]: Text height out of range (board setup constraints silk text height min height 0.8000 mm; actual 0.7000 mm)
    Rule: board setup constraints silk text height; warning
    @(22.5000 mm, 7.2500 mm): Value field of C1 (47-100uF ELEC)
[text_height]: Text height out of range (board setup constraints silk text height min height 0.8000 mm; actual 0.7000 mm)
    Rule: board setup constraints silk text height; warning
    @(18.2000 mm, 11.6500 mm): Value field of C2 (0.1uF CER)
[text_height]: Text height out of range (board setup constraints silk text height min height 0.8000 mm; actual 0.7000 mm)
    Rule: board setup constraints silk text height; warning
    @(74.0000 mm, 15.0000 mm): Value field of R2 (100k)
[text_height]: Text height out of range (board setup constraints silk text height min height 0.8000 mm; actual 0.7000 mm)
    Rule: board setup constraints silk text height; warning
    @(70.5000 mm, 15.0000 mm): Value field of R1 (470R)
[text_height]: Text height out of range (board setup constraints silk text height min height 0.8000 mm; actual 0.7200 mm)
    Rule: board setup constraints silk text height; warning
    @(19.1000 mm, 11.7500 mm): Footprint text of U1 (TP4057)
[text_height]: Text height out of range (board setup constraints silk text height min height 0.8000 mm; actual 0.6200 mm)
    Rule: board setup constraints silk text height; warning
    @(5.8000 mm, 6.8000 mm): Footprint text of U1 (USB-C)
[text_height]: Text height out of range (board setup constraints silk text height min height 0.8000 mm; actual 0.6200 mm)
    Rule: board setup constraints silk text height; warning
    @(19.2000 mm, 2.0000 mm): Footprint text of U1 (BAT PADS)
[text_height]: Text height out of range (board setup constraints silk text height min height 0.8000 mm; actual 0.7200 mm)
    Rule: board setup constraints silk text height; warning
    @(43.5000 mm, 23.2000 mm): Footprint text of J3 (BACK SD)
[text_height]: Text height out of range (board setup constraints silk text height min height 0.8000 mm; actual 0.4800 mm)
    Rule: board setup constraints silk text height; warning
    @(43.5000 mm, 38.6000 mm): Footprint text of J3 (1 GND 2 MISO 3 CLK 4 MOSI 5 CS 6 3V3)
[text_height]: Text height out of range (board setup constraints silk text height min height 0.8000 mm; actual 0.7200 mm)
    Rule: board setup constraints silk text height; warning
    @(48.9000 mm, 27.3500 mm): Footprint text of J6 (BMP390/BMP5xx)
[text_height]: Text height out of range (board setup constraints silk text height min height 0.8000 mm; actual 0.5500 mm)
    Rule: board setup constraints silk text height; warning
    @(48.9000 mm, 42.3500 mm): Footprint text of J6 (TOP; pins solder backside)
[text_height]: Text height out of range (board setup constraints silk text height min height 0.8000 mm; actual 0.7200 mm)
    Rule: board setup constraints silk text height; warning
    @(73.3500 mm, 49.1000 mm): Footprint text of J7 (SHT41)
[text_height]: Text height out of range (board setup constraints silk text height min height 0.8000 mm; actual 0.5500 mm)
    Rule: board setup constraints silk text height; warning
    @(88.3500 mm, 49.1000 mm): Footprint text of J7 (TOP; pins solder backside)
[text_height]: Text height out of range (board setup constraints silk text height min height 0.8000 mm; actual 0.7200 mm)
    Rule: board setup constraints silk text height; warning
    @(31.1550 mm, 2.7700 mm): Footprint text of J10 (SPARKFUN THING PLUS ESP32 WROOM-C)
[text_height]: Text height out of range (board setup constraints silk text height min height 0.8000 mm; actual 0.5800 mm)
    Rule: board setup constraints silk text height; warning
    @(31.1550 mm, 23.2300 mm): Footprint text of J10 (USB-C end)
[text_height]: Text height out of range (board setup constraints silk text height min height 0.8000 mm; actual 0.4800 mm)
    Rule: board setup constraints silk text height; warning
    @(31.1550 mm, 13.0000 mm): Footprint text of J10 (header geometry from SparkFun Eagle J5)
[text_height]: Text height out of range (board setup constraints silk text height min height 0.8000 mm; actual 0.6200 mm)
    Rule: board setup constraints silk text height; warning
    @(1.2200 mm, 14.3850 mm): Footprint text of J11 (SPARKFUN QWIIC OLED 1.3 128x64)
[text_height]: Text height out of range (board setup constraints silk text height min height 0.8000 mm; actual 0.5500 mm)
    Rule: board setup constraints silk text height; warning
    @(1.2200 mm, 48.8150 mm): Footprint text of J11 (J3: GND 3V3 SDA SCL)
[text_height]: Text height out of range (board setup constraints silk text height min height 0.8000 mm; actual 0.6200 mm)
    Rule: board setup constraints silk text height; warning
    @(65.0000 mm, 35.3000 mm): Footprint text of J5 (BACK HGLRC M100)
[text_height]: Text height out of range (board setup constraints silk text height min height 0.8000 mm; actual 0.5000 mm)
    Rule: board setup constraints silk text height; warning
    @(65.0000 mm, 47.7000 mm): Footprint text of J5 (manual: RX TX VCC GND)
[text_height]: Text height out of range (board setup constraints silk text height min height 0.8000 mm; actual 0.6200 mm)
    Rule: board setup constraints silk text height; warning
    @(4.0000 mm, 39.2000 mm): Footprint text of SW2 (BACK)
[text_height]: Text height out of range (board setup constraints silk text height min height 0.8000 mm; actual 0.6200 mm)
    Rule: board setup constraints silk text height; warning
    @(14.0000 mm, 39.2000 mm): Footprint text of SW3 (NEXT)
[text_height]: Text height out of range (board setup constraints silk text height min height 0.8000 mm; actual 0.6200 mm)
    Rule: board setup constraints silk text height; warning
    @(24.0000 mm, 39.2000 mm): Footprint text of SW4 (DOWN)
[text_height]: Text height out of range (board setup constraints silk text height min height 0.8000 mm; actual 0.6200 mm)
    Rule: board setup constraints silk text height; warning
    @(38.0000 mm, 39.2000 mm): Footprint text of SW5 (UP)
[silk_overlap]: Silkscreen clearance
    Rule: board setup constraints silk; warning
    @(31.1550 mm, 2.7700 mm): Footprint text of J10 (SPARKFUN THING PLUS ESP32 WROOM-C)
    @(2.0000 mm, 2.3000 mm): PCB text 'Vario Buzzer / Sensor Interposer V2 - SparkFun Thing Plus + Qwiic OLED, no traces' on F.Silkscreen
[silk_overlap]: Silkscreen clearance
    Rule: board setup constraints silk; warning
    @(30.1550 mm, 24.4300 mm): Segment of J10 on F.Silkscreen
    @(2.0000 mm, 4.5000 mm): PCB text 'PCB 90x50mm, 1.5mm FR4; drill set: 0.8/1/1.2/1.4/1.6/2/2.4/3/3.175mm' on F.Silkscreen
[silk_overlap]: Silkscreen clearance
    Rule: board setup constraints silk; warning
    @(30.1550 mm, 1.5700 mm): Segment of J10 on F.Silkscreen
    @(18.0000 mm, 1.3000 mm): PCB text 'C1 bulk, C2 decoupling on SW_BAT/GND' on F.Silkscreen
[silk_overlap]: Silkscreen clearance
    Rule: board setup constraints silk; warning
    @(30.1550 mm, 24.4300 mm): Segment of J10 on F.Silkscreen
    @(18.0000 mm, 1.3000 mm): PCB text 'C1 bulk, C2 decoupling on SW_BAT/GND' on F.Silkscreen
[silk_overlap]: Silkscreen clearance
    Rule: board setup constraints silk; warning
    @(19.2000 mm, 2.0000 mm): Footprint text of U1 (BAT PADS)
    @(2.0000 mm, 2.3000 mm): PCB text 'Vario Buzzer / Sensor Interposer V2 - SparkFun Thing Plus + Qwiic OLED, no traces' on F.Silkscreen
[silk_overlap]: Silkscreen clearance
    Rule: board setup constraints silk; warning
    @(19.2000 mm, 2.0000 mm): Footprint text of U1 (BAT PADS)
    @(31.1550 mm, 2.7700 mm): Footprint text of J10 (SPARKFUN THING PLUS ESP32 WROOM-C)
[silk_overlap]: Silkscreen clearance
    Rule: board setup constraints silk; warning
    @(2.0000 mm, 4.5000 mm): PCB text 'PCB 90x50mm, 1.5mm FR4; drill set: 0.8/1/1.2/1.4/1.6/2/2.4/3/3.175mm' on F.Silkscreen
    @(22.5000 mm, 4.2000 mm): Circle of C1 on F.Silkscreen
[silk_overlap]: Silkscreen clearance
    Rule: board setup constraints silk; warning
    @(31.1550 mm, 2.7700 mm): Footprint text of J10 (SPARKFUN THING PLUS ESP32 WROOM-C)
    @(22.5000 mm, 4.2000 mm): Circle of C1 on F.Silkscreen
[silk_overlap]: Silkscreen clearance
    Rule: board setup constraints silk; warning
    @(2.0000 mm, 2.3000 mm): PCB text 'Vario Buzzer / Sensor Interposer V2 - SparkFun Thing Plus + Qwiic OLED, no traces' on F.Silkscreen
    @(22.5000 mm, 4.2000 mm): Circle of C1 on F.Silkscreen
[silk_overlap]: Silkscreen clearance
    Rule: board setup constraints silk; warning
    @(19.6000 mm, 0.6500 mm): Segment of U1 on F.Silkscreen
    @(2.0000 mm, 2.3000 mm): PCB text 'Vario Buzzer / Sensor Interposer V2 - SparkFun Thing Plus + Qwiic OLED, no traces' on F.Silkscreen
[silk_overlap]: Silkscreen clearance
    Rule: board setup constraints silk; warning
    @(30.1550 mm, 24.4300 mm): Segment of J10 on F.Silkscreen
    @(31.1550 mm, 2.7700 mm): Footprint text of J10 (SPARKFUN THING PLUS ESP32 WROOM-C)
[silk_overlap]: Silkscreen clearance
    Rule: board setup constraints silk; warning
    @(30.1550 mm, 24.4300 mm): Segment of J10 on F.Silkscreen
    @(2.0000 mm, 2.3000 mm): PCB text 'Vario Buzzer / Sensor Interposer V2 - SparkFun Thing Plus + Qwiic OLED, no traces' on F.Silkscreen
[silk_overlap]: Silkscreen clearance
    Rule: board setup constraints silk; warning
    @(22.5000 mm, 1.0000 mm): Reference field of C1
    @(18.0000 mm, 1.3000 mm): PCB text 'C1 bulk, C2 decoupling on SW_BAT/GND' on F.Silkscreen
[silk_overlap]: Silkscreen clearance
    Rule: board setup constraints silk; warning
    @(19.2000 mm, 2.0000 mm): Footprint text of U1 (BAT PADS)
    @(18.0000 mm, 1.3000 mm): PCB text 'C1 bulk, C2 decoupling on SW_BAT/GND' on F.Silkscreen
[silk_overlap]: Silkscreen clearance
    Rule: board setup constraints silk; warning
    @(19.1000 mm, 11.7500 mm): Footprint text of U1 (TP4057)
    @(18.2000 mm, 11.6500 mm): Value field of C2 (0.1uF CER)
[silk_overlap]: Silkscreen clearance
    Rule: board setup constraints silk; warning
    @(16.7000 mm, 8.6000 mm): Segment of C2 on F.Silkscreen
    @(19.6000 mm, 0.6500 mm): Segment of U1 on F.Silkscreen
[silk_overlap]: Silkscreen clearance
    Rule: board setup constraints silk; warning
    @(19.6000 mm, 0.6500 mm): Segment of U1 on F.Silkscreen
    @(19.7000 mm, 8.6000 mm): Segment of C2 on F.Silkscreen
[silk_overlap]: Silkscreen clearance
    Rule: board setup constraints silk; warning
    @(19.6000 mm, 0.6500 mm): Segment of U1 on F.Silkscreen
    @(19.7000 mm, 10.4000 mm): Segment of C2 on F.Silkscreen
[silk_overlap]: Silkscreen clearance
    Rule: board setup constraints silk; warning
    @(19.1000 mm, 11.7500 mm): Footprint text of U1 (TP4057)
    @(19.6000 mm, 0.6500 mm): Segment of U1 on F.Silkscreen
[silk_overlap]: Silkscreen clearance
    Rule: board setup constraints silk; warning
    @(19.6000 mm, 0.6500 mm): Segment of U1 on F.Silkscreen
    @(1.0000 mm, 13.0000 mm): PCB text 'U1 USB-C edge faces board left; BAT pads face right' on F.Silkscreen
[silk_overlap]: Silkscreen clearance
    Rule: board setup constraints silk; warning
    @(19.6000 mm, 0.6500 mm): Segment of U1 on F.Silkscreen
    @(2.0000 mm, 4.5000 mm): PCB text 'PCB 90x50mm, 1.5mm FR4; drill set: 0.8/1/1.2/1.4/1.6/2/2.4/3/3.175mm' on F.Silkscreen
[silk_overlap]: Silkscreen clearance
    Rule: board setup constraints silk; warning
    @(19.6000 mm, 0.6500 mm): Segment of U1 on F.Silkscreen
    @(18.0000 mm, 1.3000 mm): PCB text 'C1 bulk, C2 decoupling on SW_BAT/GND' on F.Silkscreen
[silk_overlap]: Silkscreen clearance
    Rule: board setup constraints silk; warning
    @(19.2000 mm, 2.0000 mm): Footprint text of U1 (BAT PADS)
    @(19.6000 mm, 0.6500 mm): Segment of U1 on F.Silkscreen
[silk_overlap]: Silkscreen clearance
    Rule: board setup constraints silk; warning
    @(1.4000 mm, 12.9500 mm): Segment of U1 on F.Silkscreen
    @(1.0000 mm, 13.0000 mm): PCB text 'U1 USB-C edge faces board left; BAT pads face right' on F.Silkscreen
[silk_overlap]: Silkscreen clearance
    Rule: board setup constraints silk; warning
    @(1.2200 mm, 14.3850 mm): Footprint text of J11 (SPARKFUN QWIIC OLED 1.3 128x64)
    @(0.2200 mm, 50.0150 mm): Segment of J11 on F.Silkscreen
[silk_overlap]: Silkscreen clearance
    Rule: board setup constraints silk; warning
    @(0.2200 mm, 13.1850 mm): Segment of J11 on F.Silkscreen
    @(1.0000 mm, 13.0000 mm): PCB text 'U1 USB-C edge faces board left; BAT pads face right' on F.Silkscreen
[silk_overlap]: Silkscreen clearance
    Rule: board setup constraints silk; warning
    @(19.6000 mm, 12.9500 mm): Segment of U1 on F.Silkscreen
    @(1.0000 mm, 13.0000 mm): PCB text 'U1 USB-C edge faces board left; BAT pads face right' on F.Silkscreen
[silk_overlap]: Silkscreen clearance
    Rule: board setup constraints silk; warning
    @(0.2200 mm, 13.1850 mm): Segment of J11 on F.Silkscreen
    @(21.8000 mm, 12.0000 mm): Reference field of SW1
[silk_overlap]: Silkscreen clearance
    Rule: board setup constraints silk; warning
    @(0.2200 mm, 13.1850 mm): Segment of J11 on F.Silkscreen
    @(31.1550 mm, 13.0000 mm): Footprint text of J10 (header geometry from SparkFun Eagle J5)
[silk_overlap]: Silkscreen clearance
    Rule: board setup constraints silk; warning
    @(23.1000 mm, 16.3000 mm): Segment of SW1 on F.Silkscreen
    @(0.2200 mm, 13.1850 mm): Segment of J11 on F.Silkscreen
[silk_overlap]: Silkscreen clearance
    Rule: board setup constraints silk; warning
    @(26.9000 mm, 7.7000 mm): Segment of SW1 on F.Silkscreen
    @(0.2200 mm, 13.1850 mm): Segment of J11 on F.Silkscreen
[silk_overlap]: Silkscreen clearance
    Rule: board setup constraints silk; warning
    @(30.1550 mm, 24.4300 mm): Segment of J10 on F.Silkscreen
    @(0.2200 mm, 13.1850 mm): Segment of J11 on F.Silkscreen
[silk_overlap]: Silkscreen clearance
    Rule: board setup constraints silk; warning
    @(1.0000 mm, 13.0000 mm): PCB text 'U1 USB-C edge faces board left; BAT pads face right' on F.Silkscreen
    @(21.8000 mm, 12.0000 mm): Reference field of SW1
[silk_overlap]: Silkscreen clearance
    Rule: board setup constraints silk; warning
    @(31.0000 mm, 25.7000 mm): PCB text 'J10 SparkFun Thing Plus ESP32 WROOM-C, SparkFun Eagle header geometry' on F.Silkscreen
    @(35.7800 mm, 13.1850 mm): Segment of J11 on F.Silkscreen
[silk_overlap]: Silkscreen clearance
    Rule: board setup constraints silk; warning
    @(89.8450 mm, 24.4300 mm): Segment of J10 on F.Silkscreen
    @(35.7800 mm, 13.1850 mm): Segment of J11 on F.Silkscreen
[silk_overlap]: Silkscreen clearance
    Rule: board setup constraints silk; warning
    @(35.7800 mm, 13.1850 mm): Segment of J11 on F.Silkscreen
    @(31.1550 mm, 13.0000 mm): Footprint text of J10 (header geometry from SparkFun Eagle J5)
[silk_overlap]: Silkscreen clearance
    Rule: board setup constraints silk; warning
    @(18.2000 mm, 6.3000 mm): Reference field of C2
    @(22.5000 mm, 7.2500 mm): Value field of C1 (47-100uF ELEC)
[silk_overlap]: Silkscreen clearance
    Rule: board setup constraints silk; warning
    @(26.9000 mm, 7.7000 mm): Segment of SW1 on F.Silkscreen
    @(31.1550 mm, 13.0000 mm): Footprint text of J10 (header geometry from SparkFun Eagle J5)
[silk_overlap]: Silkscreen clearance
    Rule: board setup constraints silk; warning
    @(30.1550 mm, 24.4300 mm): Segment of J10 on F.Silkscreen
    @(31.1550 mm, 13.0000 mm): Footprint text of J10 (header geometry from SparkFun Eagle J5)
[silk_overlap]: Silkscreen clearance
    Rule: board setup constraints silk; warning
    @(1.2200 mm, 48.8150 mm): Footprint text of J11 (J3: GND 3V3 SDA SCL)
    @(2.0000 mm, 49.0000 mm): PCB text 'J11 SparkFun Qwiic OLED 1.3in; J3 pins GND 3V3 SDA SCL' on F.Silkscreen
[silk_overlap]: Silkscreen clearance
    Rule: board setup constraints silk; warning
    @(30.1550 mm, 24.4300 mm): Segment of J10 on F.Silkscreen
    @(31.1550 mm, 23.2300 mm): Footprint text of J10 (USB-C end)
[silk_overlap]: Silkscreen clearance
    Rule: board setup constraints silk; warning
    @(31.0000 mm, 25.7000 mm): PCB text 'J10 SparkFun Thing Plus ESP32 WROOM-C, SparkFun Eagle header geometry' on F.Silkscreen
    @(48.3000 mm, 26.1100 mm): Segment of J6 on F.Silkscreen
[silk_overlap]: Silkscreen clearance
    Rule: board setup constraints silk; warning
    @(89.8450 mm, 24.4300 mm): Segment of J10 on F.Silkscreen
    @(76.0000 mm, 28.5000 mm): PCB text 'R1 470R D13/GPIO13 to Q1 base' on F.Silkscreen
[silk_overlap]: Silkscreen clearance
    Rule: board setup constraints silk; warning
    @(72.1100 mm, 24.3000 mm): Segment of J7 on F.Silkscreen
    @(76.0000 mm, 28.5000 mm): PCB text 'R1 470R D13/GPIO13 to Q1 base' on F.Silkscreen
[silk_overlap]: Silkscreen clearance
    Rule: board setup constraints silk; warning
    @(78.0000 mm, 15.0000 mm): Circle of Q1 on F.Silkscreen
    @(76.0000 mm, 28.5000 mm): PCB text 'R1 470R D13/GPIO13 to Q1 base' on F.Silkscreen
[silk_overlap]: Silkscreen clearance
    Rule: board setup constraints silk; warning
    @(74.8000 mm, 15.0000 mm): Reference field of Q1
    @(75.2500 mm, 11.8500 mm): Segment of R2 on F.Silkscreen
[silk_overlap]: Silkscreen clearance
    Rule: board setup constraints silk; warning
    @(74.8000 mm, 15.0000 mm): Reference field of Q1
    @(74.0000 mm, 15.0000 mm): Value field of R2 (100k)
[silk_overlap]: Silkscreen clearance
    Rule: board setup constraints silk; warning
    @(67.3000 mm, 15.0000 mm): Reference field of R1
    @(68.0000 mm, 15.0000 mm): Circle of J4 on F.Silkscreen
[silk_overlap]: Silkscreen clearance
    Rule: board setup constraints silk; warning
    @(48.3000 mm, 43.8900 mm): Segment of J6 on F.Silkscreen
    @(48.9000 mm, 27.3500 mm): Footprint text of J6 (BMP390/BMP5xx)
[silk_overlap]: Silkscreen clearance
    Rule: board setup constraints silk; warning
    @(48.3000 mm, 26.1100 mm): Segment of J6 on F.Silkscreen
    @(72.1100 mm, 49.7000 mm): Segment of J7 on F.Silkscreen
[silk_overlap]: Silkscreen clearance
    Rule: board setup constraints silk; warning
    @(85.0000 mm, 13.0000 mm): Circle of BZ1 on F.Silkscreen
    @(89.8450 mm, 1.5700 mm): Segment of J10 on F.Silkscreen
[silk_overlap]: Silkscreen clearance
    Rule: board setup constraints silk; warning
    @(89.8450 mm, 1.5700 mm): Segment of J10 on F.Silkscreen
    @(72.1100 mm, 24.3000 mm): Segment of J7 on F.Silkscreen
[silk_overlap]: Silkscreen clearance
    Rule: board setup constraints silk; warning
    @(89.8900 mm, 24.3000 mm): Segment of J7 on F.Silkscreen
    @(89.8450 mm, 1.5700 mm): Segment of J10 on F.Silkscreen
[silk_overlap]: Silkscreen clearance
    Rule: board setup constraints silk; warning
    @(89.8450 mm, 24.4300 mm): Segment of J10 on F.Silkscreen
    @(72.1100 mm, 49.7000 mm): Segment of J7 on F.Silkscreen
[silk_overlap]: Silkscreen clearance
    Rule: board setup constraints silk; warning
    @(80.0000 mm, 28.5000 mm): PCB text 'R2 100k base to GND; Q1 S8050 E-B-C' on F.Silkscreen
    @(89.8450 mm, 24.4300 mm): Segment of J10 on F.Silkscreen
[silk_overlap]: Silkscreen clearance
    Rule: board setup constraints silk; warning
    @(89.8900 mm, 24.3000 mm): Segment of J7 on F.Silkscreen
    @(89.8450 mm, 24.4300 mm): Segment of J10 on F.Silkscreen
[silk_overlap]: Silkscreen clearance
    Rule: board setup constraints silk; warning
    @(73.3500 mm, 49.1000 mm): Footprint text of J7 (SHT41)
    @(37.0000 mm, 49.0000 mm): PCB text 'BTN nets copied from Ant Display: BACK GPIO3, NEXT GPIO4, DOWN GPIO5, UP net on FREEBIE/ESP4' on F.Silkscreen
[silk_overlap]: Silkscreen clearance
    Rule: board setup constraints silk; warning
    @(37.0000 mm, 49.0000 mm): PCB text 'BTN nets copied from Ant Display: BACK GPIO3, NEXT GPIO4, DOWN GPIO5, UP net on FREEBIE/ESP4' on F.Silkscreen
    @(72.1100 mm, 49.7000 mm): Segment of J7 on F.Silkscreen
[silk_overlap]: Silkscreen clearance
    Rule: board setup constraints silk; warning
    @(73.3500 mm, 49.1000 mm): Footprint text of J7 (SHT41)
    @(72.1100 mm, 49.7000 mm): Segment of J7 on F.Silkscreen
[silk_overlap]: Silkscreen clearance
    Rule: board setup constraints silk; warning
    @(73.7000 mm, 43.8900 mm): Segment of J6 on F.Silkscreen
    @(72.1100 mm, 49.7000 mm): Segment of J7 on F.Silkscreen
[silk_overlap]: Silkscreen clearance
    Rule: board setup constraints silk; warning
    @(48.3000 mm, 43.8900 mm): Segment of J6 on F.Silkscreen
    @(48.9000 mm, 42.3500 mm): Footprint text of J6 (TOP; pins solder backside)
[silk_overlap]: Silkscreen clearance
    Rule: board setup constraints silk; warning
    @(80.0000 mm, 28.5000 mm): PCB text 'R2 100k base to GND; Q1 S8050 E-B-C' on F.Silkscreen
    @(72.1100 mm, 24.3000 mm): Segment of J7 on F.Silkscreen
[silk_overlap]: Silkscreen clearance
    Rule: board setup constraints silk; warning
    @(80.0000 mm, 28.5000 mm): PCB text 'R2 100k base to GND; Q1 S8050 E-B-C' on F.Silkscreen
    @(78.0000 mm, 15.0000 mm): Circle of Q1 on F.Silkscreen
[silk_overlap]: Silkscreen clearance
    Rule: board setup constraints silk; warning
    @(85.0000 mm, 13.0000 mm): Circle of BZ1 on F.Silkscreen
    @(80.0000 mm, 28.5000 mm): PCB text 'R2 100k base to GND; Q1 S8050 E-B-C' on F.Silkscreen
[silk_overlap]: Silkscreen clearance
    Rule: board setup constraints silk; warning
    @(85.0000 mm, 13.0000 mm): Circle of BZ1 on F.Silkscreen
    @(79.6000 mm, 17.6000 mm): Segment of Q1 on F.Silkscreen
[silk_overlap]: Silkscreen clearance
    Rule: board setup constraints silk; warning
    @(85.0000 mm, 13.0000 mm): Circle of BZ1 on F.Silkscreen
    @(78.0000 mm, 15.0000 mm): Circle of Q1 on F.Silkscreen
[silk_overlap]: Silkscreen clearance
    Rule: board setup constraints silk; warning
    @(85.0000 mm, 13.0000 mm): Circle of BZ1 on F.Silkscreen
    @(83.0000 mm, 8.5000 mm): Segment of J2 on F.Silkscreen
[silk_overlap]: Silkscreen clearance
    Rule: board setup constraints silk; warning
    @(85.0000 mm, 13.0000 mm): Circle of BZ1 on F.Silkscreen
    @(89.0000 mm, 8.5000 mm): Segment of J2 on F.Silkscreen
[silk_overlap]: Silkscreen clearance
    Rule: board setup constraints silk; warning
    @(85.0000 mm, 13.0000 mm): Circle of BZ1 on F.Silkscreen
    @(87.0000 mm, 7.1000 mm): Reference field of J2
[silk_over_copper]: Silkscreen clipped by solder mask
    Local override; warning
    @(2.0000 mm, 4.5000 mm): PCB text 'PCB 90x50mm, 1.5mm FR4; drill set: 0.8/1/1.2/1.4/1.6/2/2.4/3/3.175mm' on F.Silkscreen
    @(21.5000 mm, 4.2000 mm): PTH pad 1 [SW_BAT] of C1
[silk_over_copper]: Silkscreen clipped by solder mask
    Local override; warning
    @(31.1550 mm, 2.7700 mm): Footprint text of J10 (SPARKFUN THING PLUS ESP32 WROOM-C)
    @(32.6950 mm, 4.1100 mm): NPTH pad of J10
[silk_over_copper]: Silkscreen clipped by solder mask
    Local override; warning
    @(2.0000 mm, 2.3000 mm): PCB text 'Vario Buzzer / Sensor Interposer V2 - SparkFun Thing Plus + Qwiic OLED, no traces' on F.Silkscreen
    @(32.6950 mm, 4.1100 mm): NPTH pad of J10
[silk_over_copper]: Silkscreen clipped by solder mask
    Local override; warning
    @(2.0000 mm, 4.5000 mm): PCB text 'PCB 90x50mm, 1.5mm FR4; drill set: 0.8/1/1.2/1.4/1.6/2/2.4/3/3.175mm' on F.Silkscreen
    @(32.6950 mm, 4.1100 mm): NPTH pad of J10
[silk_over_copper]: Silkscreen clipped by solder mask
    Local override; warning
    @(2.0000 mm, 4.5000 mm): PCB text 'PCB 90x50mm, 1.5mm FR4; drill set: 0.8/1/1.2/1.4/1.6/2/2.4/3/3.175mm' on F.Silkscreen
    @(23.5000 mm, 4.2000 mm): PTH pad 2 [GND] of C1
[silk_over_copper]: Silkscreen clipped by solder mask
    Local override; warning
    @(2.0000 mm, 4.5000 mm): PCB text 'PCB 90x50mm, 1.5mm FR4; drill set: 0.8/1/1.2/1.4/1.6/2/2.4/3/3.175mm' on F.Silkscreen
    @(17.7000 mm, 5.5300 mm): PTH pad 2 [GND] of U1
[silk_over_copper]: Silkscreen clipped by solder mask
    Local override; warning
    @(16.7000 mm, 8.6000 mm): Segment of C2 on F.Silkscreen
    @(17.7000 mm, 8.0700 mm): PTH pad 1 [BAT_IN] of U1
[silk_over_copper]: Silkscreen clipped by solder mask
    Local override; warning
    @(4.0000 mm, 41.0000 mm): Reference field of SW2
    @(4.0000 mm, 41.0000 mm): PTH pad 1 [BTN_BACK_GPIO3] of SW2
[silk_over_copper]: Silkscreen clipped by solder mask
    Local override; warning
    @(3.7500 mm, 42.5000 mm): Segment of SW2 on F.Silkscreen
    @(4.0000 mm, 41.0000 mm): PTH pad 1 [BTN_BACK_GPIO3] of SW2
[silk_over_copper]: Silkscreen clipped by solder mask
    Local override; warning
    @(3.7500 mm, 42.5000 mm): Segment of SW2 on F.Silkscreen
    @(4.0000 mm, 45.5000 mm): PTH pad 2 [GND] of SW2
[silk_over_copper]: Silkscreen clipped by solder mask
    Local override; warning
    @(5.0000 mm, 46.5000 mm): Segment of SW2 on F.Silkscreen
    @(4.0000 mm, 45.5000 mm): PTH pad 2 [GND] of SW2
[silk_over_copper]: Silkscreen clipped by solder mask
    Local override; warning
    @(5.0000 mm, 46.5000 mm): Segment of SW2 on F.Silkscreen
    @(10.5000 mm, 45.5000 mm): PTH pad 2 [GND] of SW2
[silk_over_copper]: Silkscreen clipped by solder mask
    Local override; warning
    @(9.5000 mm, 40.0000 mm): Segment of SW2 on F.Silkscreen
    @(4.0000 mm, 41.0000 mm): PTH pad 1 [BTN_BACK_GPIO3] of SW2
[silk_over_copper]: Silkscreen clipped by solder mask
    Local override; warning
    @(9.5000 mm, 40.0000 mm): Segment of SW2 on F.Silkscreen
    @(10.5000 mm, 41.0000 mm): PTH pad 1 [BTN_BACK_GPIO3] of SW2
[silk_over_copper]: Silkscreen clipped by solder mask
    Local override; warning
    @(10.7500 mm, 42.5000 mm): Segment of SW2 on F.Silkscreen
    @(10.5000 mm, 41.0000 mm): PTH pad 1 [BTN_BACK_GPIO3] of SW2
[silk_over_copper]: Silkscreen clipped by solder mask
    Local override; warning
    @(10.7500 mm, 42.5000 mm): Segment of SW2 on F.Silkscreen
    @(10.5000 mm, 45.5000 mm): PTH pad 2 [GND] of SW2
[silk_over_copper]: Silkscreen clipped by solder mask
    Local override; warning
    @(4.0000 mm, 39.2000 mm): Footprint text of SW2 (BACK)
    @(4.0000 mm, 41.0000 mm): PTH pad 1 [BTN_BACK_GPIO3] of SW2
[silk_over_copper]: Silkscreen clipped by solder mask
    Local override; warning
    @(14.0000 mm, 41.0000 mm): Reference field of SW3
    @(14.0000 mm, 41.0000 mm): PTH pad 1 [BTN_NEXT_GPIO4] of SW3
[silk_over_copper]: Silkscreen clipped by solder mask
    Local override; warning
    @(14.0000 mm, 39.2000 mm): Footprint text of SW3 (NEXT)
    @(14.0000 mm, 41.0000 mm): PTH pad 1 [BTN_NEXT_GPIO4] of SW3
[silk_over_copper]: Silkscreen clipped by solder mask
    Local override; warning
    @(13.7500 mm, 42.5000 mm): Segment of SW3 on F.Silkscreen
    @(14.0000 mm, 45.5000 mm): PTH pad 2 [GND] of SW3
[silk_over_copper]: Silkscreen clipped by solder mask
    Local override; warning
    @(13.7500 mm, 42.5000 mm): Segment of SW3 on F.Silkscreen
    @(14.0000 mm, 41.0000 mm): PTH pad 1 [BTN_NEXT_GPIO4] of SW3
[silk_over_copper]: Silkscreen clipped by solder mask
    Local override; warning
    @(15.0000 mm, 46.5000 mm): Segment of SW3 on F.Silkscreen
    @(14.0000 mm, 45.5000 mm): PTH pad 2 [GND] of SW3
[silk_over_copper]: Silkscreen clipped by solder mask
    Local override; warning
    @(15.0000 mm, 46.5000 mm): Segment of SW3 on F.Silkscreen
    @(20.5000 mm, 45.5000 mm): PTH pad 2 [GND] of SW3
[silk_over_copper]: Silkscreen clipped by solder mask
    Local override; warning
    @(19.5000 mm, 40.0000 mm): Segment of SW3 on F.Silkscreen
    @(14.0000 mm, 41.0000 mm): PTH pad 1 [BTN_NEXT_GPIO4] of SW3
[silk_over_copper]: Silkscreen clipped by solder mask
    Local override; warning
    @(19.5000 mm, 40.0000 mm): Segment of SW3 on F.Silkscreen
    @(20.5000 mm, 41.0000 mm): PTH pad 1 [BTN_NEXT_GPIO4] of SW3
[silk_over_copper]: Silkscreen clipped by solder mask
    Local override; warning
    @(20.7500 mm, 42.5000 mm): Segment of SW3 on F.Silkscreen
    @(20.5000 mm, 41.0000 mm): PTH pad 1 [BTN_NEXT_GPIO4] of SW3
[silk_over_copper]: Silkscreen clipped by solder mask
    Local override; warning
    @(20.7500 mm, 42.5000 mm): Segment of SW3 on F.Silkscreen
    @(20.5000 mm, 45.5000 mm): PTH pad 2 [GND] of SW3
[silk_over_copper]: Silkscreen clipped by solder mask
    Local override; warning
    @(24.0000 mm, 41.0000 mm): Reference field of SW4
    @(24.0000 mm, 41.0000 mm): PTH pad 1 [BTN_DOWN_GPIO5] of SW4
[silk_over_copper]: Silkscreen clipped by solder mask
    Local override; warning
    @(23.7500 mm, 42.5000 mm): Segment of SW4 on F.Silkscreen
    @(24.0000 mm, 41.0000 mm): PTH pad 1 [BTN_DOWN_GPIO5] of SW4
[silk_over_copper]: Silkscreen clipped by solder mask
    Local override; warning
    @(23.7500 mm, 42.5000 mm): Segment of SW4 on F.Silkscreen
    @(24.0000 mm, 45.5000 mm): PTH pad 2 [GND] of SW4
[silk_over_copper]: Silkscreen clipped by solder mask
    Local override; warning
    @(25.0000 mm, 46.5000 mm): Segment of SW4 on F.Silkscreen
    @(24.0000 mm, 45.5000 mm): PTH pad 2 [GND] of SW4
[silk_over_copper]: Silkscreen clipped by solder mask
    Local override; warning
    @(25.0000 mm, 46.5000 mm): Segment of SW4 on F.Silkscreen
    @(30.5000 mm, 45.5000 mm): PTH pad 2 [GND] of SW4
[silk_over_copper]: Silkscreen clipped by solder mask
    Local override; warning
    @(24.0000 mm, 39.2000 mm): Footprint text of SW4 (DOWN)
    @(24.0000 mm, 41.0000 mm): PTH pad 1 [BTN_DOWN_GPIO5] of SW4
[silk_over_copper]: Silkscreen clipped by solder mask
    Local override; warning
    @(29.5000 mm, 40.0000 mm): Segment of SW4 on F.Silkscreen
    @(24.0000 mm, 41.0000 mm): PTH pad 1 [BTN_DOWN_GPIO5] of SW4
[silk_over_copper]: Silkscreen clipped by solder mask
    Local override; warning
    @(29.5000 mm, 40.0000 mm): Segment of SW4 on F.Silkscreen
    @(30.5000 mm, 41.0000 mm): PTH pad 1 [BTN_DOWN_GPIO5] of SW4
[silk_over_copper]: Silkscreen clipped by solder mask
    Local override; warning
    @(30.7500 mm, 42.5000 mm): Segment of SW4 on F.Silkscreen
    @(30.5000 mm, 41.0000 mm): PTH pad 1 [BTN_DOWN_GPIO5] of SW4
[silk_over_copper]: Silkscreen clipped by solder mask
    Local override; warning
    @(30.7500 mm, 42.5000 mm): Segment of SW4 on F.Silkscreen
    @(30.5000 mm, 45.5000 mm): PTH pad 2 [GND] of SW4
[silk_over_copper]: Silkscreen clipped by solder mask
    Local override; warning
    @(38.0000 mm, 41.0000 mm): Reference field of SW5
    @(38.0000 mm, 41.0000 mm): PTH pad 1 [BTN_UP_GPIO21] of SW5
[silk_over_copper]: Silkscreen clipped by solder mask
    Local override; warning
    @(38.0000 mm, 39.2000 mm): Footprint text of SW5 (UP)
    @(38.0000 mm, 41.0000 mm): PTH pad 1 [BTN_UP_GPIO21] of SW5
[silk_over_copper]: Silkscreen clipped by solder mask
    Local override; warning
    @(37.7500 mm, 42.5000 mm): Segment of SW5 on F.Silkscreen
    @(38.0000 mm, 41.0000 mm): PTH pad 1 [BTN_UP_GPIO21] of SW5
[silk_over_copper]: Silkscreen clipped by solder mask
    Local override; warning
    @(37.7500 mm, 42.5000 mm): Segment of SW5 on F.Silkscreen
    @(38.0000 mm, 45.5000 mm): PTH pad 2 [GND] of SW5
[silk_over_copper]: Silkscreen clipped by solder mask
    Local override; warning
    @(39.0000 mm, 46.5000 mm): Segment of SW5 on F.Silkscreen
    @(38.0000 mm, 45.5000 mm): PTH pad 2 [GND] of SW5
[silk_over_copper]: Silkscreen clipped by solder mask
    Local override; warning
    @(39.0000 mm, 46.5000 mm): Segment of SW5 on F.Silkscreen
    @(44.5000 mm, 45.5000 mm): PTH pad 2 [GND] of SW5
[silk_over_copper]: Silkscreen clipped by solder mask
    Local override; warning
    @(43.5000 mm, 40.0000 mm): Segment of SW5 on F.Silkscreen
    @(38.0000 mm, 41.0000 mm): PTH pad 1 [BTN_UP_GPIO21] of SW5
[silk_over_copper]: Silkscreen clipped by solder mask
    Local override; warning
    @(43.5000 mm, 40.0000 mm): Segment of SW5 on F.Silkscreen
    @(44.5000 mm, 41.0000 mm): PTH pad 1 [BTN_UP_GPIO21] of SW5
[silk_over_copper]: Silkscreen clipped by solder mask
    Local override; warning
    @(44.7500 mm, 42.5000 mm): Segment of SW5 on F.Silkscreen
    @(44.5000 mm, 41.0000 mm): PTH pad 1 [BTN_UP_GPIO21] of SW5
[silk_over_copper]: Silkscreen clipped by solder mask
    Local override; warning
    @(44.7500 mm, 42.5000 mm): Segment of SW5 on F.Silkscreen
    @(44.5000 mm, 45.5000 mm): PTH pad 2 [GND] of SW5
[silk_over_copper]: Silkscreen clipped by solder mask
    Local override; warning
    @(18.2000 mm, 6.3000 mm): Reference field of C2
    @(17.7000 mm, 5.5300 mm): PTH pad 2 [GND] of U1
[silk_over_copper]: Silkscreen clipped by solder mask
    Local override; warning
    @(31.1550 mm, 23.2300 mm): Footprint text of J10 (USB-C end)
    @(32.6950 mm, 21.8900 mm): NPTH pad of J10
[silk_over_copper]: Silkscreen clipped by solder mask
    Local override; warning
    @(76.0000 mm, 28.5000 mm): PCB text 'R1 470R D13/GPIO13 to Q1 base' on F.Silkscreen
    @(77.1450 mm, 23.1600 mm): PTH pad 15 [GPS_TX_THING_RX] of J10
[silk_over_copper]: Silkscreen clipped by solder mask
    Local override; warning
    @(67.3000 mm, 15.0000 mm): Reference field of R1
    @(68.0000 mm, 15.0000 mm): PTH pad e [D13_BUZZER_GPIO13] of J4
[silk_over_copper]: Silkscreen clipped by solder mask
    Local override; warning
    @(69.2500 mm, 18.1500 mm): Segment of R1 on F.Silkscreen
    @(68.0000 mm, 15.0000 mm): PTH pad e [D13_BUZZER_GPIO13] of J4
[silk_over_copper]: Silkscreen clipped by solder mask
    Local override; warning
    @(71.7500 mm, 18.1500 mm): Segment of R1 on F.Silkscreen
    @(70.5000 mm, 18.8100 mm): PTH pad 1 [D13_BUZZER_GPIO13] of R1
[silk_over_copper]: Silkscreen clipped by solder mask
    Local override; warning
    @(48.9000 mm, 42.3500 mm): Footprint text of J6 (TOP; pins solder backside)
    @(44.5000 mm, 41.0000 mm): PTH pad 1 [BTN_UP_GPIO21] of SW5
[silk_over_copper]: Silkscreen clipped by solder mask
    Local override; warning
    @(73.7000 mm, 26.1100 mm): Segment of J6 on F.Silkscreen
    @(74.6500 mm, 39.5400 mm): PTH pad 2 [3V3] of J7
[silk_over_copper]: Silkscreen clipped by solder mask
    Local override; warning
    @(73.7000 mm, 26.1100 mm): Segment of J6 on F.Silkscreen
    @(74.6500 mm, 37.0000 mm): PTH pad 3 [GND] of J7
[silk_over_copper]: Silkscreen clipped by solder mask
    Local override; warning
    @(73.7000 mm, 26.1100 mm): Segment of J6 on F.Silkscreen
    @(74.6500 mm, 34.4600 mm): PTH pad 4 [SCL] of J7
[silk_over_copper]: Silkscreen clipped by solder mask
    Local override; warning
    @(73.7000 mm, 26.1100 mm): Segment of J6 on F.Silkscreen
    @(74.6500 mm, 31.9200 mm): PTH pad 5 [SDA] of J7
[silk_over_copper]: Silkscreen clipped by solder mask
    Local override; warning
    @(73.7000 mm, 26.1100 mm): Segment of J6 on F.Silkscreen
    @(74.6500 mm, 42.0800 mm): PTH pad 1 [3V3] of J7
[silk_over_copper]: Silkscreen clipped by solder mask
    Local override; warning
    @(48.3000 mm, 43.8900 mm): Segment of J6 on F.Silkscreen
    @(48.1900 mm, 38.2000 mm): PTH pad 2 [SPI_MISO] of J3
[silk_over_copper]: Silkscreen clipped by solder mask
    Local override; warning
    @(80.0000 mm, 28.5000 mm): PCB text 'R2 100k base to GND; Q1 S8050 E-B-C' on F.Silkscreen
    @(79.6850 mm, 23.1600 mm): PTH pad 14 [GPS_RX_THING_TX] of J10
[silk_over_copper]: Silkscreen clipped by solder mask
    Local override; warning
    @(78.0000 mm, 15.0000 mm): Circle of Q1 on F.Silkscreen
    @(78.0000 mm, 17.5400 mm): PTH pad 1 [GND] of Q1
[silk_over_copper]: Silkscreen clipped by solder mask
    Local override; warning
    @(78.0000 mm, 15.0000 mm): Circle of Q1 on F.Silkscreen
    @(78.0000 mm, 12.4600 mm): PTH pad 3 [BUZZER_LOW] of Q1
[silk_over_copper]: Silkscreen clipped by solder mask
    Local override; warning
    @(77.2000 mm, 15.0000 mm): Reference field of R2
    @(78.0000 mm, 15.0000 mm): PTH pad 2 [BUZZER_BASE] of Q1
[silk_over_copper]: Silkscreen clipped by solder mask
    Local override; warning
    @(85.0000 mm, 9.8000 mm): Reference field of BZ1
    @(85.0000 mm, 8.2500 mm): PTH pad 1 [SW_BAT] of J2
[silk_over_copper]: Silkscreen clipped by solder mask
    Local override; warning
    @(85.0000 mm, 13.0000 mm): Circle of BZ1 on F.Silkscreen
    @(85.0000 mm, 8.2500 mm): PTH pad 1 [SW_BAT] of J2
[silk_over_copper]: Silkscreen clipped by solder mask
    Local override; warning
    @(85.0000 mm, 13.0000 mm): Circle of BZ1 on F.Silkscreen
    @(87.0000 mm, 8.2500 mm): PTH pad 2 [GND] of J2
[silk_over_copper]: Silkscreen clipped by solder mask
    Local override; warning
    @(83.0000 mm, 8.5000 mm): Segment of J2 on F.Silkscreen
    @(85.0000 mm, 8.2500 mm): PTH pad 1 [SW_BAT] of J2
[silk_over_copper]: Silkscreen clipped by solder mask
    Local override; warning
    @(83.0000 mm, 8.5000 mm): Segment of J2 on F.Silkscreen
    @(87.0000 mm, 8.2500 mm): PTH pad 2 [GND] of J2
[silk_over_copper]: Silkscreen clipped by solder mask
    Local override; warning
    @(89.0000 mm, 8.5000 mm): Segment of J2 on F.Silkscreen
    @(88.5000 mm, 13.0000 mm): PTH pad 2 [BUZZER_LOW] of BZ1
[silk_over_copper]: Silkscreen clipped by solder mask
    Local override; warning
    @(87.0000 mm, 7.1000 mm): Reference field of J2
    @(87.0000 mm, 8.2500 mm): PTH pad 2 [GND] of J2
[silk_overlap]: Silkscreen clearance
    Rule: board setup constraints silk; warning
    @(79.5000 mm, 49.0000 mm): Segment of J5 on B.Silkscreen
    @(73.0000 mm, 49.0000 mm): PCB text 'J5 HGLRC M100 manual pin order: RX TX VCC GND' on B.Silkscreen
[silk_overlap]: Silkscreen clearance
    Rule: board setup constraints silk; warning
    @(73.0000 mm, 49.0000 mm): PCB text 'J5 HGLRC M100 manual pin order: RX TX VCC GND' on B.Silkscreen
    @(72.0000 mm, 49.0000 mm): PCB text 'J1 bottom LiPo JST' on B.Silkscreen
[silk_overlap]: Silkscreen clearance
    Rule: board setup constraints silk; warning
    @(79.5000 mm, 49.0000 mm): Segment of J5 on B.Silkscreen
    @(72.0000 mm, 49.0000 mm): PCB text 'J1 bottom LiPo JST' on B.Silkscreen
[silk_overlap]: Silkscreen clearance
    Rule: board setup constraints silk; warning
    @(79.5000 mm, 34.0000 mm): Segment of J5 on B.Silkscreen
    @(72.0000 mm, 49.0000 mm): PCB text 'J1 bottom LiPo JST' on B.Silkscreen
[silk_overlap]: Silkscreen clearance
    Rule: board setup constraints silk; warning
    @(43.0000 mm, 22.0000 mm): Segment of J3 on B.Silkscreen
    @(43.0000 mm, 22.0000 mm): PCB text 'Back side: optional external SD plus HGLRC M100' on B.Silkscreen
[silk_overlap]: Silkscreen clearance
    Rule: board setup constraints silk; warning
    @(43.0000 mm, 22.0000 mm): PCB text 'Back side: optional external SD plus HGLRC M100' on B.Silkscreen
    @(61.0000 mm, 22.0000 mm): Segment of J3 on B.Silkscreen
[silk_overlap]: Silkscreen clearance
    Rule: board setup constraints silk; warning
    @(79.5000 mm, 34.0000 mm): Segment of J5 on B.Silkscreen
    @(81.0000 mm, 46.5000 mm): Segment of J1 on B.Silkscreen
[silk_overlap]: Silkscreen clearance
    Rule: board setup constraints silk; warning
    @(79.5000 mm, 34.0000 mm): Segment of J5 on B.Silkscreen
    @(75.0000 mm, 40.5000 mm): Segment of J1 on B.Silkscreen
[silk_overlap]: Silkscreen clearance
    Rule: board setup constraints silk; warning
    @(65.0000 mm, 35.3000 mm): Footprint text of J5 (BACK HGLRC M100)
    @(64.5000 mm, 49.0000 mm): Segment of J5 on B.Silkscreen
[silk_overlap]: Silkscreen clearance
    Rule: board setup constraints silk; warning
    @(65.0000 mm, 47.7000 mm): Footprint text of J5 (manual: RX TX VCC GND)
    @(64.5000 mm, 49.0000 mm): Segment of J5 on B.Silkscreen
[silk_overlap]: Silkscreen clearance
    Rule: board setup constraints silk; warning
    @(65.0000 mm, 35.3000 mm): Footprint text of J5 (BACK HGLRC M100)
    @(61.0000 mm, 22.0000 mm): Segment of J3 on B.Silkscreen
[silk_overlap]: Silkscreen clearance
    Rule: board setup constraints silk; warning
    @(43.0000 mm, 40.0000 mm): Segment of J3 on B.Silkscreen
    @(43.5000 mm, 23.2000 mm): Footprint text of J3 (BACK SD)
[silk_overlap]: Silkscreen clearance
    Rule: board setup constraints silk; warning
    @(43.0000 mm, 40.0000 mm): Segment of J3 on B.Silkscreen
    @(43.5000 mm, 38.6000 mm): Footprint text of J3 (1 GND 2 MISO 3 CLK 4 MOSI 5 CS 6 3V3)
[silk_over_copper]: Silkscreen clipped by solder mask
    Local override; warning
    @(73.0000 mm, 49.0000 mm): PCB text 'J5 HGLRC M100 manual pin order: RX TX VCC GND' on B.Silkscreen
    @(79.0000 mm, 46.7500 mm): PTH pad 1 [BAT_IN] of J1
[silk_over_copper]: Silkscreen clipped by solder mask
    Local override; warning
    @(72.0000 mm, 49.0000 mm): PCB text 'J1 bottom LiPo JST' on B.Silkscreen
    @(79.0000 mm, 46.7500 mm): PTH pad 1 [BAT_IN] of J1
[silk_over_copper]: Silkscreen clipped by solder mask
    Local override; warning
    @(43.0000 mm, 22.0000 mm): PCB text 'Back side: optional external SD plus HGLRC M100' on B.Silkscreen
    @(59.3650 mm, 23.1600 mm): PTH pad 22 [<no net>] of J10
[silk_over_copper]: Silkscreen clipped by solder mask
    Local override; warning
    @(43.0000 mm, 22.0000 mm): PCB text 'Back side: optional external SD plus HGLRC M100' on B.Silkscreen
    @(61.9050 mm, 23.1600 mm): PTH pad 21 [<no net>] of J10
[silk_over_copper]: Silkscreen clipped by solder mask
    Local override; warning
    @(73.0000 mm, 49.0000 mm): PCB text 'J5 HGLRC M100 manual pin order: RX TX VCC GND' on B.Silkscreen
    @(77.0000 mm, 46.7500 mm): PTH pad 2 [GND] of J1
[silk_over_copper]: Silkscreen clipped by solder mask
    Local override; warning
    @(72.0000 mm, 49.0000 mm): PCB text 'J1 bottom LiPo JST' on B.Silkscreen
    @(77.0000 mm, 46.7500 mm): PTH pad 2 [GND] of J1
[silk_over_copper]: Silkscreen clipped by solder mask
    Local override; warning
    @(77.0000 mm, 47.9000 mm): Reference field of J1
    @(77.0000 mm, 46.7500 mm): PTH pad 2 [GND] of J1
[silk_over_copper]: Silkscreen clipped by solder mask
    Local override; warning
    @(77.0000 mm, 47.9000 mm): Reference field of J1
    @(75.8100 mm, 47.2000 mm): PTH pad 4 [GND] of J5
[silk_over_copper]: Silkscreen clipped by solder mask
    Local override; warning
    @(81.0000 mm, 46.5000 mm): Segment of J1 on B.Silkscreen
    @(79.0000 mm, 46.7500 mm): PTH pad 1 [BAT_IN] of J1
[silk_over_copper]: Silkscreen clipped by solder mask
    Local override; warning
    @(81.0000 mm, 46.5000 mm): Segment of J1 on B.Silkscreen
    @(77.0000 mm, 46.7500 mm): PTH pad 2 [GND] of J1
[silk_over_copper]: Silkscreen clipped by solder mask
    Local override; warning
    @(81.0000 mm, 46.5000 mm): Segment of J1 on B.Silkscreen
    @(75.8100 mm, 47.2000 mm): PTH pad 4 [GND] of J5
[silk_over_copper]: Silkscreen clipped by solder mask
    Local override; warning
    @(75.0000 mm, 46.5000 mm): Segment of J1 on B.Silkscreen
    @(74.6500 mm, 42.0800 mm): PTH pad 1 [3V3] of J7
[silk_over_copper]: Silkscreen clipped by solder mask
    Local override; warning
    @(64.5000 mm, 34.0000 mm): Segment of J5 on B.Silkscreen
    @(74.6500 mm, 34.4600 mm): PTH pad 4 [SCL] of J7
[silk_over_copper]: Silkscreen clipped by solder mask
    Local override; warning
    @(79.5000 mm, 34.0000 mm): Segment of J5 on B.Silkscreen
    @(79.0000 mm, 46.7500 mm): PTH pad 1 [BAT_IN] of J1
[silk_over_copper]: Silkscreen clipped by solder mask
    Local override; warning
    @(65.0000 mm, 47.7000 mm): Footprint text of J5 (manual: RX TX VCC GND)
    @(68.1900 mm, 47.2000 mm): PTH pad 1 [GPS_RX_THING_TX] of J5
[silk_over_copper]: Silkscreen clipped by solder mask
    Local override; warning
    @(43.0000 mm, 22.0000 mm): PCB text 'Back side: optional external SD plus HGLRC M100' on B.Silkscreen
    @(44.1250 mm, 23.1600 mm): PTH pad 28 [<no net>] of J10
[silk_over_copper]: Silkscreen clipped by solder mask
    Local override; warning
    @(43.0000 mm, 22.0000 mm): PCB text 'Back side: optional external SD plus HGLRC M100' on B.Silkscreen
    @(46.6650 mm, 23.1600 mm): PTH pad 27 [3V3] of J10
[silk_over_copper]: Silkscreen clipped by solder mask
    Local override; warning
    @(43.5000 mm, 23.2000 mm): Footprint text of J3 (BACK SD)
    @(44.1250 mm, 23.1600 mm): PTH pad 28 [<no net>] of J10
[silk_over_copper]: Silkscreen clipped by solder mask
    Local override; warning
    @(43.5000 mm, 23.2000 mm): Footprint text of J3 (BACK SD)
    @(46.6650 mm, 23.1600 mm): PTH pad 27 [3V3] of J10
[silk_over_copper]: Silkscreen clipped by solder mask
    Local override; warning
    @(43.0000 mm, 22.0000 mm): PCB text 'Back side: optional external SD plus HGLRC M100' on B.Silkscreen
    @(49.2050 mm, 23.1600 mm): PTH pad 26 [<no net>] of J10
[silk_over_copper]: Silkscreen clipped by solder mask
    Local override; warning
    @(43.0000 mm, 22.0000 mm): PCB text 'Back side: optional external SD plus HGLRC M100' on B.Silkscreen
    @(51.7450 mm, 23.1600 mm): PTH pad 25 [GND] of J10
[silk_over_copper]: Silkscreen clipped by solder mask
    Local override; warning
    @(43.0000 mm, 22.0000 mm): PCB text 'Back side: optional external SD plus HGLRC M100' on B.Silkscreen
    @(54.2850 mm, 23.1600 mm): PTH pad 24 [<no net>] of J10
[silk_over_copper]: Silkscreen clipped by solder mask
    Local override; warning
    @(43.0000 mm, 22.0000 mm): PCB text 'Back side: optional external SD plus HGLRC M100' on B.Silkscreen
    @(56.8250 mm, 23.1600 mm): PTH pad 23 [<no net>] of J10
[silk_over_copper]: Silkscreen clipped by solder mask
    Local override; warning
    @(43.5000 mm, 38.6000 mm): Footprint text of J3 (1 GND 2 MISO 3 CLK 4 MOSI 5 CS 6 3V3)
    @(45.6500 mm, 38.2000 mm): PTH pad 1 [GND] of J3
[silk_over_copper]: Silkscreen clipped by solder mask
    Local override; warning
    @(43.5000 mm, 38.6000 mm): Footprint text of J3 (1 GND 2 MISO 3 CLK 4 MOSI 5 CS 6 3V3)
    @(48.1900 mm, 38.2000 mm): PTH pad 2 [SPI_MISO] of J3
[silk_over_copper]: Silkscreen clipped by solder mask
    Local override; warning
    @(43.5000 mm, 38.6000 mm): Footprint text of J3 (1 GND 2 MISO 3 CLK 4 MOSI 5 CS 6 3V3)
    @(50.7300 mm, 38.2000 mm): PTH pad 3 [SPI_SCK] of J3
[silk_over_copper]: Silkscreen clipped by solder mask
    Local override; warning
    @(61.0000 mm, 22.0000 mm): Segment of J3 on B.Silkscreen
    @(61.9050 mm, 23.1600 mm): PTH pad 21 [<no net>] of J10
[silk_over_copper]: Silkscreen clipped by solder mask
    Local override; warning
    @(61.0000 mm, 40.0000 mm): Segment of J3 on B.Silkscreen
    @(44.5000 mm, 41.0000 mm): PTH pad 1 [BTN_UP_GPIO21] of SW5
[nonmirrored_text_on_back_layer]: Non-Mirrored text on back layer
    Local override; warning
    @(73.0000 mm, 49.0000 mm): PCB text 'J5 HGLRC M100 manual pin order: RX TX VCC GND' on B.Silkscreen
[nonmirrored_text_on_back_layer]: Non-Mirrored text on back layer
    Local override; warning
    @(43.0000 mm, 22.0000 mm): PCB text 'Back side: optional external SD plus HGLRC M100' on B.Silkscreen
[nonmirrored_text_on_back_layer]: Non-Mirrored text on back layer
    Local override; warning
    @(72.0000 mm, 49.0000 mm): PCB text 'J1 bottom LiPo JST' on B.Silkscreen
[nonmirrored_text_on_back_layer]: Non-Mirrored text on back layer
    Local override; warning
    @(77.0000 mm, 47.9000 mm): Reference field of J1
[nonmirrored_text_on_back_layer]: Non-Mirrored text on back layer
    Local override; warning
    @(52.0000 mm, 31.0000 mm): Reference field of J3
[nonmirrored_text_on_back_layer]: Non-Mirrored text on back layer
    Local override; warning
    @(43.5000 mm, 23.2000 mm): Footprint text of J3 (BACK SD)
[nonmirrored_text_on_back_layer]: Non-Mirrored text on back layer
    Local override; warning
    @(43.5000 mm, 38.6000 mm): Footprint text of J3 (1 GND 2 MISO 3 CLK 4 MOSI 5 CS 6 3V3)
[nonmirrored_text_on_back_layer]: Non-Mirrored text on back layer
    Local override; warning
    @(72.0000 mm, 41.5000 mm): Reference field of J5
[nonmirrored_text_on_back_layer]: Non-Mirrored text on back layer
    Local override; warning
    @(65.0000 mm, 35.3000 mm): Footprint text of J5 (BACK HGLRC M100)
[nonmirrored_text_on_back_layer]: Non-Mirrored text on back layer
    Local override; warning
    @(65.0000 mm, 47.7000 mm): Footprint text of J5 (manual: RX TX VCC GND)

** Found 60 unconnected pads **
[unconnected_items]: Missing connection between items
    Local override; error
    @(15.7000 mm, 9.5000 mm): PTH pad 1 [SW_BAT] of C2
    @(25.0000 mm, 14.5000 mm): PTH pad 1 [SW_BAT] of SW1
[unconnected_items]: Missing connection between items
    Local override; error
    @(21.5000 mm, 4.2000 mm): PTH pad 1 [SW_BAT] of C1
    @(15.7000 mm, 9.5000 mm): PTH pad 1 [SW_BAT] of C2
[unconnected_items]: Missing connection between items
    Local override; error
    @(54.2850 mm, 2.8400 mm): PTH pad 12 [SW_BAT] of J10
    @(25.0000 mm, 14.5000 mm): PTH pad 1 [SW_BAT] of SW1
[unconnected_items]: Missing connection between items
    Local override; error
    @(72.0000 mm, 8.0000 mm): PTH pad 1 [SW_BAT] of D1
    @(54.2850 mm, 2.8400 mm): PTH pad 12 [SW_BAT] of J10
[unconnected_items]: Missing connection between items
    Local override; error
    @(81.5000 mm, 13.0000 mm): PTH pad 1 [SW_BAT] of BZ1
    @(85.0000 mm, 8.2500 mm): PTH pad 1 [SW_BAT] of J2
[unconnected_items]: Missing connection between items
    Local override; error
    @(81.5000 mm, 13.0000 mm): PTH pad 1 [SW_BAT] of BZ1
    @(72.0000 mm, 8.0000 mm): PTH pad 1 [SW_BAT] of D1
[unconnected_items]: Missing connection between items
    Local override; error
    @(4.0000 mm, 45.5000 mm): PTH pad 2 [GND] of SW2
    @(10.5000 mm, 45.5000 mm): PTH pad 2 [GND] of SW2
[unconnected_items]: Missing connection between items
    Local override; error
    @(10.5000 mm, 45.5000 mm): PTH pad 2 [GND] of SW2
    @(14.0000 mm, 45.5000 mm): PTH pad 2 [GND] of SW3
[unconnected_items]: Missing connection between items
    Local override; error
    @(20.5000 mm, 45.5000 mm): PTH pad 2 [GND] of SW3
    @(24.0000 mm, 45.5000 mm): PTH pad 2 [GND] of SW4
[unconnected_items]: Missing connection between items
    Local override; error
    @(20.5000 mm, 45.5000 mm): PTH pad 2 [GND] of SW3
    @(14.0000 mm, 45.5000 mm): PTH pad 2 [GND] of SW3
[unconnected_items]: Missing connection between items
    Local override; error
    @(20.7000 mm, 9.5000 mm): PTH pad 2 [GND] of C2
    @(17.7000 mm, 5.5300 mm): PTH pad 2 [GND] of U1
[unconnected_items]: Missing connection between items
    Local override; error
    @(23.5000 mm, 4.2000 mm): PTH pad 2 [GND] of C1
    @(17.7000 mm, 5.5300 mm): PTH pad 2 [GND] of U1
[unconnected_items]: Missing connection between items
    Local override; error
    @(30.5000 mm, 45.5000 mm): PTH pad 2 [GND] of SW4
    @(24.0000 mm, 45.5000 mm): PTH pad 2 [GND] of SW4
[unconnected_items]: Missing connection between items
    Local override; error
    @(30.5000 mm, 45.5000 mm): PTH pad 2 [GND] of SW4
    @(38.0000 mm, 45.5000 mm): PTH pad 2 [GND] of SW5
[unconnected_items]: Missing connection between items
    Local override; error
    @(34.5100 mm, 35.4100 mm): PTH pad 1 [GND] of J11
    @(20.7000 mm, 9.5000 mm): PTH pad 2 [GND] of C2
[unconnected_items]: Missing connection between items
    Local override; error
    @(38.0000 mm, 45.5000 mm): PTH pad 2 [GND] of SW5
    @(34.5100 mm, 35.4100 mm): PTH pad 1 [GND] of J11
[unconnected_items]: Missing connection between items
    Local override; error
    @(44.5000 mm, 45.5000 mm): PTH pad 2 [GND] of SW5
    @(38.0000 mm, 45.5000 mm): PTH pad 2 [GND] of SW5
[unconnected_items]: Missing connection between items
    Local override; error
    @(45.6500 mm, 38.2000 mm): PTH pad 1 [GND] of J3
    @(44.5000 mm, 45.5000 mm): PTH pad 2 [GND] of SW5
[unconnected_items]: Missing connection between items
    Local override; error
    @(51.7450 mm, 23.1600 mm): PTH pad 25 [GND] of J10
    @(57.1900 mm, 28.6500 mm): PTH pad 3 [GND] of J6
[unconnected_items]: Missing connection between items
    Local override; error
    @(57.1900 mm, 28.6500 mm): PTH pad 3 [GND] of J6
    @(45.6500 mm, 38.2000 mm): PTH pad 1 [GND] of J3
[unconnected_items]: Missing connection between items
    Local override; error
    @(57.1900 mm, 28.6500 mm): PTH pad 3 [GND] of J6
    @(74.6500 mm, 37.0000 mm): PTH pad 3 [GND] of J7
[unconnected_items]: Missing connection between items
    Local override; error
    @(74.0000 mm, 18.8100 mm): PTH pad 2 [GND] of R2
    @(74.6500 mm, 37.0000 mm): PTH pad 3 [GND] of J7
[unconnected_items]: Missing connection between items
    Local override; error
    @(77.0000 mm, 46.7500 mm): PTH pad 2 [GND] of J1
    @(74.6500 mm, 37.0000 mm): PTH pad 3 [GND] of J7
[unconnected_items]: Missing connection between items
    Local override; error
    @(78.0000 mm, 17.5400 mm): PTH pad 1 [GND] of Q1
    @(74.0000 mm, 18.8100 mm): PTH pad 2 [GND] of R2
[unconnected_items]: Missing connection between items
    Local override; error
    @(78.0000 mm, 17.5400 mm): PTH pad 1 [GND] of Q1
    @(87.0000 mm, 8.2500 mm): PTH pad 2 [GND] of J2
[unconnected_items]: Missing connection between items
    Local override; error
    @(74.0000 mm, 11.1900 mm): PTH pad 1 [BUZZER_BASE] of R2
    @(70.5000 mm, 11.1900 mm): PTH pad 2 [BUZZER_BASE] of R1
[unconnected_items]: Missing connection between items
    Local override; error
    @(78.0000 mm, 15.0000 mm): PTH pad 2 [BUZZER_BASE] of Q1
    @(74.0000 mm, 11.1900 mm): PTH pad 1 [BUZZER_BASE] of R2
[unconnected_items]: Missing connection between items
    Local override; error
    @(25.0000 mm, 12.0000 mm): PTH pad 2 [BAT_IN] of SW1
    @(17.7000 mm, 8.0700 mm): PTH pad 1 [BAT_IN] of U1
[unconnected_items]: Missing connection between items
    Local override; error
    @(79.0000 mm, 46.7500 mm): PTH pad 1 [BAT_IN] of J1
    @(25.0000 mm, 12.0000 mm): PTH pad 2 [BAT_IN] of SW1
[unconnected_items]: Missing connection between items
    Local override; error
    @(80.0000 mm, 8.0000 mm): PTH pad 2 [BUZZER_LOW] of D1
    @(78.0000 mm, 12.4600 mm): PTH pad 3 [BUZZER_LOW] of Q1
[unconnected_items]: Missing connection between items
    Local override; error
    @(88.5000 mm, 13.0000 mm): PTH pad 2 [BUZZER_LOW] of BZ1
    @(80.0000 mm, 8.0000 mm): PTH pad 2 [BUZZER_LOW] of D1
[unconnected_items]: Missing connection between items
    Local override; error
    @(61.9050 mm, 2.8400 mm): PTH pad 9 [D13_BUZZER_GPIO13] of J10
    @(68.0000 mm, 15.0000 mm): PTH pad e [D13_BUZZER_GPIO13] of J4
[unconnected_items]: Missing connection between items
    Local override; error
    @(68.0000 mm, 15.0000 mm): PTH pad e [D13_BUZZER_GPIO13] of J4
    @(70.5000 mm, 18.8100 mm): PTH pad 1 [D13_BUZZER_GPIO13] of R1
[unconnected_items]: Missing connection between items
    Local override; error
    @(48.1900 mm, 38.2000 mm): PTH pad 2 [SPI_MISO] of J3
    @(74.6050 mm, 23.1600 mm): PTH pad 16 [SPI_MISO] of J10
[unconnected_items]: Missing connection between items
    Local override; error
    @(50.7300 mm, 38.2000 mm): PTH pad 3 [SPI_SCK] of J3
    @(69.5250 mm, 23.1600 mm): PTH pad 18 [SPI_SCK] of J10
[unconnected_items]: Missing connection between items
    Local override; error
    @(53.2700 mm, 38.2000 mm): PTH pad 4 [SPI_MOSI] of J3
    @(72.0650 mm, 23.1600 mm): PTH pad 17 [SPI_MOSI] of J10
[unconnected_items]: Missing connection between items
    Local override; error
    @(55.8100 mm, 38.2000 mm): PTH pad 5 [SD_CS_GPIO2] of J3
    @(66.9850 mm, 2.8400 mm): PTH pad 7 [SD_CS_GPIO2] of J10
[unconnected_items]: Missing connection between items
    Local override; error
    @(46.6650 mm, 23.1600 mm): PTH pad 27 [3V3] of J10
    @(52.1100 mm, 28.6500 mm): PTH pad 1 [3V3] of J6
[unconnected_items]: Missing connection between items
    Local override; error
    @(46.6650 mm, 23.1600 mm): PTH pad 27 [3V3] of J10
    @(34.5100 mm, 37.9500 mm): PTH pad 2 [3V3] of J11
[unconnected_items]: Missing connection between items
    Local override; error
    @(54.6500 mm, 28.6500 mm): PTH pad 2 [3V3] of J6
    @(52.1100 mm, 28.6500 mm): PTH pad 1 [3V3] of J6
[unconnected_items]: Missing connection between items
    Local override; error
    @(54.6500 mm, 28.6500 mm): PTH pad 2 [3V3] of J6
    @(58.3500 mm, 38.2000 mm): PTH pad 6 [3V3] of J3
[unconnected_items]: Missing connection between items
    Local override; error
    @(73.2700 mm, 47.2000 mm): PTH pad 3 [3V3] of J5
    @(74.6500 mm, 42.0800 mm): PTH pad 1 [3V3] of J7
[unconnected_items]: Missing connection between items
    Local override; error
    @(74.6500 mm, 39.5400 mm): PTH pad 2 [3V3] of J7
    @(58.3500 mm, 38.2000 mm): PTH pad 6 [3V3] of J3
[unconnected_items]: Missing connection between items
    Local override; error
    @(74.6500 mm, 42.0800 mm): PTH pad 1 [3V3] of J7
    @(74.6500 mm, 39.5400 mm): PTH pad 2 [3V3] of J7
[unconnected_items]: Missing connection between items
    Local override; error
    @(59.7300 mm, 28.6500 mm): PTH pad 4 [SCL] of J6
    @(74.6500 mm, 34.4600 mm): PTH pad 4 [SCL] of J7
[unconnected_items]: Missing connection between items
    Local override; error
    @(59.7300 mm, 28.6500 mm): PTH pad 4 [SCL] of J6
    @(34.5100 mm, 43.0300 mm): PTH pad 4 [SCL] of J11
[unconnected_items]: Missing connection between items
    Local override; error
    @(74.6500 mm, 34.4600 mm): PTH pad 4 [SCL] of J7
    @(79.6850 mm, 2.8400 mm): PTH pad 2 [SCL] of J10
[unconnected_items]: Missing connection between items
    Local override; error
    @(64.8100 mm, 28.6500 mm): PTH pad 6 [SDA] of J6
    @(74.6500 mm, 31.9200 mm): PTH pad 5 [SDA] of J7
[unconnected_items]: Missing connection between items
    Local override; error
    @(64.8100 mm, 28.6500 mm): PTH pad 6 [SDA] of J6
    @(34.5100 mm, 40.4900 mm): PTH pad 3 [SDA] of J11
[unconnected_items]: Missing connection between items
    Local override; error
    @(74.6500 mm, 31.9200 mm): PTH pad 5 [SDA] of J7
    @(82.2250 mm, 2.8400 mm): PTH pad 1 [SDA] of J10
[unconnected_items]: Missing connection between items
    Local override; error
    @(24.0000 mm, 41.0000 mm): PTH pad 1 [BTN_DOWN_GPIO5] of SW4
    @(30.5000 mm, 41.0000 mm): PTH pad 1 [BTN_DOWN_GPIO5] of SW4
[unconnected_items]: Missing connection between items
    Local override; error
    @(30.5000 mm, 41.0000 mm): PTH pad 1 [BTN_DOWN_GPIO5] of SW4
    @(74.6050 mm, 2.8400 mm): PTH pad 4 [BTN_DOWN_GPIO5] of J10
[unconnected_items]: Missing connection between items
    Local override; error
    @(14.0000 mm, 41.0000 mm): PTH pad 1 [BTN_NEXT_GPIO4] of SW3
    @(20.5000 mm, 41.0000 mm): PTH pad 1 [BTN_NEXT_GPIO4] of SW3
[unconnected_items]: Missing connection between items
    Local override; error
    @(20.5000 mm, 41.0000 mm): PTH pad 1 [BTN_NEXT_GPIO4] of SW3
    @(72.0650 mm, 2.8400 mm): PTH pad 5 [BTN_NEXT_GPIO4] of J10
[unconnected_items]: Missing connection between items
    Local override; error
    @(4.0000 mm, 41.0000 mm): PTH pad 1 [BTN_BACK_GPIO3] of SW2
    @(10.5000 mm, 41.0000 mm): PTH pad 1 [BTN_BACK_GPIO3] of SW2
[unconnected_items]: Missing connection between items
    Local override; error
    @(10.5000 mm, 41.0000 mm): PTH pad 1 [BTN_BACK_GPIO3] of SW2
    @(69.5250 mm, 2.8400 mm): PTH pad 6 [BTN_BACK_GPIO3] of J10
[unconnected_items]: Missing connection between items
    Local override; error
    @(38.0000 mm, 41.0000 mm): PTH pad 1 [BTN_UP_GPIO21] of SW5
    @(44.5000 mm, 41.0000 mm): PTH pad 1 [BTN_UP_GPIO21] of SW5
[unconnected_items]: Missing connection between items
    Local override; error
    @(44.5000 mm, 41.0000 mm): PTH pad 1 [BTN_UP_GPIO21] of SW5
    @(82.2250 mm, 23.1600 mm): PTH pad 13 [BTN_UP_GPIO21] of J10
[unconnected_items]: Missing connection between items
    Local override; error
    @(68.1900 mm, 47.2000 mm): PTH pad 1 [GPS_RX_THING_TX] of J5
    @(79.6850 mm, 23.1600 mm): PTH pad 14 [GPS_RX_THING_TX] of J10
[unconnected_items]: Missing connection between items
    Local override; error
    @(70.7300 mm, 47.2000 mm): PTH pad 2 [GPS_TX_THING_RX] of J5
    @(77.1450 mm, 23.1600 mm): PTH pad 15 [GPS_TX_THING_RX] of J10

** Found 0 Footprint errors **

** Ignored checks **
    - Footprint has no courtyard defined
    - Track endpoint not centered on via
    - Tuning profile track geometries
    - Footprint doesn't match symbol's footprint filters
    - Footprint component type doesn't match footprint pads

** End of Report **
