ERC report (2026-06-23T23:23:59, Encoding UTF8)
Report includes: Errors, Warnings

***** Sheet /
[power_pin_not_driven]: Input Power pin not driven by any Output Power pins
    ; error
    @(37.46 mm, 107.46 mm): Symbol U2 Pin 1 [Vin, Power input, Line]
[pin_not_connected]: Pin not connected
    ; error
    @(42.30 mm, 53.52 mm): Symbol J10 Pin 12 [V_BATT, Passive, Line]
[pin_not_connected]: Pin not connected
    ; error
    @(42.30 mm, 56.06 mm): Symbol J10 Pin 10 [V_USB, Passive, Line]
[pin_not_connected]: Pin not connected
    ; error
    @(42.30 mm, 58.60 mm): Symbol J10 Pin 27 [3V3, Passive, Line]
[pin_not_connected]: Pin not connected
    ; error
    @(42.30 mm, 61.14 mm): Symbol J10 Pin 28 [RESET, Passive, Line]
[pin_not_connected]: Pin not connected
    ; error
    @(42.30 mm, 63.68 mm): Symbol J10 Pin 11 [EN, Passive, Line]
[pin_not_connected]: Pin not connected
    ; error
    @(42.30 mm, 66.22 mm): Symbol J10 Pin 25 [GND, Passive, Line]
[pin_not_connected]: Pin not connected
    ; error
    @(42.30 mm, 68.76 mm): Symbol J10 Pin 1 [SDA/ESP21, Passive, Line]
[pin_not_connected]: Pin not connected
    ; error
    @(42.30 mm, 71.30 mm): Symbol J10 Pin 2 [SCL/ESP22, Passive, Line]
[pin_not_connected]: Pin not connected
    ; error
    @(42.30 mm, 73.84 mm): Symbol J10 Pin 16 [MISO/POCI_ESP19, Passive, Line]
[pin_not_connected]: Pin not connected
    ; error
    @(42.30 mm, 76.38 mm): Symbol J10 Pin 17 [MOSI/PICO_ESP23, Passive, Line]
[pin_not_connected]: Pin not connected
    ; error
    @(42.30 mm, 78.92 mm): Symbol J10 Pin 18 [SCK_ESP18, Passive, Line]
[pin_not_connected]: Pin not connected
    ; error
    @(67.70 mm, 68.76 mm): Symbol J10 Pin 6 [GPIO3/ESP33, Passive, Line]
[pin_not_connected]: Pin not connected
    ; error
    @(67.70 mm, 71.30 mm): Symbol J10 Pin 5 [GPIO4/ESP15, Passive, Line]
[pin_not_connected]: Pin not connected
    ; error
    @(67.70 mm, 73.84 mm): Symbol J10 Pin 4 [GPIO5/ESP32, Passive, Line]
[pin_not_connected]: Pin not connected
    ; error
    @(67.70 mm, 78.92 mm): Symbol J10 Pin 7 [GPIO2/ESP27, Passive, Line]
[pin_not_connected]: Pin not connected
    ; error
    @(67.70 mm, 81.46 mm): Symbol J10 Pin 8 [GPIO1/ESP12, Passive, Line]
[pin_not_connected]: Pin not connected
    ; error
    @(67.70 mm, 84.00 mm): Symbol J10 Pin 3 [GPIO6/ESP14, Passive, Line]
[pin_not_connected]: Pin not connected
    ; error
    @(67.70 mm, 86.54 mm): Symbol J10 Pin 24 [A0/ESP26, Passive, Line]
[pin_not_connected]: Pin not connected
    ; error
    @(67.70 mm, 101.78 mm): Symbol J10 Pin 26 [AREF/NC, Passive, Line]
[power_pin_not_driven]: Input Power pin not driven by any Output Power pins
    ; error
    @(107.46 mm, 69.84 mm): Symbol J11 Pin 1 [3v3, Power input, Line]
[power_pin_not_driven]: Input Power pin not driven by any Output Power pins
    ; error
    @(107.46 mm, 72.38 mm): Symbol J11 Pin 2 [GND, Power input, Line]
[pin_not_connected]: Pin not connected
    ; error
    @(123.30 mm, 136.73 mm): Symbol J4 Pin 1 [+, Passive, Line]
[pin_not_connected]: Pin not connected
    ; error
    @(167.30 mm, 79.11 mm): Symbol J6 Pin 1 [VCC, Passive, Line]
[pin_not_connected]: Pin not connected
    ; error
    @(167.30 mm, 81.65 mm): Symbol J6 Pin 2 [3V3, Passive, Line]
[pin_not_connected]: Pin not connected
    ; error
    @(167.30 mm, 86.73 mm): Symbol J6 Pin 4 [SCK/SCL, Passive, Line]
[endpoint_off_grid]: Symbol pin or wire end off connection grid
    ; warning
    @(4.22 mm, 32.73 mm): Horizontal Wire, length 5.08 mm
[endpoint_off_grid]: Symbol pin or wire end off connection grid
    ; warning
    @(4.22 mm, 35.27 mm): Horizontal Wire, length 5.08 mm
[endpoint_off_grid]: Symbol pin or wire end off connection grid
    ; warning
    @(4.22 mm, 46.73 mm): Horizontal Wire, length 5.08 mm
[endpoint_off_grid]: Symbol pin or wire end off connection grid
    ; warning
    @(4.22 mm, 49.27 mm): Horizontal Wire, length 5.08 mm
[endpoint_off_grid]: Symbol pin or wire end off connection grid
    ; warning
    @(4.22 mm, 61.46 mm): Horizontal Wire, length 5.08 mm
[endpoint_off_grid]: Symbol pin or wire end off connection grid
    ; warning
    @(4.22 mm, 64.00 mm): Horizontal Wire, length 5.08 mm
[endpoint_off_grid]: Symbol pin or wire end off connection grid
    ; warning
    @(4.22 mm, 66.54 mm): Horizontal Wire, length 5.08 mm
[endpoint_off_grid]: Symbol pin or wire end off connection grid
    ; warning
    @(4.22 mm, 76.73 mm): Horizontal Wire, length 5.08 mm
[endpoint_off_grid]: Symbol pin or wire end off connection grid
    ; warning
    @(4.22 mm, 79.27 mm): Horizontal Wire, length 5.08 mm
[endpoint_off_grid]: Symbol pin or wire end off connection grid
    ; warning
    @(9.30 mm, 32.73 mm): Symbol U1 Pin 1 [BAT+, Passive, Line]
[endpoint_off_grid]: Symbol pin or wire end off connection grid
    ; warning
    @(9.30 mm, 46.73 mm): Symbol J1 Pin 1 [+, Passive, Line]
[endpoint_off_grid]: Symbol pin or wire end off connection grid
    ; warning
    @(9.30 mm, 61.46 mm): Symbol SW1 Pin 1 [ON, Passive, Line]
[endpoint_off_grid]: Symbol pin or wire end off connection grid
    ; warning
    @(9.30 mm, 76.73 mm): Symbol J2 Pin 1 [+, Passive, Line]
[footprint_link_issues]: The current configuration does not include the footprint library 'Vario_Buzzer_V2'
    ; warning
    @(22.00 mm, 34.00 mm): Symbol U1 [TP4057_Charger_2]
[footprint_link_issues]: Footprint 'SS12D00G5_Custom' not found in library 'Button_Switch_THT'
    ; warning
    @(22.00 mm, 64.00 mm): Symbol SW1 [SPDT_Switch_3]
[endpoint_off_grid]: Symbol pin or wire end off connection grid
    ; warning
    @(37.22 mm, 81.46 mm): Horizontal Wire, length 5.08 mm
[endpoint_off_grid]: Symbol pin or wire end off connection grid
    ; warning
    @(37.22 mm, 84.00 mm): Horizontal Wire, length 5.08 mm
[endpoint_off_grid]: Symbol pin or wire end off connection grid
    ; warning
    @(37.22 mm, 86.54 mm): Horizontal Wire, length 5.08 mm
[endpoint_off_grid]: Symbol pin or wire end off connection grid
    ; warning
    @(37.22 mm, 89.08 mm): Horizontal Wire, length 5.08 mm
[isolated_pin_label]: Label connected to only one pin
    ; warning
    @(37.22 mm, 89.08 mm): Label 'SPI_SCK'
[endpoint_off_grid]: Symbol pin or wire end off connection grid
    ; warning
    @(37.22 mm, 91.62 mm): Horizontal Wire, length 5.08 mm
[isolated_pin_label]: Label connected to only one pin
    ; warning
    @(37.22 mm, 91.62 mm): Label 'SPI_MOSI'
[endpoint_off_grid]: Symbol pin or wire end off connection grid
    ; warning
    @(37.22 mm, 94.16 mm): Horizontal Wire, length 5.08 mm
[isolated_pin_label]: Label connected to only one pin
    ; warning
    @(37.22 mm, 94.16 mm): Label 'SPI_MISO'
[endpoint_off_grid]: Symbol pin or wire end off connection grid
    ; warning
    @(37.22 mm, 96.70 mm): Horizontal Wire, length 5.08 mm
[endpoint_off_grid]: Symbol pin or wire end off connection grid
    ; warning
    @(37.22 mm, 99.24 mm): Horizontal Wire, length 5.08 mm
[endpoint_off_grid]: Symbol pin or wire end off connection grid
    ; warning
    @(37.22 mm, 101.78 mm): Horizontal Wire, length 5.08 mm
[endpoint_off_grid]: Symbol pin or wire end off connection grid
    ; warning
    @(37.22 mm, 109.40 mm): Horizontal Wire, length 5.08 mm
[endpoint_off_grid]: Symbol pin or wire end off connection grid
    ; warning
    @(37.22 mm, 114.48 mm): Horizontal Wire, length 5.08 mm
[endpoint_off_grid]: Symbol pin or wire end off connection grid
    ; warning
    @(37.46 mm, 107.46 mm): Symbol U2 Pin 1 [Vin, Power input, Line]
[footprint_link_issues]: The current configuration does not include the footprint library 'Vario_Buzzer_V2'
    ; warning
    @(40.00 mm, 110.00 mm): Symbol U2 [Comidox_5V_Booster_3]
[lib_symbol_mismatch]: Symbol 'Comidox_5V_Booster_3' doesn't match copy in library 'Vario_Buzzer_V2'
    ; warning
    @(40.00 mm, 110.00 mm): Symbol U2 [Comidox_5V_Booster_3]
[endpoint_off_grid]: Symbol pin or wire end off connection grid
    ; warning
    @(42.30 mm, 68.76 mm): Symbol J10 Pin 1 [SDA/ESP21, Passive, Line]
[unconnected_wire_endpoint]: Unconnected wire endpoint
    ; warning
    @(37.22 mm, 89.08 mm): Horizontal Wire, length 5.08 mm
[unconnected_wire_endpoint]: Unconnected wire endpoint
    ; warning
    @(37.22 mm, 91.62 mm): Horizontal Wire, length 5.08 mm
[unconnected_wire_endpoint]: Unconnected wire endpoint
    ; warning
    @(37.22 mm, 94.16 mm): Horizontal Wire, length 5.08 mm
[unconnected_wire_endpoint]: Unconnected wire endpoint
    ; warning
    @(37.22 mm, 96.70 mm): Horizontal Wire, length 5.08 mm
[unconnected_wire_endpoint]: Unconnected wire endpoint
    ; warning
    @(37.22 mm, 99.24 mm): Horizontal Wire, length 5.08 mm
[unconnected_wire_endpoint]: Unconnected wire endpoint
    ; warning
    @(37.22 mm, 101.78 mm): Horizontal Wire, length 5.08 mm
[no_connect_dangling]: Unconnected "no connection" flag
    ; warning
    @(42.30 mm, 106.86 mm): No Connect
[unconnected_wire_endpoint]: Unconnected wire endpoint
    ; warning
    @(37.22 mm, 109.40 mm): Horizontal Wire, length 5.08 mm
[no_connect_dangling]: Unconnected "no connection" flag
    ; warning
    @(42.30 mm, 111.94 mm): No Connect
[unconnected_wire_endpoint]: Unconnected wire endpoint
    ; warning
    @(37.22 mm, 114.48 mm): Horizontal Wire, length 5.08 mm
[endpoint_off_grid]: Symbol pin or wire end off connection grid
    ; warning
    @(47.30 mm, 148.73 mm): Symbol BZ2 Pin 1 [+, Passive, Line]
[endpoint_off_grid]: Symbol pin or wire end off connection grid
    ; warning
    @(47.30 mm, 173.73 mm): Symbol BZ3 Pin 1 [+, Passive, Line]
[footprint_link_issues]: The current configuration does not include the footprint library 'Vario_Buzzer_V2'
    ; warning
    @(55.00 mm, 84.00 mm): Symbol J10 [SparkFun_Thing_Plus_ESP32_WROOM_C]
[footprint_link_issues]: Footprint 'Buzzer_12x8.5mm_P7.62mm_Custom' not found in library 'Buzzer_Beeper'
    ; warning
    @(60.00 mm, 150.00 mm): Symbol BZ2 [Buzzer_2]
[footprint_link_issues]: Footprint 'Buzzer_12x8.5mm_P7.62mm_Custom' not found in library 'Buzzer_Beeper'
    ; warning
    @(60.00 mm, 175.00 mm): Symbol BZ3 [Buzzer_2]
[endpoint_off_grid]: Symbol pin or wire end off connection grid
    ; warning
    @(67.30 mm, 133.73 mm): Symbol R3 Pin 1 [1, Passive, Line]
[endpoint_off_grid]: Symbol pin or wire end off connection grid
    ; warning
    @(67.30 mm, 147.46 mm): Symbol Q2 Pin 1 [E, Passive, Line]
[endpoint_off_grid]: Symbol pin or wire end off connection grid
    ; warning
    @(67.30 mm, 158.73 mm): Symbol R4 Pin 1 [1, Passive, Line]
[endpoint_off_grid]: Symbol pin or wire end off connection grid
    ; warning
    @(67.30 mm, 172.46 mm): Symbol Q3 Pin 1 [E, Passive, Line]
[endpoint_off_grid]: Symbol pin or wire end off connection grid
    ; warning
    @(67.70 mm, 89.08 mm): Horizontal Wire, length 5.08 mm
[endpoint_off_grid]: Symbol pin or wire end off connection grid
    ; warning
    @(67.70 mm, 91.62 mm): Horizontal Wire, length 5.08 mm
[endpoint_off_grid]: Symbol pin or wire end off connection grid
    ; warning
    @(67.70 mm, 94.16 mm): Horizontal Wire, length 5.08 mm
[endpoint_off_grid]: Symbol pin or wire end off connection grid
    ; warning
    @(67.70 mm, 96.70 mm): Horizontal Wire, length 5.08 mm
[endpoint_off_grid]: Symbol pin or wire end off connection grid
    ; warning
    @(67.70 mm, 99.24 mm): Horizontal Wire, length 5.08 mm
[footprint_link_issues]: Footprint 'TO-92_Inline_Wide_Formed' not found in library 'Package_TO_SOT_THT'
    ; warning
    @(80.00 mm, 150.00 mm): Symbol Q2 [NPN_EBC_3]
[footprint_link_issues]: Footprint 'TO-92_Inline_Wide_Formed' not found in library 'Package_TO_SOT_THT'
    ; warning
    @(80.00 mm, 175.00 mm): Symbol Q3 [NPN_EBC_3]
[endpoint_off_grid]: Symbol pin or wire end off connection grid
    ; warning
    @(87.30 mm, 148.73 mm): Symbol D2 Pin 1 [K, Passive, Line]
[endpoint_off_grid]: Symbol pin or wire end off connection grid
    ; warning
    @(87.30 mm, 173.73 mm): Symbol D3 Pin 1 [K, Passive, Line]
[endpoint_off_grid]: Symbol pin or wire end off connection grid
    ; warning
    @(107.46 mm, 69.84 mm): Symbol J11 Pin 1 [3v3, Power input, Line]
[footprint_link_issues]: The current configuration does not include the footprint library 'Vario_Buzzer_V2'
    ; warning
    @(110.00 mm, 80.00 mm): Symbol J11 [M16968_OLED_RotaryKnob_9]
[lib_symbol_mismatch]: Symbol 'M16968_OLED_RotaryKnob_9' doesn't match copy in library 'Vario_Buzzer_V2'
    ; warning
    @(110.00 mm, 80.00 mm): Symbol J11 [M16968_OLED_RotaryKnob_9]
[endpoint_off_grid]: Symbol pin or wire end off connection grid
    ; warning
    @(118.22 mm, 32.73 mm): Horizontal Wire, length 5.08 mm
[endpoint_off_grid]: Symbol pin or wire end off connection grid
    ; warning
    @(118.22 mm, 35.27 mm): Horizontal Wire, length 5.08 mm
[endpoint_off_grid]: Symbol pin or wire end off connection grid
    ; warning
    @(118.22 mm, 46.73 mm): Horizontal Wire, length 5.08 mm
[endpoint_off_grid]: Symbol pin or wire end off connection grid
    ; warning
    @(118.22 mm, 49.27 mm): Horizontal Wire, length 5.08 mm
[endpoint_off_grid]: Symbol pin or wire end off connection grid
    ; warning
    @(118.22 mm, 61.46 mm): Horizontal Wire, length 5.08 mm
[endpoint_off_grid]: Symbol pin or wire end off connection grid
    ; warning
    @(118.22 mm, 64.00 mm): Horizontal Wire, length 5.08 mm
[endpoint_off_grid]: Symbol pin or wire end off connection grid
    ; warning
    @(118.22 mm, 66.54 mm): Horizontal Wire, length 5.08 mm
[endpoint_off_grid]: Symbol pin or wire end off connection grid
    ; warning
    @(118.22 mm, 80.73 mm): Horizontal Wire, length 5.08 mm
[endpoint_off_grid]: Symbol pin or wire end off connection grid
    ; warning
    @(118.22 mm, 94.73 mm): Horizontal Wire, length 5.08 mm
[endpoint_off_grid]: Symbol pin or wire end off connection grid
    ; warning
    @(118.22 mm, 108.73 mm): Horizontal Wire, length 5.08 mm
[endpoint_off_grid]: Symbol pin or wire end off connection grid
    ; warning
    @(118.22 mm, 111.27 mm): Horizontal Wire, length 5.08 mm
[endpoint_off_grid]: Symbol pin or wire end off connection grid
    ; warning
    @(118.22 mm, 122.73 mm): Horizontal Wire, length 5.08 mm
[endpoint_off_grid]: Symbol pin or wire end off connection grid
    ; warning
    @(118.22 mm, 125.27 mm): Horizontal Wire, length 5.08 mm
[endpoint_off_grid]: Symbol pin or wire end off connection grid
    ; warning
    @(118.22 mm, 139.27 mm): Horizontal Wire, length 5.08 mm
[endpoint_off_grid]: Symbol pin or wire end off connection grid
    ; warning
    @(123.30 mm, 32.73 mm): Symbol R1 Pin 1 [1, Passive, Line]
[endpoint_off_grid]: Symbol pin or wire end off connection grid
    ; warning
    @(123.30 mm, 46.73 mm): Symbol R2 Pin 1 [1, Passive, Line]
[endpoint_off_grid]: Symbol pin or wire end off connection grid
    ; warning
    @(123.30 mm, 61.46 mm): Symbol Q1 Pin 1 [E, Passive, Line]
[endpoint_off_grid]: Symbol pin or wire end off connection grid
    ; warning
    @(123.30 mm, 80.73 mm): Symbol BZ1 Pin 1 [+, Passive, Line]
[endpoint_off_grid]: Symbol pin or wire end off connection grid
    ; warning
    @(123.30 mm, 94.73 mm): Symbol D1 Pin 1 [K, Passive, Line]
[endpoint_off_grid]: Symbol pin or wire end off connection grid
    ; warning
    @(123.30 mm, 108.73 mm): Symbol C1 Pin 1 [+, Passive, Line]
[endpoint_off_grid]: Symbol pin or wire end off connection grid
    ; warning
    @(123.30 mm, 122.73 mm): Symbol C2 Pin 1 [+, Passive, Line]
[endpoint_off_grid]: Symbol pin or wire end off connection grid
    ; warning
    @(123.30 mm, 136.73 mm): Symbol J4 Pin 1 [+, Passive, Line]
[footprint_link_issues]: Footprint 'TO-92_Inline_Wide_Formed' not found in library 'Package_TO_SOT_THT'
    ; warning
    @(136.00 mm, 64.00 mm): Symbol Q1 [NPN_EBC_3]
[footprint_link_issues]: Footprint 'Buzzer_12x8.5mm_P7.62mm_Custom' not found in library 'Buzzer_Beeper'
    ; warning
    @(136.00 mm, 82.00 mm): Symbol BZ1 [Buzzer_2]
[endpoint_off_grid]: Symbol pin or wire end off connection grid
    ; warning
    @(162.22 mm, 29.65 mm): Horizontal Wire, length 5.08 mm
[endpoint_off_grid]: Symbol pin or wire end off connection grid
    ; warning
    @(162.22 mm, 32.19 mm): Horizontal Wire, length 5.08 mm
[endpoint_off_grid]: Symbol pin or wire end off connection grid
    ; warning
    @(162.22 mm, 34.73 mm): Horizontal Wire, length 5.08 mm
[isolated_pin_label]: Label connected to only one pin
    ; warning
    @(162.22 mm, 34.73 mm): Label 'SPI_MOSI'
[endpoint_off_grid]: Symbol pin or wire end off connection grid
    ; warning
    @(162.22 mm, 37.27 mm): Horizontal Wire, length 5.08 mm
[isolated_pin_label]: Label connected to only one pin
    ; warning
    @(162.22 mm, 37.27 mm): Label 'SPI_SCK'
[endpoint_off_grid]: Symbol pin or wire end off connection grid
    ; warning
    @(162.22 mm, 39.81 mm): Horizontal Wire, length 5.08 mm
[isolated_pin_label]: Label connected to only one pin
    ; warning
    @(162.22 mm, 39.81 mm): Label 'SPI_MISO'
[endpoint_off_grid]: Symbol pin or wire end off connection grid
    ; warning
    @(162.22 mm, 42.35 mm): Horizontal Wire, length 5.08 mm
[endpoint_off_grid]: Symbol pin or wire end off connection grid
    ; warning
    @(162.22 mm, 54.19 mm): Horizontal Wire, length 5.08 mm
[endpoint_off_grid]: Symbol pin or wire end off connection grid
    ; warning
    @(162.22 mm, 56.73 mm): Horizontal Wire, length 5.08 mm
[endpoint_off_grid]: Symbol pin or wire end off connection grid
    ; warning
    @(162.22 mm, 59.27 mm): Horizontal Wire, length 5.08 mm
[endpoint_off_grid]: Symbol pin or wire end off connection grid
    ; warning
    @(162.22 mm, 61.81 mm): Horizontal Wire, length 5.08 mm
[endpoint_off_grid]: Symbol pin or wire end off connection grid
    ; warning
    @(162.22 mm, 84.19 mm): Horizontal Wire, length 5.08 mm
[endpoint_off_grid]: Symbol pin or wire end off connection grid
    ; warning
    @(162.22 mm, 89.27 mm): Horizontal Wire, length 5.08 mm
[endpoint_off_grid]: Symbol pin or wire end off connection grid
    ; warning
    @(162.22 mm, 91.81 mm): Horizontal Wire, length 5.08 mm
[endpoint_off_grid]: Symbol pin or wire end off connection grid
    ; warning
    @(162.22 mm, 94.35 mm): Horizontal Wire, length 5.08 mm
[endpoint_off_grid]: Symbol pin or wire end off connection grid
    ; warning
    @(162.22 mm, 96.89 mm): Horizontal Wire, length 5.08 mm
[endpoint_off_grid]: Symbol pin or wire end off connection grid
    ; warning
    @(162.22 mm, 110.92 mm): Horizontal Wire, length 5.08 mm
[endpoint_off_grid]: Symbol pin or wire end off connection grid
    ; warning
    @(162.22 mm, 113.46 mm): Horizontal Wire, length 5.08 mm
[endpoint_off_grid]: Symbol pin or wire end off connection grid
    ; warning
    @(162.22 mm, 116.00 mm): Horizontal Wire, length 5.08 mm
[endpoint_off_grid]: Symbol pin or wire end off connection grid
    ; warning
    @(162.22 mm, 118.54 mm): Horizontal Wire, length 5.08 mm
[endpoint_off_grid]: Symbol pin or wire end off connection grid
    ; warning
    @(162.22 mm, 121.08 mm): Horizontal Wire, length 5.08 mm
[endpoint_off_grid]: Symbol pin or wire end off connection grid
    ; warning
    @(167.30 mm, 29.65 mm): Symbol J3 Pin 1 [GND, Passive, Line]
[endpoint_off_grid]: Symbol pin or wire end off connection grid
    ; warning
    @(167.30 mm, 54.19 mm): Symbol J5 Pin 1 [RX, Passive, Line]
[endpoint_off_grid]: Symbol pin or wire end off connection grid
    ; warning
    @(167.30 mm, 79.11 mm): Symbol J6 Pin 1 [VCC, Passive, Line]
[endpoint_off_grid]: Symbol pin or wire end off connection grid
    ; warning
    @(167.30 mm, 110.92 mm): Symbol J7 Pin 1 [VCC, Passive, Line]
[footprint_link_issues]: The current configuration does not include the footprint library 'Vario_Buzzer_V2'
    ; warning
    @(180.00 mm, 36.00 mm): Symbol J3 [SD_Module_6_Swapped]
[footprint_link_issues]: The current configuration does not include the footprint library 'Vario_Buzzer_V2'
    ; warning
    @(180.00 mm, 58.00 mm): Symbol J5 [GPS_M100_4]
[footprint_link_issues]: The current configuration does not include the footprint library 'Vario_Buzzer_V2'
    ; warning
    @(180.00 mm, 88.00 mm): Symbol J6 [BMP390_8]
[footprint_link_issues]: The current configuration does not include the footprint library 'Vario_Buzzer_V2'
    ; warning
    @(180.00 mm, 116.00 mm): Symbol J7 [SHT41_5]

 ** ERC messages: 145  Errors 26  Warnings 119

 ** Ignored checks:
    - Global label only appears once in the schematic
    - Four connection points are joined together
    - SPICE model issue
    - Assigned footprint doesn't match footprint filters
