** Drc report for Buzzer PCB.kicad_pcb **
** Created on 2026-06-21T00:59:19 **
** Report includes: Errors, Warnings **

** Found 55 DRC violations **
[clearance]: Clearance violation (netclass 'Default' clearance 0.5200 mm; actual 0.2000 mm)
    Rule: netclass 'Default'; error
    @(100.0000 mm, 94.5000 mm): PTH pad 1 [SW_BAT] of J2
    @(102.0000 mm, 94.5000 mm): PTH pad 2 [GND] of J2
[clearance]: Clearance violation (netclass 'Default' clearance 0.5200 mm; actual 0.2000 mm)
    Rule: netclass 'Default'; error
    @(92.5000 mm, 94.5000 mm): PTH pad 1 [BAT_IN] of J1
    @(94.5000 mm, 94.5000 mm): PTH pad 2 [GND] of J1
[clearance]: Clearance violation (netclass 'Default' clearance 0.5200 mm; actual 0.2000 mm)
    Rule: netclass 'Default'; error
    @(108.0000 mm, 101.0000 mm): PTH pad 1 [SW_BAT] of SW1
    @(108.0000 mm, 103.0000 mm): PTH pad 2 [BAT_IN] of SW1
[clearance]: Clearance violation (netclass 'Default' clearance 0.5200 mm; actual 0.4000 mm)
    Rule: netclass 'Default'; error
    @(102.0000 mm, 109.2500 mm): PTH pad 1 [SW_BAT] of C1
    @(104.0000 mm, 109.2500 mm): PTH pad 2 [GND] of C1
[clearance]: Clearance violation (netclass 'Default' clearance 0.5200 mm; actual 0.2000 mm)
    Rule: netclass 'Default'; error
    @(108.0000 mm, 103.0000 mm): PTH pad 2 [BAT_IN] of SW1
    @(108.0000 mm, 105.0000 mm): PTH pad 3 [<no net>] of SW1
[copper_edge_clearance]: Board edge clearance violation (board setup constraints edge clearance 0.5000 mm; actual 0.0892 mm)
    Rule: board setup constraints edge; error
    @(84.7808 mm, 91.5700 mm): Segment on Edge.Cuts
    @(85.8700 mm, 92.8400 mm): Track [D13] on F.Cu, length 1.7200 mm
[copper_edge_clearance]: Board edge clearance violation (board setup constraints edge clearance 0.5000 mm; actual 0.1892 mm)
    Rule: board setup constraints edge; error
    @(84.7808 mm, 91.5700 mm): Segment on Edge.Cuts
    @(85.8700 mm, 92.8400 mm): PTH pad 1 [D13] of J4
[copper_edge_clearance]: Board edge clearance violation (board setup constraints edge clearance 0.5000 mm; actual 0.4192 mm)
    Rule: board setup constraints edge; error
    @(84.7808 mm, 91.5700 mm): Segment on Edge.Cuts
    @(86.0000 mm, 94.6900 mm): PTH pad 1 [D13] of R1
[copper_edge_clearance]: Board edge clearance violation (board setup constraints edge clearance 0.5000 mm; actual 0.4192 mm)
    Rule: board setup constraints edge; error
    @(84.7808 mm, 91.5700 mm): Segment on Edge.Cuts
    @(86.0000 mm, 102.3100 mm): PTH pad 2 [BUZZER_BASE] of R1
[silk_edge_clearance]: Silkscreen clipped by board edge
    Rule: board setup constraints silk; warning
    @(84.7808 mm, 91.5700 mm): Segment on Edge.Cuts
    @(85.8700 mm, 92.8400 mm): Circle of J4 on F.Silkscreen
[silk_edge_clearance]: Silkscreen clipped by board edge
    Rule: board setup constraints silk; warning
    @(84.7808 mm, 91.5700 mm): Segment on Edge.Cuts
    @(85.3000 mm, 98.5000 mm): Reference field of R2
[silk_edge_clearance]: Silkscreen clipped by board edge
    Rule: board setup constraints silk; warning
    @(107.4600 mm, 91.5700 mm): Segment on Edge.Cuts
    @(93.5000 mm, 91.3000 mm): Reference field of J1
[silk_edge_clearance]: Silkscreen clipped by board edge
    Rule: board setup constraints silk; warning
    @(107.4600 mm, 91.5700 mm): Segment on Edge.Cuts
    @(101.0000 mm, 91.3000 mm): Reference field of J2
[silk_edge_clearance]: Silkscreen clipped by board edge
    Rule: board setup constraints silk; warning
    @(84.7808 mm, 91.5700 mm): Segment on Edge.Cuts
    @(84.7500 mm, 95.3500 mm): Segment of R1 on F.Silkscreen
[silk_edge_clearance]: Silkscreen clipped by board edge
    Rule: board setup constraints silk; warning
    @(84.7808 mm, 91.5700 mm): Segment on Edge.Cuts
    @(84.7500 mm, 101.6500 mm): Segment of R1 on F.Silkscreen
[silk_edge_clearance]: Silkscreen clipped by board edge
    Rule: board setup constraints silk; warning
    @(84.7808 mm, 91.5700 mm): Segment on Edge.Cuts
    @(87.2500 mm, 101.6500 mm): Segment of R1 on F.Silkscreen
[lib_footprint_mismatch]: Footprint 'PinHeader_1x01_P2.54mm_Vertical' does not match copy in library 'Connector_PinHeader_2.54mm'
    Local override; warning
    @(85.8700 mm, 92.8400 mm): Footprint J4
[lib_footprint_mismatch]: Footprint 'CP_Radial_D5.0mm_P2.00mm' does not match copy in library 'Capacitor_THT'
    Local override; warning
    @(103.0000 mm, 109.2500 mm): Footprint C1
[lib_footprint_issues]: Footprint 'MountingHole_3.0mm' not found in library 'MountingHole'
    Local override; warning
    @(107.4340 mm, 111.9370 mm): Footprint H2
[lib_footprint_mismatch]: Footprint 'C_Disc_D3.0mm_W1.6mm_P2.50mm' does not match copy in library 'Capacitor_THT'
    Local override; warning
    @(103.0000 mm, 113.0000 mm): Footprint C2
[lib_footprint_mismatch]: Footprint 'R_Axial_DIN0207_L6.3mm_D2.5mm_P7.62mm_Horizontal' does not match copy in library 'Resistor_THT'
    Local override; warning
    @(88.5000 mm, 98.5000 mm): Footprint R2
[lib_footprint_issues]: Footprint 'MountingHole_3.0mm' not found in library 'MountingHole'
    Local override; warning
    @(107.4340 mm, 94.1586 mm): Footprint H1
[lib_footprint_issues]: Footprint 'SS12D00G5_Custom' not found in library 'Button_Switch_THT'
    Local override; warning
    @(108.0000 mm, 103.0000 mm): Footprint SW1
[lib_footprint_mismatch]: Footprint 'JST_PH_S2B-PH-K_1x02_P2.00mm_Horizontal' does not match copy in library 'Connector_JST'
    Local override; warning
    @(93.5000 mm, 94.5000 mm): Footprint J1
[lib_footprint_issues]: Footprint 'TO-92_Inline_Wide_Formed' not found in library 'Package_TO_SOT_THT'
    Local override; warning
    @(88.0000 mm, 107.2500 mm): Footprint Q1
[lib_footprint_mismatch]: Footprint 'JST_PH_S2B-PH-K_1x02_P2.00mm_Horizontal' does not match copy in library 'Connector_JST'
    Local override; warning
    @(101.0000 mm, 94.5000 mm): Footprint J2
[lib_footprint_mismatch]: Footprint 'D_DO-41_SOD81_P10.16mm_Horizontal' does not match copy in library 'Diode_THT'
    Local override; warning
    @(92.5000 mm, 112.2500 mm): Footprint D1
[lib_footprint_mismatch]: Footprint 'R_Axial_DIN0207_L6.3mm_D2.5mm_P7.62mm_Horizontal' does not match copy in library 'Resistor_THT'
    Local override; warning
    @(86.0000 mm, 98.5000 mm): Footprint R1
[lib_footprint_issues]: Footprint 'Buzzer_12x8.5mm_P7.62mm_Custom' not found in library 'Buzzer_Beeper'
    Local override; warning
    @(96.5000 mm, 103.5000 mm): Footprint BZ1
[silk_overlap]: Silkscreen clearance
    Rule: board setup constraints silk; warning
    @(84.7500 mm, 101.6500 mm): Segment of R1 on F.Silkscreen
    @(85.3000 mm, 98.5000 mm): Reference field of R2
[silk_overlap]: Silkscreen clearance
    Rule: board setup constraints silk; warning
    @(84.7500 mm, 95.3500 mm): Segment of R1 on F.Silkscreen
    @(87.2500 mm, 95.3500 mm): Segment of R2 on F.Silkscreen
[silk_overlap]: Silkscreen clearance
    Rule: board setup constraints silk; warning
    @(87.2500 mm, 95.3500 mm): Segment of R1 on F.Silkscreen
    @(87.2500 mm, 95.3500 mm): Segment of R2 on F.Silkscreen
[silk_overlap]: Silkscreen clearance
    Rule: board setup constraints silk; warning
    @(84.7500 mm, 95.3500 mm): Segment of R1 on F.Silkscreen
    @(87.2500 mm, 101.6500 mm): Segment of R2 on F.Silkscreen
[silk_overlap]: Silkscreen clearance
    Rule: board setup constraints silk; warning
    @(87.2500 mm, 95.3500 mm): Segment of R1 on F.Silkscreen
    @(87.2500 mm, 101.6500 mm): Segment of R2 on F.Silkscreen
[silk_overlap]: Silkscreen clearance
    Rule: board setup constraints silk; warning
    @(87.2500 mm, 101.6500 mm): Segment of R2 on F.Silkscreen
    @(87.2500 mm, 101.6500 mm): Segment of R1 on F.Silkscreen
[silk_overlap]: Silkscreen clearance
    Rule: board setup constraints silk; warning
    @(89.7500 mm, 95.3500 mm): Segment of R2 on F.Silkscreen
    @(89.2000 mm, 98.5000 mm): Reference field of R1
[silk_overlap]: Silkscreen clearance
    Rule: board setup constraints silk; warning
    @(87.2500 mm, 95.3500 mm): Segment of R1 on F.Silkscreen
    @(89.7500 mm, 101.6500 mm): Segment of R2 on F.Silkscreen
[silk_overlap]: Silkscreen clearance
    Rule: board setup constraints silk; warning
    @(89.7500 mm, 101.6500 mm): Segment of R2 on F.Silkscreen
    @(87.2500 mm, 101.6500 mm): Segment of R1 on F.Silkscreen
[silk_overlap]: Silkscreen clearance
    Rule: board setup constraints silk; warning
    @(89.9000 mm, 91.8000 mm): Segment of J1 on F.Silkscreen
    @(93.5000 mm, 91.3000 mm): Reference field of J1
[silk_overlap]: Silkscreen clearance
    Rule: board setup constraints silk; warning
    @(88.0000 mm, 107.2500 mm): Circle of Q1 on F.Silkscreen
    @(91.2000 mm, 107.2500 mm): Reference field of Q1
[silk_overlap]: Silkscreen clearance
    Rule: board setup constraints silk; warning
    @(91.2000 mm, 107.2500 mm): Reference field of Q1
    @(96.5000 mm, 103.5000 mm): Circle of BZ1 on F.Silkscreen
[silk_overlap]: Silkscreen clearance
    Rule: board setup constraints silk; warning
    @(101.0000 mm, 91.3000 mm): Reference field of J2
    @(97.4000 mm, 91.8000 mm): Segment of J2 on F.Silkscreen
[silk_over_copper]: Silkscreen clipped by solder mask
    Local override; warning
    @(85.8700 mm, 92.8400 mm): Circle of J4 on F.Silkscreen
    @(86.0000 mm, 94.6900 mm): PTH pad 1 [D13] of R1
[silk_over_copper]: Silkscreen clipped by solder mask
    Local override; warning
    @(87.2500 mm, 95.3500 mm): Segment of R2 on F.Silkscreen
    @(88.5000 mm, 94.6900 mm): PTH pad 2 [GND] of R2
[silk_over_copper]: Silkscreen clipped by solder mask
    Local override; warning
    @(84.7500 mm, 95.3500 mm): Segment of R1 on F.Silkscreen
    @(86.0000 mm, 94.6900 mm): PTH pad 1 [D13] of R1
[silk_over_copper]: Silkscreen clipped by solder mask
    Local override; warning
    @(87.2500 mm, 101.6500 mm): Segment of R1 on F.Silkscreen
    @(86.0000 mm, 102.3100 mm): PTH pad 2 [BUZZER_BASE] of R1
[silk_over_copper]: Silkscreen clipped by solder mask
    Local override; warning
    @(89.7500 mm, 101.6500 mm): Segment of R2 on F.Silkscreen
    @(88.5000 mm, 102.3100 mm): PTH pad 1 [BUZZER_BASE] of R2
[silk_over_copper]: Silkscreen clipped by solder mask
    Local override; warning
    @(88.0000 mm, 107.2500 mm): Circle of Q1 on F.Silkscreen
    @(88.0000 mm, 104.7100 mm): PTH pad 1 [BUZZER_BASE] of Q1
[silk_over_copper]: Silkscreen clipped by solder mask
    Local override; warning
    @(88.0000 mm, 107.2500 mm): Circle of Q1 on F.Silkscreen
    @(88.0000 mm, 109.7900 mm): PTH pad 3 [GND] of Q1
[silk_over_copper]: Silkscreen clipped by solder mask
    Local override; warning
    @(103.0000 mm, 109.8000 mm): Reference field of C2
    @(104.0000 mm, 109.2500 mm): PTH pad 2 [GND] of C1
[silk_over_copper]: Silkscreen clipped by solder mask
    Local override; warning
    @(103.0000 mm, 109.8000 mm): Reference field of C2
    @(102.0000 mm, 109.2500 mm): PTH pad 1 [SW_BAT] of C1
[silk_over_copper]: Silkscreen clipped by solder mask
    Local override; warning
    @(107.4340 mm, 111.9370 mm): Circle of H2 on F.Silkscreen
    @(107.4340 mm, 111.9370 mm): NPTH pad of H2
[silk_over_copper]: Silkscreen clipped by solder mask
    Local override; warning
    @(101.5000 mm, 113.9000 mm): Segment of C2 on F.Silkscreen
    @(101.7500 mm, 113.0000 mm): PTH pad 1 [SW_BAT] of C2
[silk_over_copper]: Silkscreen clipped by solder mask
    Local override; warning
    @(104.5000 mm, 112.1000 mm): Segment of C2 on F.Silkscreen
    @(104.2500 mm, 113.0000 mm): PTH pad 2 [GND] of C2
[silk_over_copper]: Silkscreen clipped by solder mask
    Local override; warning
    @(107.4340 mm, 94.1586 mm): Circle of H1 on F.Silkscreen
    @(107.4340 mm, 94.1586 mm): NPTH pad of H1

** Found 0 unconnected pads **

** Found 39 Footprint errors **
[footprint_symbol_mismatch]: Buzzer_Beeper:Buzzer_12x8.5mm_P7.62mm_Custom doesn't match footprint given by symbol ()
    Local override; warning
    @(96.5000 mm, 103.5000 mm): Footprint BZ1
[footprint_symbol_field_mismatch]: Field 'Description' differs (PCB: '12mm passive buzzer placeholder, 7.62mm pin pitch, 1.0mm drills', Schematic: '')
    Local override; warning
    @(96.5000 mm, 103.5000 mm): Footprint BZ1
[net_conflict]: Pad net (SW_BAT) doesn't match net given by schematic (/SW_BAT)
    Local override; warning
    @(100.3100 mm, 103.5000 mm): PTH pad 1 [SW_BAT] of BZ1
[net_conflict]: Pad net (BUZZER_LOW) doesn't match net given by schematic (/BUZZER_LOW)
    Local override; warning
    @(92.6900 mm, 103.5000 mm): PTH pad 2 [BUZZER_LOW] of BZ1
[footprint_symbol_field_mismatch]: Field 'Description' differs (PCB: 'capacitor with 0.8mm drills', Schematic: '')
    Local override; warning
    @(103.0000 mm, 109.2500 mm): Footprint C1
[net_conflict]: Pad net (SW_BAT) doesn't match net given by schematic (/SW_BAT)
    Local override; warning
    @(102.0000 mm, 109.2500 mm): PTH pad 1 [SW_BAT] of C1
[net_conflict]: Pad net (GND) doesn't match net given by schematic (/GND)
    Local override; warning
    @(104.0000 mm, 109.2500 mm): PTH pad 2 [GND] of C1
[footprint_symbol_field_mismatch]: Field 'Description' differs (PCB: 'capacitor with 0.8mm drills', Schematic: '')
    Local override; warning
    @(103.0000 mm, 113.0000 mm): Footprint C2
[net_conflict]: Pad net (SW_BAT) doesn't match net given by schematic (/SW_BAT)
    Local override; warning
    @(101.7500 mm, 113.0000 mm): PTH pad 1 [SW_BAT] of C2
[net_conflict]: Pad net (GND) doesn't match net given by schematic (/GND)
    Local override; warning
    @(104.2500 mm, 113.0000 mm): PTH pad 2 [GND] of C2
[footprint_symbol_field_mismatch]: Field 'Description' differs (PCB: '1N5819 Schottky diode, cathode marked, 1.0mm drills', Schematic: '')
    Local override; warning
    @(92.5000 mm, 112.2500 mm): Footprint D1
[net_conflict]: Pad net (SW_BAT) doesn't match net given by schematic (/SW_BAT)
    Local override; warning
    @(97.5800 mm, 112.2500 mm): PTH pad 1 [SW_BAT] of D1
[net_conflict]: Pad net (BUZZER_LOW) doesn't match net given by schematic (/BUZZER_LOW)
    Local override; warning
    @(87.4200 mm, 112.2500 mm): PTH pad 2 [BUZZER_LOW] of D1
[footprint_symbol_field_mismatch]: Field 'Description' differs (PCB: 'JST-PH 2.0 mm 2-pin right-angle connector, drills adjusted to 1.0mm', Schematic: '')
    Local override; warning
    @(93.5000 mm, 94.5000 mm): Footprint J1
[net_conflict]: Pad net (BAT_IN) doesn't match net given by schematic (/BAT_IN)
    Local override; warning
    @(92.5000 mm, 94.5000 mm): PTH pad 1 [BAT_IN] of J1
[net_conflict]: Pad net (GND) doesn't match net given by schematic (/GND)
    Local override; warning
    @(94.5000 mm, 94.5000 mm): PTH pad 2 [GND] of J1
[footprint_symbol_field_mismatch]: Field 'Description' differs (PCB: 'JST-PH 2.0 mm 2-pin right-angle connector, drills adjusted to 1.0mm', Schematic: '')
    Local override; warning
    @(101.0000 mm, 94.5000 mm): Footprint J2
[net_conflict]: Pad net (SW_BAT) doesn't match net given by schematic (/SW_BAT)
    Local override; warning
    @(100.0000 mm, 94.5000 mm): PTH pad 1 [SW_BAT] of J2
[net_conflict]: Pad net (GND) doesn't match net given by schematic (/GND)
    Local override; warning
    @(102.0000 mm, 94.5000 mm): PTH pad 2 [GND] of J2
[footprint_symbol_field_mismatch]: Field 'Description' differs (PCB: 'single through-hole header pad, 1.0mm drill', Schematic: '')
    Local override; warning
    @(85.8700 mm, 92.8400 mm): Footprint J4
[net_conflict]: Pad net (D13) doesn't match net given by schematic (/D13)
    Local override; warning
    @(85.8700 mm, 92.8400 mm): PTH pad 1 [D13] of J4
[footprint_symbol_mismatch]: Package_TO_SOT_THT:TO-92_Inline_Wide_Formed doesn't match footprint given by symbol (Package_TO_SOT_THT:TO-92_Inline)
    Local override; warning
    @(88.0000 mm, 107.2500 mm): Footprint Q1
[footprint_symbol_field_mismatch]: Field 'Description' differs (PCB: 'S8050 NPN TO-92, formed leads, 2.54mm pad pitch, BCE per schematic, 0.8mm drills', Schematic: '')
    Local override; warning
    @(88.0000 mm, 107.2500 mm): Footprint Q1
[net_conflict]: Pad net (BUZZER_BASE) doesn't match net given by schematic (/BUZZER_BASE)
    Local override; warning
    @(88.0000 mm, 104.7100 mm): PTH pad 1 [BUZZER_BASE] of Q1
[net_conflict]: Pad net (BUZZER_LOW) doesn't match net given by schematic (/BUZZER_LOW)
    Local override; warning
    @(88.0000 mm, 107.2500 mm): PTH pad 2 [BUZZER_LOW] of Q1
[net_conflict]: Pad net (GND) doesn't match net given by schematic (/GND)
    Local override; warning
    @(88.0000 mm, 109.7900 mm): PTH pad 3 [GND] of Q1
[footprint_symbol_field_mismatch]: Field 'Description' differs (PCB: 'axial resistor, 7.62mm pitch, 0.8mm drills', Schematic: '')
    Local override; warning
    @(86.0000 mm, 98.5000 mm): Footprint R1
[net_conflict]: Pad net (D13) doesn't match net given by schematic (/D13)
    Local override; warning
    @(86.0000 mm, 94.6900 mm): PTH pad 1 [D13] of R1
[net_conflict]: Pad net (BUZZER_BASE) doesn't match net given by schematic (/BUZZER_BASE)
    Local override; warning
    @(86.0000 mm, 102.3100 mm): PTH pad 2 [BUZZER_BASE] of R1
[footprint_symbol_field_mismatch]: Field 'Description' differs (PCB: 'axial resistor, 7.62mm pitch, 0.8mm drills', Schematic: '')
    Local override; warning
    @(88.5000 mm, 98.5000 mm): Footprint R2
[net_conflict]: Pad net (BUZZER_BASE) doesn't match net given by schematic (/BUZZER_BASE)
    Local override; warning
    @(88.5000 mm, 102.3100 mm): PTH pad 1 [BUZZER_BASE] of R2
[net_conflict]: Pad net (GND) doesn't match net given by schematic (/GND)
    Local override; warning
    @(88.5000 mm, 94.6900 mm): PTH pad 2 [GND] of R2
[footprint_symbol_mismatch]: Button_Switch_THT:SS12D00G5_Custom doesn't match footprint given by symbol ()
    Local override; warning
    @(108.0000 mm, 103.0000 mm): Footprint SW1
[footprint_symbol_field_mismatch]: Field 'Description' differs (PCB: 'SS12D00G5 SPDT slide switch placeholder; verify physical pinout before fab', Schematic: '')
    Local override; warning
    @(108.0000 mm, 103.0000 mm): Footprint SW1
[net_conflict]: Pad net (SW_BAT) doesn't match net given by schematic (/SW_BAT)
    Local override; warning
    @(108.0000 mm, 101.0000 mm): PTH pad 1 [SW_BAT] of SW1
[net_conflict]: Pad net (BAT_IN) doesn't match net given by schematic (/BAT_IN)
    Local override; warning
    @(108.0000 mm, 103.0000 mm): PTH pad 2 [BAT_IN] of SW1
[net_conflict]: Pad missing net given by schematic (unconnected-(SW1-C-Pad3))
    Local override; warning
    @(108.0000 mm, 105.0000 mm): PTH pad 3 [<no net>] of SW1
[extra_footprint]: Extra footprint
    Local override; warning
    @(107.4340 mm, 111.9370 mm): Footprint H2
[extra_footprint]: Extra footprint
    Local override; warning
    @(107.4340 mm, 94.1586 mm): Footprint H1

** Ignored checks **
    - Footprint has no courtyard defined
    - Track endpoint not centered on via
    - Tuning profile track geometries
    - Footprint doesn't match symbol's footprint filters
    - Footprint component type doesn't match footprint pads

** End of Report **
