** Drc report for Buzzer PCB.kicad_pcb **
** Created on 2026-06-21T01:26:29 **
** Report includes: Errors, Warnings **

** Found 52 DRC violations **
[copper_edge_clearance]: Board edge clearance violation (board setup constraints edge clearance 0.5000 mm; actual 0.0892 mm)
    Rule: board setup constraints edge; error
    @(84.7808 mm, 91.5700 mm): Segment on Edge.Cuts
    @(85.8700 mm, 92.8400 mm): Track [D13] on F.Cu, length 1.7200 mm
[copper_edge_clearance]: Board edge clearance violation (board setup constraints edge clearance 0.5000 mm; actual 0.4692 mm)
    Rule: board setup constraints edge; error
    @(84.7808 mm, 91.5700 mm): Segment on Edge.Cuts
    @(86.0000 mm, 102.3100 mm): Track [BUZZER_BASE] on F.Cu, length 2.5000 mm
[copper_edge_clearance]: Board edge clearance violation (board setup constraints edge clearance 0.5000 mm; actual 0.1892 mm)
    Rule: board setup constraints edge; error
    @(84.7808 mm, 91.5700 mm): Segment on Edge.Cuts
    @(85.8700 mm, 92.8400 mm): PTH pad 1 [D13] of J4
[copper_edge_clearance]: Board edge clearance violation (board setup constraints edge clearance 0.5000 mm; actual 0.2192 mm)
    Rule: board setup constraints edge; error
    @(84.7808 mm, 91.5700 mm): Segment on Edge.Cuts
    @(86.0000 mm, 94.6900 mm): PTH pad 1 [D13] of R1
[copper_edge_clearance]: Board edge clearance violation (board setup constraints edge clearance 0.5000 mm; actual 0.4192 mm)
    Rule: board setup constraints edge; error
    @(84.7808 mm, 91.5700 mm): Segment on Edge.Cuts
    @(86.0000 mm, 102.3100 mm): PTH pad 2 [BUZZER_BASE] of R1
[silk_edge_clearance]: Silkscreen clipped by board edge
    Rule: board setup constraints silk; warning
    @(84.7808 mm, 91.5700 mm): Segment on Edge.Cuts
    @(85.8700 mm, 92.8400 mm): Circle of J4 on F.Silkscreen
[silk_edge_clearance]: Silkscreen clipped by board edge
    Rule: board setup constraints silk; warning
    @(84.7808 mm, 91.5700 mm): Segment on Edge.Cuts
    @(85.3000 mm, 98.5000 mm): Reference field of R2
[silk_edge_clearance]: Silkscreen clipped by board edge
    Rule: board setup constraints silk; warning
    @(110.0000 mm, 111.8900 mm): Segment on Edge.Cuts
    @(109.9500 mm, 103.0000 mm): Reference field of SW1
[silk_edge_clearance]: Silkscreen clipped by board edge
    Rule: board setup constraints silk; warning
    @(107.4600 mm, 91.5700 mm): Segment on Edge.Cuts
    @(93.5000 mm, 91.3000 mm): Reference field of J1
[silk_edge_clearance]: Silkscreen clipped by board edge
    Rule: board setup constraints silk; warning
    @(107.4600 mm, 91.5700 mm): Segment on Edge.Cuts
    @(101.0000 mm, 91.3000 mm): Reference field of J2
[silk_edge_clearance]: Silkscreen clipped by board edge
    Rule: board setup constraints silk; warning
    @(84.7808 mm, 91.5700 mm): Segment on Edge.Cuts
    @(84.7500 mm, 95.3500 mm): Segment of R1 on F.Silkscreen
[silk_edge_clearance]: Silkscreen clipped by board edge
    Rule: board setup constraints silk; warning
    @(84.7808 mm, 91.5700 mm): Segment on Edge.Cuts
    @(84.7500 mm, 101.6500 mm): Segment of R1 on F.Silkscreen
[silk_edge_clearance]: Silkscreen clipped by board edge
    Rule: board setup constraints silk; warning
    @(84.7808 mm, 91.5700 mm): Segment on Edge.Cuts
    @(87.2500 mm, 101.6500 mm): Segment of R1 on F.Silkscreen
[lib_footprint_mismatch]: Footprint 'PinHeader_1x01_P2.54mm_Vertical' does not match copy in library 'Connector_PinHeader_2.54mm'
    Local override; warning
    @(85.8700 mm, 92.8400 mm): Footprint J4
[lib_footprint_mismatch]: Footprint 'CP_Radial_D5.0mm_P2.00mm' does not match copy in library 'Capacitor_THT'
    Local override; warning
    @(101.7500 mm, 110.5000 mm): Footprint C1
[lib_footprint_issues]: Footprint 'MountingHole_3.0mm' not found in library 'MountingHole'
    Local override; warning
    @(107.4340 mm, 111.9370 mm): Footprint H2
[lib_footprint_mismatch]: Footprint 'C_Disc_D3.0mm_W1.6mm_P2.50mm' does not match copy in library 'Capacitor_THT'
    Local override; warning
    @(106.7500 mm, 97.2500 mm): Footprint C2
[lib_footprint_mismatch]: Footprint 'R_Axial_DIN0207_L6.3mm_D2.5mm_P7.62mm_Horizontal' does not match copy in library 'Resistor_THT'
    Local override; warning
    @(88.5000 mm, 98.5000 mm): Footprint R2
[lib_footprint_issues]: Footprint 'MountingHole_3.0mm' not found in library 'MountingHole'
    Local override; warning
    @(107.4340 mm, 94.1586 mm): Footprint H1
[lib_footprint_issues]: Footprint 'SS12D00G5_Custom' not found in library 'Button_Switch_THT'
    Local override; warning
    @(106.7500 mm, 103.0000 mm): Footprint SW1
[lib_footprint_mismatch]: Footprint 'JST_PH_S2B-PH-K_1x02_P2.00mm_Horizontal' does not match copy in library 'Connector_JST'
    Local override; warning
    @(93.5000 mm, 94.5000 mm): Footprint J1
[lib_footprint_issues]: Footprint 'TO-92_Inline_Wide_Formed' not found in library 'Package_TO_SOT_THT'
    Local override; warning
    @(88.0000 mm, 107.2500 mm): Footprint Q1
[lib_footprint_mismatch]: Footprint 'JST_PH_S2B-PH-K_1x02_P2.00mm_Horizontal' does not match copy in library 'Connector_JST'
    Local override; warning
    @(101.0000 mm, 94.5000 mm): Footprint J2
[lib_footprint_mismatch]: Footprint 'D_DO-41_SOD81_P10.16mm_Horizontal' does not match copy in library 'Diode_THT'
    Local override; warning
    @(92.5000 mm, 112.2500 mm): Footprint D1
[lib_footprint_mismatch]: Footprint 'R_Axial_DIN0207_L6.3mm_D2.5mm_P7.62mm_Horizontal' does not match copy in library 'Resistor_THT'
    Local override; warning
    @(86.0000 mm, 98.5000 mm): Footprint R1
[lib_footprint_issues]: Footprint 'Buzzer_12x8.5mm_P7.62mm_Custom' not found in library 'Buzzer_Beeper'
    Local override; warning
    @(96.5000 mm, 103.5000 mm): Footprint BZ1
[silk_overlap]: Silkscreen clearance
    Rule: board setup constraints silk; warning
    @(84.7500 mm, 101.6500 mm): Segment of R1 on F.Silkscreen
    @(85.3000 mm, 98.5000 mm): Reference field of R2
[silk_overlap]: Silkscreen clearance
    Rule: board setup constraints silk; warning
    @(84.7500 mm, 95.3500 mm): Segment of R1 on F.Silkscreen
    @(87.2500 mm, 95.3500 mm): Segment of R2 on F.Silkscreen
[silk_overlap]: Silkscreen clearance
    Rule: board setup constraints silk; warning
    @(84.7500 mm, 95.3500 mm): Segment of R1 on F.Silkscreen
    @(87.2500 mm, 101.6500 mm): Segment of R2 on F.Silkscreen
[silk_overlap]: Silkscreen clearance
    Rule: board setup constraints silk; warning
    @(89.7500 mm, 95.3500 mm): Segment of R2 on F.Silkscreen
    @(89.2000 mm, 98.5000 mm): Reference field of R1
[silk_overlap]: Silkscreen clearance
    Rule: board setup constraints silk; warning
    @(96.5000 mm, 103.5000 mm): Circle of BZ1 on F.Silkscreen
    @(101.7500 mm, 107.3000 mm): Reference field of C1
[silk_overlap]: Silkscreen clearance
    Rule: board setup constraints silk; warning
    @(91.2000 mm, 107.2500 mm): Reference field of Q1
    @(96.5000 mm, 103.5000 mm): Circle of BZ1 on F.Silkscreen
[silk_overlap]: Silkscreen clearance
    Rule: board setup constraints silk; warning
    @(87.2500 mm, 95.3500 mm): Segment of R1 on F.Silkscreen
    @(87.2500 mm, 95.3500 mm): Segment of R2 on F.Silkscreen
[silk_overlap]: Silkscreen clearance
    Rule: board setup constraints silk; warning
    @(87.2500 mm, 95.3500 mm): Segment of R1 on F.Silkscreen
    @(87.2500 mm, 101.6500 mm): Segment of R2 on F.Silkscreen
[silk_overlap]: Silkscreen clearance
    Rule: board setup constraints silk; warning
    @(87.2500 mm, 101.6500 mm): Segment of R2 on F.Silkscreen
    @(87.2500 mm, 101.6500 mm): Segment of R1 on F.Silkscreen
[silk_overlap]: Silkscreen clearance
    Rule: board setup constraints silk; warning
    @(87.2500 mm, 95.3500 mm): Segment of R1 on F.Silkscreen
    @(89.7500 mm, 101.6500 mm): Segment of R2 on F.Silkscreen
[silk_overlap]: Silkscreen clearance
    Rule: board setup constraints silk; warning
    @(89.7500 mm, 101.6500 mm): Segment of R2 on F.Silkscreen
    @(87.2500 mm, 101.6500 mm): Segment of R1 on F.Silkscreen
[silk_overlap]: Silkscreen clearance
    Rule: board setup constraints silk; warning
    @(88.0000 mm, 107.2500 mm): Circle of Q1 on F.Silkscreen
    @(91.2000 mm, 107.2500 mm): Reference field of Q1
[silk_overlap]: Silkscreen clearance
    Rule: board setup constraints silk; warning
    @(89.9000 mm, 91.8000 mm): Segment of J1 on F.Silkscreen
    @(93.5000 mm, 91.3000 mm): Reference field of J1
[silk_overlap]: Silkscreen clearance
    Rule: board setup constraints silk; warning
    @(101.0000 mm, 91.3000 mm): Reference field of J2
    @(97.4000 mm, 91.8000 mm): Segment of J2 on F.Silkscreen
[silk_over_copper]: Silkscreen clipped by solder mask
    Local override; warning
    @(85.8700 mm, 92.8400 mm): Circle of J4 on F.Silkscreen
    @(86.0000 mm, 94.6900 mm): PTH pad 1 [D13] of R1
[silk_over_copper]: Silkscreen clipped by solder mask
    Local override; warning
    @(84.7500 mm, 95.3500 mm): Segment of R1 on F.Silkscreen
    @(86.0000 mm, 94.6900 mm): PTH pad 1 [D13] of R1
[silk_over_copper]: Silkscreen clipped by solder mask
    Local override; warning
    @(87.2500 mm, 95.3500 mm): Segment of R2 on F.Silkscreen
    @(88.5000 mm, 94.6900 mm): PTH pad 2 [GND] of R2
[silk_over_copper]: Silkscreen clipped by solder mask
    Local override; warning
    @(89.7500 mm, 101.6500 mm): Segment of R2 on F.Silkscreen
    @(88.5000 mm, 102.3100 mm): PTH pad 1 [BUZZER_BASE] of R2
[silk_over_copper]: Silkscreen clipped by solder mask
    Local override; warning
    @(87.2500 mm, 101.6500 mm): Segment of R1 on F.Silkscreen
    @(86.0000 mm, 102.3100 mm): PTH pad 2 [BUZZER_BASE] of R1
[silk_over_copper]: Silkscreen clipped by solder mask
    Local override; warning
    @(88.0000 mm, 107.2500 mm): Circle of Q1 on F.Silkscreen
    @(88.0000 mm, 109.7900 mm): PTH pad 3 [GND] of Q1
[silk_over_copper]: Silkscreen clipped by solder mask
    Local override; warning
    @(88.0000 mm, 107.2500 mm): Circle of Q1 on F.Silkscreen
    @(88.0000 mm, 104.7100 mm): PTH pad 1 [BUZZER_BASE] of Q1
[silk_over_copper]: Silkscreen clipped by solder mask
    Local override; warning
    @(107.4340 mm, 111.9370 mm): Circle of H2 on F.Silkscreen
    @(107.4340 mm, 111.9370 mm): NPTH pad of H2
[silk_over_copper]: Silkscreen clipped by solder mask
    Local override; warning
    @(106.7500 mm, 100.4500 mm): Reference field of C2
    @(106.7500 mm, 101.0000 mm): PTH pad 1 [SW_BAT] of SW1
[silk_over_copper]: Silkscreen clipped by solder mask
    Local override; warning
    @(105.2500 mm, 98.1500 mm): Segment of C2 on F.Silkscreen
    @(105.5000 mm, 97.2500 mm): PTH pad 2 [GND] of C2
[silk_over_copper]: Silkscreen clipped by solder mask
    Local override; warning
    @(108.2500 mm, 96.3500 mm): Segment of C2 on F.Silkscreen
    @(108.0000 mm, 97.2500 mm): PTH pad 1 [SW_BAT] of C2
[silk_over_copper]: Silkscreen clipped by solder mask
    Local override; warning
    @(107.4340 mm, 94.1586 mm): Circle of H1 on F.Silkscreen
    @(107.4340 mm, 94.1586 mm): NPTH pad of H1

** Found 1 unconnected pads **
[unconnected_items]: Missing connection between items
    Local override; error
    @(108.6700 mm, 97.9200 mm): Track [SW_BAT] on F.Cu, length 0.9475 mm
    @(106.7500 mm, 101.0000 mm): PTH pad 1 [SW_BAT] of SW1

** Found 0 Footprint errors **

** Ignored checks **
    - Footprint has no courtyard defined
    - Track endpoint not centered on via
    - Tuning profile track geometries
    - Footprint doesn't match symbol's footprint filters
    - Footprint component type doesn't match footprint pads

** End of Report **
