** Drc report for Buzzer PCB.kicad_pcb **
** Created on 2026-06-24T00:12:17 **
** Report includes: Errors, Warnings, Exclusions **

** Found 261 DRC violations **
[clearance]: Clearance violation (netclass 'Default' clearance 0.5000 mm; actual 0.1212 mm)
    Rule: netclass 'Default'; error
    @(85.0000 mm, 8.2500 mm): PTH pad 1 [SW_BAT] of J2
    @(86.0350 mm, 4.1100 mm): PTH pad MH3 [<no net>] of J10
[shorting_items]: Items shorting two nets (nets BUZZER_BASE2 and GND)
    Local override; error
    @(92.0000 mm, 32.1900 mm): PTH pad 2 [BUZZER_BASE2] of R3
    @(92.0000 mm, 31.5400 mm): PTH pad 1 [GND] of Q2
[shorting_items]: Items shorting two nets (nets GND and BUZZER_BASE2)
    Local override; error
    @(92.0000 mm, 31.5400 mm): PTH pad 1 [GND] of Q2
    @(92.0000 mm, 32.1900 mm): PTH pad 2 [BUZZER_BASE2] of R3
[clearance]: Clearance violation (netclass 'Default' clearance 0.5000 mm; actual 0.0982 mm)
    Rule: netclass 'Default'; error
    @(87.0000 mm, 8.2500 mm): PTH pad 2 [GND] of J2
    @(86.0350 mm, 4.1100 mm): PTH pad MH3 [<no net>] of J10
[clearance]: Clearance violation (netclass 'Default' clearance 0.5000 mm; actual 0.0000 mm)
    Rule: netclass 'Default'; error
    @(88.0000 mm, 22.0000 mm): PTH pad 1 [BOOST_5V] of D2
    @(86.0350 mm, 21.8900 mm): PTH pad MH4 [<no net>] of J10
[shorting_items]: Items shorting two nets (nets GND and BUZZER_BASE3)
    Local override; error
    @(92.0000 mm, 51.5400 mm): PTH pad 1 [GND] of Q3
    @(92.0000 mm, 52.1900 mm): PTH pad 2 [BUZZER_BASE3] of R4
[copper_edge_clearance]: Board edge clearance violation (board setup constraints edge clearance 0.5000 mm; actual 0.0000 mm)
    Rule: board setup constraints edge; error
    @(0.0000 mm, 50.0000 mm): Segment on Edge.Cuts
    @(0.5000 mm, 17.6000 mm): PTH pad MH1 [<no net>] of J11
[copper_edge_clearance]: Board edge clearance violation (board setup constraints edge clearance 0.5000 mm; actual 0.0000 mm)
    Rule: board setup constraints edge; error
    @(0.0000 mm, 50.0000 mm): Segment on Edge.Cuts
    @(0.3500 mm, 47.1000 mm): PTH pad MH3 [<no net>] of J11
[solder_mask_bridge]: Rear solder mask aperture bridges items with different nets
    Rule: board setup solder mask min width; error
    @(92.0000 mm, 51.5400 mm): PTH pad 1 [GND] of Q3
    @(92.0000 mm, 52.1900 mm): PTH pad 2 [BUZZER_BASE3] of R4
[solder_mask_bridge]: Front solder mask aperture bridges items with different nets
    Rule: board setup solder mask min width; error
    @(92.0000 mm, 32.1900 mm): PTH pad 2 [BUZZER_BASE2] of R3
    @(92.0000 mm, 31.5400 mm): PTH pad 1 [GND] of Q2
[solder_mask_bridge]: Front solder mask aperture bridges items with different nets
    Rule: board setup solder mask min width; error
    @(86.0350 mm, 21.8900 mm): PTH pad MH4 [<no net>] of J10
    @(88.0000 mm, 22.0000 mm): PTH pad 1 [BOOST_5V] of D2
[solder_mask_bridge]: Front solder mask aperture bridges items with different nets
    Rule: board setup solder mask min width; error
    @(92.0000 mm, 52.1900 mm): PTH pad 2 [BUZZER_BASE3] of R4
    @(92.0000 mm, 51.5400 mm): PTH pad 1 [GND] of Q3
[solder_mask_bridge]: Rear solder mask aperture bridges items with different nets
    Rule: board setup solder mask min width; error
    @(92.0000 mm, 32.1900 mm): PTH pad 2 [BUZZER_BASE2] of R3
    @(92.0000 mm, 31.5400 mm): PTH pad 1 [GND] of Q2
[solder_mask_bridge]: Rear solder mask aperture bridges items with different nets
    Rule: board setup solder mask min width; error
    @(86.0350 mm, 21.8900 mm): PTH pad MH4 [<no net>] of J10
    @(88.0000 mm, 22.0000 mm): PTH pad 1 [BOOST_5V] of D2
[silk_edge_clearance]: Silkscreen clipped by board edge
    Rule: board setup constraints silk; warning
    @(90.0000 mm, 0.0000 mm): Segment on Edge.Cuts
    @(73.0000 mm, 49.0000 mm): PCB text 'J5 HGLRC M100 manual pin order: RX TX VCC GND' on B.Silkscreen
[silk_edge_clearance]: Silkscreen clipped by board edge
    Rule: board setup constraints silk; warning
    @(90.0000 mm, 0.0000 mm): Segment on Edge.Cuts
    @(89.4000 mm, 20.7000 mm): Segment of D2 on F.Silkscreen
[silk_edge_clearance]: Silkscreen clipped by board edge
    Rule: board setup constraints silk; warning
    @(90.0000 mm, 0.0000 mm): Segment on Edge.Cuts
    @(90.0000 mm, 20.7000 mm): Segment of D2 on F.Silkscreen
[silk_edge_clearance]: Silkscreen clipped by board edge
    Rule: board setup constraints silk; warning
    @(90.0000 mm, 0.0000 mm): Segment on Edge.Cuts
    @(94.6000 mm, 23.3000 mm): Segment of D2 on F.Silkscreen
[silk_edge_clearance]: Silkscreen clipped by board edge
    Rule: board setup constraints silk; warning
    @(0.0000 mm, 0.0000 mm): Segment on Edge.Cuts
    @(4.4000 mm, 12.1760 mm): Segment of U1 on F.Silkscreen
[silk_edge_clearance]: Silkscreen clipped by board edge
    Rule: board setup constraints silk; warning
    @(0.0000 mm, 0.0000 mm): Segment on Edge.Cuts
    @(16.6000 mm, -4.6240 mm): Segment of U1 on F.Silkscreen
[silk_edge_clearance]: Silkscreen clipped by board edge
    Rule: board setup constraints silk; warning
    @(90.0000 mm, 0.0000 mm): Segment on Edge.Cuts
    @(92.0000 mm, 49.0000 mm): Circle of Q3 on F.Silkscreen
[silk_edge_clearance]: Silkscreen clipped by board edge
    Rule: board setup constraints silk; warning
    @(90.0000 mm, 0.0000 mm): Segment on Edge.Cuts
    @(85.0000 mm, 13.0000 mm): Circle of BZ1 on F.Silkscreen
[silk_edge_clearance]: Silkscreen clipped by board edge
    Rule: board setup constraints silk; warning
    @(90.0000 mm, 50.0000 mm): Segment on Edge.Cuts
    @(88.3500 mm, 49.1000 mm): Footprint text of J7 (TOP; pins solder backside)
[silk_edge_clearance]: Silkscreen clipped by board edge
    Rule: board setup constraints silk; warning
    @(90.0000 mm, 50.0000 mm): Segment on Edge.Cuts
    @(0.3500 mm, 50.0000 mm): Segment of J11 on F.Silkscreen
[silk_edge_clearance]: Silkscreen clipped by board edge
    Rule: board setup constraints silk; warning
    @(90.0000 mm, 50.0000 mm): Segment on Edge.Cuts
    @(59.6500 mm, 14.7000 mm): Segment of J11 on F.Silkscreen
[silk_edge_clearance]: Silkscreen clipped by board edge
    Rule: board setup constraints silk; warning
    @(90.0000 mm, 50.0000 mm): Segment on Edge.Cuts
    @(59.6500 mm, 50.0000 mm): Segment of J11 on F.Silkscreen
[silk_edge_clearance]: Silkscreen clipped by board edge
    Rule: board setup constraints silk; warning
    @(90.0000 mm, 0.0000 mm): Segment on Edge.Cuts
    @(92.0000 mm, 29.0000 mm): Circle of Q2 on F.Silkscreen
[silk_edge_clearance]: Silkscreen clipped by board edge
    Rule: board setup constraints silk; warning
    @(90.0000 mm, 0.0000 mm): Segment on Edge.Cuts
    @(89.4000 mm, 40.7000 mm): Segment of D3 on F.Silkscreen
[silk_edge_clearance]: Silkscreen clipped by board edge
    Rule: board setup constraints silk; warning
    @(90.0000 mm, 0.0000 mm): Segment on Edge.Cuts
    @(90.0000 mm, 40.7000 mm): Segment of D3 on F.Silkscreen
[silk_edge_clearance]: Silkscreen clipped by board edge
    Rule: board setup constraints silk; warning
    @(90.0000 mm, 0.0000 mm): Segment on Edge.Cuts
    @(94.6000 mm, 43.3000 mm): Segment of D3 on F.Silkscreen
[hole_to_hole]: Drilled hole too close to other hole (board setup constraints min 0.2495 mm; actual 0.0000 mm)
    Rule: board setup constraints; warning
    @(86.0350 mm, 21.8900 mm): PTH pad MH4 [<no net>] of J10
    @(88.0000 mm, 22.0000 mm): PTH pad 1 [BOOST_5V] of D2
[hole_to_hole]: Drilled hole too close to other hole (board setup constraints min 0.2495 mm; actual 0.0000 mm)
    Rule: board setup constraints; warning
    @(92.0000 mm, 51.5400 mm): PTH pad 1 [GND] of Q3
    @(92.0000 mm, 52.1900 mm): PTH pad 2 [BUZZER_BASE3] of R4
[hole_to_hole]: Drilled hole too close to other hole (board setup constraints min 0.2495 mm; actual 0.0000 mm)
    Rule: board setup constraints; warning
    @(92.0000 mm, 32.1900 mm): PTH pad 2 [BUZZER_BASE2] of R3
    @(92.0000 mm, 31.5400 mm): PTH pad 1 [GND] of Q2
[lib_footprint_issues]: Footprint 'TO-92_Inline_Wide_Formed' not found in library 'Package_TO_SOT_THT'
    Local override; warning
    @(78.0000 mm, 15.0000 mm): Footprint Q1
[lib_footprint_issues]: The footprint library 'Vario_Buzzer_V2' is not enabled in the current configuration
    Local override; warning
    @(60.0000 mm, 13.0000 mm): Footprint J10
[lib_footprint_mismatch]: Footprint 'R_Axial_DIN0207_L6.3mm_D2.5mm_P7.62mm_Horizontal' does not match copy in library 'Resistor_THT'
    Local override; warning
    @(92.0000 mm, 56.0000 mm): Footprint R4
[lib_footprint_issues]: The footprint library 'Vario_Buzzer_V2' is not enabled in the current configuration
    Local override; warning
    @(18.2000 mm, 9.5000 mm): Footprint C2
[lib_footprint_mismatch]: Footprint 'D_DO-41_SOD81_P10.16mm_Horizontal' does not match copy in library 'Diode_THT'
    Local override; warning
    @(92.0000 mm, 22.0000 mm): Footprint D2
[lib_footprint_issues]: Footprint 'SS12D00G5_Custom' not found in library 'Button_Switch_THT'
    Local override; warning
    @(25.0000 mm, 12.0000 mm): Footprint SW1
[lib_footprint_issues]: The footprint library 'Vario_Buzzer_V2' is not enabled in the current configuration
    Local override; warning
    @(100.0000 mm, 8.0000 mm): Footprint U2
[lib_footprint_issues]: The footprint library 'Vario_Buzzer_V2' is not enabled in the current configuration
    Local override; warning
    @(10.5000 mm, 6.8000 mm): Footprint U1
[lib_footprint_issues]: Footprint 'TO-92_Inline_Wide_Formed' not found in library 'Package_TO_SOT_THT'
    Local override; warning
    @(92.0000 mm, 49.0000 mm): Footprint Q3
[lib_footprint_mismatch]: Footprint 'R_Axial_DIN0207_L6.3mm_D2.5mm_P7.62mm_Horizontal' does not match copy in library 'Resistor_THT'
    Local override; warning
    @(74.0000 mm, 15.0000 mm): Footprint R2
[lib_footprint_mismatch]: Footprint 'R_Axial_DIN0207_L6.3mm_D2.5mm_P7.62mm_Horizontal' does not match copy in library 'Resistor_THT'
    Local override; warning
    @(70.5000 mm, 15.0000 mm): Footprint R1
[lib_footprint_mismatch]: Footprint 'R_Axial_DIN0207_L6.3mm_D2.5mm_P7.62mm_Horizontal' does not match copy in library 'Resistor_THT'
    Local override; warning
    @(92.0000 mm, 36.0000 mm): Footprint R3
[lib_footprint_issues]: Footprint 'Buzzer_12x8.5mm_P7.62mm_Custom' not found in library 'Buzzer_Beeper'
    Local override; warning
    @(85.0000 mm, 13.0000 mm): Footprint BZ1
[lib_footprint_mismatch]: Footprint 'PinHeader_1x01_P2.54mm_Vertical' does not match copy in library 'Connector_PinHeader_2.54mm'
    Local override; warning
    @(68.0000 mm, 15.0000 mm): Footprint J4
[lib_footprint_issues]: The footprint library 'Vario_Buzzer_V2' is not enabled in the current configuration
    Local override; warning
    @(81.0000 mm, 37.0000 mm): Footprint J7
[lib_footprint_mismatch]: Footprint 'JST_PH_S2B-PH-K_1x02_P2.00mm_Horizontal' does not match copy in library 'Connector_JST'
    Local override; warning
    @(86.0000 mm, 10.0000 mm): Footprint J2
[lib_footprint_issues]: The footprint library 'Vario_Buzzer_V2' is not enabled in the current configuration
    Local override; warning
    @(30.0000 mm, 32.3500 mm): Footprint J11
[lib_footprint_issues]: Footprint 'Buzzer_12x8.5mm_P7.62mm_Custom' not found in library 'Buzzer_Beeper'
    Local override; warning
    @(104.0000 mm, 42.0000 mm): Footprint BZ3
[lib_footprint_mismatch]: Footprint 'CP_Radial_D5.0mm_P2.00mm' does not match copy in library 'Capacitor_THT'
    Local override; warning
    @(22.5000 mm, 4.2000 mm): Footprint C1
[lib_footprint_issues]: Footprint 'TO-92_Inline_Wide_Formed' not found in library 'Package_TO_SOT_THT'
    Local override; warning
    @(92.0000 mm, 29.0000 mm): Footprint Q2
[lib_footprint_issues]: The footprint library 'Vario_Buzzer_V2' is not enabled in the current configuration
    Local override; warning
    @(61.0000 mm, 35.0000 mm): Footprint J6
[lib_footprint_issues]: Footprint 'Buzzer_12x8.5mm_P7.62mm_Custom' not found in library 'Buzzer_Beeper'
    Local override; warning
    @(104.0000 mm, 22.0000 mm): Footprint BZ2
[lib_footprint_mismatch]: Footprint 'D_DO-41_SOD81_P10.16mm_Horizontal' does not match copy in library 'Diode_THT'
    Local override; warning
    @(76.0000 mm, 8.0000 mm): Footprint D1
[lib_footprint_mismatch]: Footprint 'D_DO-41_SOD81_P10.16mm_Horizontal' does not match copy in library 'Diode_THT'
    Local override; warning
    @(92.0000 mm, 42.0000 mm): Footprint D3
[lib_footprint_issues]: The footprint library 'Vario_Buzzer_V2' is not enabled in the current configuration
    Local override; warning
    @(52.0000 mm, 31.0000 mm): Footprint J3
[lib_footprint_mismatch]: Footprint 'JST_PH_S2B-PH-K_1x02_P2.00mm_Horizontal' does not match copy in library 'Connector_JST'
    Local override; warning
    @(78.0000 mm, 45.0000 mm): Footprint J1
[lib_footprint_issues]: The footprint library 'Vario_Buzzer_V2' is not enabled in the current configuration
    Local override; warning
    @(72.0000 mm, 41.5000 mm): Footprint J5
[text_height]: Text height out of range (board setup constraints silk text height min height 0.8000 mm; actual 0.4600 mm)
    Rule: board setup constraints silk text height; warning
    @(37.0000 mm, 49.0000 mm): PCB text 'BTN nets copied from Ant Display: BACK GPIO3, NEXT GPIO4, DOWN GPIO5, UP net on FREEBIE/ESP4' on F.Silkscreen
[text_height]: Text height out of range (board setup constraints silk text height min height 0.8000 mm; actual 0.4800 mm)
    Rule: board setup constraints silk text height; warning
    @(18.0000 mm, 1.3000 mm): PCB text 'C1 bulk, C2 decoupling on SW_BAT/GND' on F.Silkscreen
[text_height]: Text height out of range (board setup constraints silk text height min height 0.8000 mm; actual 0.4800 mm)
    Rule: board setup constraints silk text height; warning
    @(76.0000 mm, 28.5000 mm): PCB text 'R1 470R D13/GPIO13 to Q1 base' on F.Silkscreen
[text_height]: Text height out of range (board setup constraints silk text height min height 0.8000 mm; actual 0.4800 mm)
    Rule: board setup constraints silk text height; warning
    @(80.0000 mm, 28.5000 mm): PCB text 'R2 100k base to GND; Q1 S8050 E-B-C' on F.Silkscreen
[text_height]: Text height out of range (board setup constraints silk text height min height 0.8000 mm; actual 0.5000 mm)
    Rule: board setup constraints silk text height; warning
    @(1.0000 mm, 13.0000 mm): PCB text 'U1 USB-C edge faces board left; BAT pads face right' on F.Silkscreen
[text_height]: Text height out of range (board setup constraints silk text height min height 0.8000 mm; actual 0.5200 mm)
    Rule: board setup constraints silk text height; warning
    @(2.0000 mm, 49.0000 mm): PCB text 'J11 SparkFun Qwiic OLED 1.3in; J3 pins GND 3V3 SDA SCL' on F.Silkscreen
[text_height]: Text height out of range (board setup constraints silk text height min height 0.8000 mm; actual 0.5500 mm)
    Rule: board setup constraints silk text height; warning
    @(31.0000 mm, 25.7000 mm): PCB text 'J10 SparkFun Thing Plus ESP32 WROOM-C, SparkFun Eagle header geometry' on F.Silkscreen
[text_height]: Text height out of range (board setup constraints silk text height min height 0.8000 mm; actual 0.5800 mm)
    Rule: board setup constraints silk text height; warning
    @(2.0000 mm, 4.5000 mm): PCB text 'PCB 90x50mm, 1.5mm FR4; drill set: 0.8/1/1.2/1.4/1.6/2/2.4/3/3.175mm' on F.Silkscreen
[text_height]: Text height out of range (board setup constraints silk text height min height 0.8000 mm; actual 0.7000 mm)
    Rule: board setup constraints silk text height; warning
    @(2.0000 mm, 2.3000 mm): PCB text 'Vario Buzzer / Sensor Interposer V2 - SparkFun Thing Plus + Qwiic OLED, no traces' on F.Silkscreen
[text_height]: Text height out of range (board setup constraints silk text height min height 0.8000 mm; actual 0.5000 mm)
    Rule: board setup constraints silk text height; warning
    @(73.0000 mm, 49.0000 mm): PCB text 'J5 HGLRC M100 manual pin order: RX TX VCC GND' on B.Silkscreen
[text_height]: Text height out of range (board setup constraints silk text height min height 0.8000 mm; actual 0.5400 mm)
    Rule: board setup constraints silk text height; warning
    @(43.0000 mm, 22.0000 mm): PCB text 'Back side: optional external SD plus HGLRC M100' on B.Silkscreen
[text_height]: Text height out of range (board setup constraints silk text height min height 0.8000 mm; actual 0.5400 mm)
    Rule: board setup constraints silk text height; warning
    @(72.0000 mm, 49.0000 mm): PCB text 'J1 bottom LiPo JST' on B.Silkscreen
[text_height]: Text height out of range (board setup constraints silk text height min height 0.8000 mm; actual 0.7200 mm)
    Rule: board setup constraints silk text height; warning
    @(31.1550 mm, 2.7700 mm): Footprint text of J10 (SPARKFUN THING PLUS ESP32 WROOM-C)
[text_height]: Text height out of range (board setup constraints silk text height min height 0.8000 mm; actual 0.4800 mm)
    Rule: board setup constraints silk text height; warning
    @(31.1550 mm, 13.0000 mm): Footprint text of J10 (header geometry from SparkFun Eagle J5)
[text_height]: Text height out of range (board setup constraints silk text height min height 0.8000 mm; actual 0.5800 mm)
    Rule: board setup constraints silk text height; warning
    @(31.1550 mm, 23.2300 mm): Footprint text of J10 (USB-C end)
[text_height]: Text height out of range (board setup constraints silk text height min height 0.8000 mm; actual 0.7000 mm)
    Rule: board setup constraints silk text height; warning
    @(92.0000 mm, 56.0000 mm): Value field of R4 (470R)
[text_height]: Text height out of range (board setup constraints silk text height min height 0.8000 mm; actual 0.7000 mm)
    Rule: board setup constraints silk text height; warning
    @(18.2000 mm, 11.6500 mm): Value field of C2 (0.1uF CER)
[text_height]: Text height out of range (board setup constraints silk text height min height 0.8000 mm; actual 0.6000 mm)
    Rule: board setup constraints silk text height; warning
    @(100.0000 mm, 3.4000 mm): Footprint text of U2 (5V BOOST)
[text_height]: Text height out of range (board setup constraints silk text height min height 0.8000 mm; actual 0.5500 mm)
    Rule: board setup constraints silk text height; warning
    @(100.0000 mm, 12.7000 mm): Footprint text of U2 (Vin GND Vout)
[text_height]: Text height out of range (board setup constraints silk text height min height 0.8000 mm; actual 0.5500 mm)
    Rule: board setup constraints silk text height; warning
    @(10.5000 mm, -3.7500 mm): Footprint text of U1 (USB-C)
[text_height]: Text height out of range (board setup constraints silk text height min height 0.8000 mm; actual 0.5000 mm)
    Rule: board setup constraints silk text height; warning
    @(10.5000 mm, 3.9500 mm): Footprint text of U1 (IN-      IN+)
[text_height]: Text height out of range (board setup constraints silk text height min height 0.8000 mm; actual 0.7000 mm)
    Rule: board setup constraints silk text height; warning
    @(10.5000 mm, 7.0000 mm): Footprint text of U1 (TP4057)
[text_height]: Text height out of range (board setup constraints silk text height min height 0.8000 mm; actual 0.5000 mm)
    Rule: board setup constraints silk text height; warning
    @(10.5000 mm, 9.8500 mm): Footprint text of U1 (OUT- BAT- BAT+ OUT+)
[text_height]: Text height out of range (board setup constraints silk text height min height 0.8000 mm; actual 0.7000 mm)
    Rule: board setup constraints silk text height; warning
    @(74.0000 mm, 15.0000 mm): Value field of R2 (100k)
[text_height]: Text height out of range (board setup constraints silk text height min height 0.8000 mm; actual 0.7000 mm)
    Rule: board setup constraints silk text height; warning
    @(70.5000 mm, 15.0000 mm): Value field of R1 (470R)
[text_height]: Text height out of range (board setup constraints silk text height min height 0.8000 mm; actual 0.7000 mm)
    Rule: board setup constraints silk text height; warning
    @(92.0000 mm, 36.0000 mm): Value field of R3 (470R)
[text_height]: Text height out of range (board setup constraints silk text height min height 0.8000 mm; actual 0.7200 mm)
    Rule: board setup constraints silk text height; warning
    @(73.3500 mm, 49.1000 mm): Footprint text of J7 (SHT41)
[text_height]: Text height out of range (board setup constraints silk text height min height 0.8000 mm; actual 0.5500 mm)
    Rule: board setup constraints silk text height; warning
    @(88.3500 mm, 49.1000 mm): Footprint text of J7 (TOP; pins solder backside)
[text_height]: Text height out of range (board setup constraints silk text height min height 0.8000 mm; actual 0.6000 mm)
    Rule: board setup constraints silk text height; warning
    @(30.0000 mm, 48.9500 mm): Footprint text of J11 (pin1=3v3 ... pin9=CONFIRM)
[text_height]: Text height out of range (board setup constraints silk text height min height 0.8000 mm; actual 0.7000 mm)
    Rule: board setup constraints silk text height; warning
    @(22.5000 mm, 7.2500 mm): Value field of C1 (47-100uF ELEC)
[text_height]: Text height out of range (board setup constraints silk text height min height 0.8000 mm; actual 0.7200 mm)
    Rule: board setup constraints silk text height; warning
    @(48.9000 mm, 27.3500 mm): Footprint text of J6 (BMP390/BMP5xx)
[text_height]: Text height out of range (board setup constraints silk text height min height 0.8000 mm; actual 0.5500 mm)
    Rule: board setup constraints silk text height; warning
    @(48.9000 mm, 42.3500 mm): Footprint text of J6 (TOP; pins solder backside)
[text_height]: Text height out of range (board setup constraints silk text height min height 0.8000 mm; actual 0.7200 mm)
    Rule: board setup constraints silk text height; warning
    @(43.5000 mm, 23.2000 mm): Footprint text of J3 (BACK SD)
[text_height]: Text height out of range (board setup constraints silk text height min height 0.8000 mm; actual 0.4800 mm)
    Rule: board setup constraints silk text height; warning
    @(43.5000 mm, 38.6000 mm): Footprint text of J3 (1 GND 2 MISO 3 CLK 4 MOSI 5 CS 6 3V3)
[text_height]: Text height out of range (board setup constraints silk text height min height 0.8000 mm; actual 0.6200 mm)
    Rule: board setup constraints silk text height; warning
    @(65.0000 mm, 35.3000 mm): Footprint text of J5 (BACK HGLRC M100)
[text_height]: Text height out of range (board setup constraints silk text height min height 0.8000 mm; actual 0.5000 mm)
    Rule: board setup constraints silk text height; warning
    @(65.0000 mm, 47.7000 mm): Footprint text of J5 (manual: RX TX VCC GND)
[silk_overlap]: Silkscreen clearance
    Rule: board setup constraints silk; warning
    @(37.0000 mm, 49.0000 mm): PCB text 'BTN nets copied from Ant Display: BACK GPIO3, NEXT GPIO4, DOWN GPIO5, UP net on FREEBIE/ESP4' on F.Silkscreen
    @(59.6500 mm, 14.7000 mm): Segment of J11 on F.Silkscreen
[silk_overlap]: Silkscreen clearance
    Rule: board setup constraints silk; warning
    @(73.3500 mm, 49.1000 mm): Footprint text of J7 (SHT41)
    @(37.0000 mm, 49.0000 mm): PCB text 'BTN nets copied from Ant Display: BACK GPIO3, NEXT GPIO4, DOWN GPIO5, UP net on FREEBIE/ESP4' on F.Silkscreen
[silk_overlap]: Silkscreen clearance
    Rule: board setup constraints silk; warning
    @(37.0000 mm, 49.0000 mm): PCB text 'BTN nets copied from Ant Display: BACK GPIO3, NEXT GPIO4, DOWN GPIO5, UP net on FREEBIE/ESP4' on F.Silkscreen
    @(72.1100 mm, 49.7000 mm): Segment of J7 on F.Silkscreen
[silk_overlap]: Silkscreen clearance
    Rule: board setup constraints silk; warning
    @(73.3500 mm, 49.1000 mm): Footprint text of J7 (SHT41)
    @(72.1100 mm, 49.7000 mm): Segment of J7 on F.Silkscreen
[silk_overlap]: Silkscreen clearance
    Rule: board setup constraints silk; warning
    @(89.8450 mm, 24.4300 mm): Segment of J10 on F.Silkscreen
    @(76.0000 mm, 28.5000 mm): PCB text 'R1 470R D13/GPIO13 to Q1 base' on F.Silkscreen
[silk_overlap]: Silkscreen clearance
    Rule: board setup constraints silk; warning
    @(72.1100 mm, 24.3000 mm): Segment of J7 on F.Silkscreen
    @(76.0000 mm, 28.5000 mm): PCB text 'R1 470R D13/GPIO13 to Q1 base' on F.Silkscreen
[silk_overlap]: Silkscreen clearance
    Rule: board setup constraints silk; warning
    @(80.0000 mm, 28.5000 mm): PCB text 'R2 100k base to GND; Q1 S8050 E-B-C' on F.Silkscreen
    @(89.8450 mm, 24.4300 mm): Segment of J10 on F.Silkscreen
[silk_overlap]: Silkscreen clearance
    Rule: board setup constraints silk; warning
    @(80.0000 mm, 28.5000 mm): PCB text 'R2 100k base to GND; Q1 S8050 E-B-C' on F.Silkscreen
    @(72.1100 mm, 24.3000 mm): Segment of J7 on F.Silkscreen
[silk_overlap]: Silkscreen clearance
    Rule: board setup constraints silk; warning
    @(80.0000 mm, 28.5000 mm): PCB text 'R2 100k base to GND; Q1 S8050 E-B-C' on F.Silkscreen
    @(78.0000 mm, 15.0000 mm): Circle of Q1 on F.Silkscreen
[silk_overlap]: Silkscreen clearance
    Rule: board setup constraints silk; warning
    @(85.0000 mm, 13.0000 mm): Circle of BZ1 on F.Silkscreen
    @(80.0000 mm, 28.5000 mm): PCB text 'R2 100k base to GND; Q1 S8050 E-B-C' on F.Silkscreen
[silk_overlap]: Silkscreen clearance
    Rule: board setup constraints silk; warning
    @(85.0000 mm, 13.0000 mm): Circle of BZ1 on F.Silkscreen
    @(79.6000 mm, 17.6000 mm): Segment of Q1 on F.Silkscreen
[silk_overlap]: Silkscreen clearance
    Rule: board setup constraints silk; warning
    @(78.0000 mm, 15.0000 mm): Circle of Q1 on F.Silkscreen
    @(76.0000 mm, 28.5000 mm): PCB text 'R1 470R D13/GPIO13 to Q1 base' on F.Silkscreen
[silk_overlap]: Silkscreen clearance
    Rule: board setup constraints silk; warning
    @(85.0000 mm, 13.0000 mm): Circle of BZ1 on F.Silkscreen
    @(78.0000 mm, 15.0000 mm): Circle of Q1 on F.Silkscreen
[silk_overlap]: Silkscreen clearance
    Rule: board setup constraints silk; warning
    @(74.8000 mm, 15.0000 mm): Reference field of Q1
    @(75.2500 mm, 11.8500 mm): Segment of R2 on F.Silkscreen
[silk_overlap]: Silkscreen clearance
    Rule: board setup constraints silk; warning
    @(74.8000 mm, 15.0000 mm): Reference field of Q1
    @(74.0000 mm, 15.0000 mm): Value field of R2 (100k)
[silk_overlap]: Silkscreen clearance
    Rule: board setup constraints silk; warning
    @(31.0000 mm, 25.7000 mm): PCB text 'J10 SparkFun Thing Plus ESP32 WROOM-C, SparkFun Eagle header geometry' on F.Silkscreen
    @(48.3000 mm, 26.1100 mm): Segment of J6 on F.Silkscreen
[silk_overlap]: Silkscreen clearance
    Rule: board setup constraints silk; warning
    @(67.3000 mm, 15.0000 mm): Reference field of R1
    @(68.0000 mm, 15.0000 mm): Circle of J4 on F.Silkscreen
[silk_overlap]: Silkscreen clearance
    Rule: board setup constraints silk; warning
    @(89.8450 mm, 1.5700 mm): Segment of J10 on F.Silkscreen
    @(89.4000 mm, 20.7000 mm): Segment of D2 on F.Silkscreen
[silk_overlap]: Silkscreen clearance
    Rule: board setup constraints silk; warning
    @(94.6000 mm, 23.3000 mm): Segment of D2 on F.Silkscreen
    @(89.8450 mm, 1.5700 mm): Segment of J10 on F.Silkscreen
[silk_overlap]: Silkscreen clearance
    Rule: board setup constraints silk; warning
    @(89.8900 mm, 24.3000 mm): Segment of J7 on F.Silkscreen
    @(92.0000 mm, 49.0000 mm): Circle of Q3 on F.Silkscreen
[silk_overlap]: Silkscreen clearance
    Rule: board setup constraints silk; warning
    @(89.8900 mm, 49.7000 mm): Segment of J7 on F.Silkscreen
    @(92.0000 mm, 49.0000 mm): Circle of Q3 on F.Silkscreen
[silk_overlap]: Silkscreen clearance
    Rule: board setup constraints silk; warning
    @(89.8900 mm, 24.3000 mm): Segment of J7 on F.Silkscreen
    @(89.4000 mm, 40.7000 mm): Segment of D3 on F.Silkscreen
[silk_overlap]: Silkscreen clearance
    Rule: board setup constraints silk; warning
    @(89.8900 mm, 24.3000 mm): Segment of J7 on F.Silkscreen
    @(90.0000 mm, 40.7000 mm): Segment of D3 on F.Silkscreen
[silk_overlap]: Silkscreen clearance
    Rule: board setup constraints silk; warning
    @(89.8900 mm, 24.3000 mm): Segment of J7 on F.Silkscreen
    @(94.6000 mm, 43.3000 mm): Segment of D3 on F.Silkscreen
[silk_overlap]: Silkscreen clearance
    Rule: board setup constraints silk; warning
    @(85.0000 mm, 13.0000 mm): Circle of BZ1 on F.Silkscreen
    @(89.8450 mm, 1.5700 mm): Segment of J10 on F.Silkscreen
[silk_overlap]: Silkscreen clearance
    Rule: board setup constraints silk; warning
    @(89.8450 mm, 1.5700 mm): Segment of J10 on F.Silkscreen
    @(72.1100 mm, 24.3000 mm): Segment of J7 on F.Silkscreen
[silk_overlap]: Silkscreen clearance
    Rule: board setup constraints silk; warning
    @(89.8900 mm, 24.3000 mm): Segment of J7 on F.Silkscreen
    @(89.8450 mm, 1.5700 mm): Segment of J10 on F.Silkscreen
[silk_overlap]: Silkscreen clearance
    Rule: board setup constraints silk; warning
    @(85.0000 mm, 13.0000 mm): Circle of BZ1 on F.Silkscreen
    @(89.0000 mm, 8.5000 mm): Segment of J2 on F.Silkscreen
[silk_overlap]: Silkscreen clearance
    Rule: board setup constraints silk; warning
    @(85.0000 mm, 13.0000 mm): Circle of BZ1 on F.Silkscreen
    @(87.0000 mm, 7.1000 mm): Reference field of J2
[silk_overlap]: Silkscreen clearance
    Rule: board setup constraints silk; warning
    @(85.0000 mm, 13.0000 mm): Circle of BZ1 on F.Silkscreen
    @(83.0000 mm, 8.5000 mm): Segment of J2 on F.Silkscreen
[silk_overlap]: Silkscreen clearance
    Rule: board setup constraints silk; warning
    @(30.1550 mm, 1.5700 mm): Segment of J10 on F.Silkscreen
    @(18.0000 mm, 1.3000 mm): PCB text 'C1 bulk, C2 decoupling on SW_BAT/GND' on F.Silkscreen
[silk_overlap]: Silkscreen clearance
    Rule: board setup constraints silk; warning
    @(30.1550 mm, 24.4300 mm): Segment of J10 on F.Silkscreen
    @(18.0000 mm, 1.3000 mm): PCB text 'C1 bulk, C2 decoupling on SW_BAT/GND' on F.Silkscreen
[silk_overlap]: Silkscreen clearance
    Rule: board setup constraints silk; warning
    @(30.1550 mm, 24.4300 mm): Segment of J10 on F.Silkscreen
    @(31.1550 mm, 2.7700 mm): Footprint text of J10 (SPARKFUN THING PLUS ESP32 WROOM-C)
[silk_overlap]: Silkscreen clearance
    Rule: board setup constraints silk; warning
    @(30.1550 mm, 24.4300 mm): Segment of J10 on F.Silkscreen
    @(2.0000 mm, 4.5000 mm): PCB text 'PCB 90x50mm, 1.5mm FR4; drill set: 0.8/1/1.2/1.4/1.6/2/2.4/3/3.175mm' on F.Silkscreen
[silk_overlap]: Silkscreen clearance
    Rule: board setup constraints silk; warning
    @(30.1550 mm, 24.4300 mm): Segment of J10 on F.Silkscreen
    @(2.0000 mm, 2.3000 mm): PCB text 'Vario Buzzer / Sensor Interposer V2 - SparkFun Thing Plus + Qwiic OLED, no traces' on F.Silkscreen
[silk_overlap]: Silkscreen clearance
    Rule: board setup constraints silk; warning
    @(30.1550 mm, 24.4300 mm): Segment of J10 on F.Silkscreen
    @(0.3500 mm, 14.7000 mm): Segment of J11 on F.Silkscreen
[silk_overlap]: Silkscreen clearance
    Rule: board setup constraints silk; warning
    @(30.1550 mm, 24.4300 mm): Segment of J10 on F.Silkscreen
    @(31.1550 mm, 13.0000 mm): Footprint text of J10 (header geometry from SparkFun Eagle J5)
[silk_overlap]: Silkscreen clearance
    Rule: board setup constraints silk; warning
    @(30.1550 mm, 24.4300 mm): Segment of J10 on F.Silkscreen
    @(31.1550 mm, 23.2300 mm): Footprint text of J10 (USB-C end)
[silk_overlap]: Silkscreen clearance
    Rule: board setup constraints silk; warning
    @(30.1550 mm, 24.4300 mm): Segment of J10 on F.Silkscreen
    @(30.0000 mm, 15.7500 mm): Footprint text of J11 (M16968 OLED + KNOB)
[silk_overlap]: Silkscreen clearance
    Rule: board setup constraints silk; warning
    @(89.8450 mm, 24.4300 mm): Segment of J10 on F.Silkscreen
    @(72.1100 mm, 49.7000 mm): Segment of J7 on F.Silkscreen
[silk_overlap]: Silkscreen clearance
    Rule: board setup constraints silk; warning
    @(89.8900 mm, 24.3000 mm): Segment of J7 on F.Silkscreen
    @(89.8450 mm, 24.4300 mm): Segment of J10 on F.Silkscreen
[silk_overlap]: Silkscreen clearance
    Rule: board setup constraints silk; warning
    @(89.8450 mm, 24.4300 mm): Segment of J10 on F.Silkscreen
    @(59.6500 mm, 14.7000 mm): Segment of J11 on F.Silkscreen
[silk_overlap]: Silkscreen clearance
    Rule: board setup constraints silk; warning
    @(48.3000 mm, 26.1100 mm): Segment of J6 on F.Silkscreen
    @(72.1100 mm, 49.7000 mm): Segment of J7 on F.Silkscreen
[silk_overlap]: Silkscreen clearance
    Rule: board setup constraints silk; warning
    @(48.3000 mm, 26.1100 mm): Segment of J6 on F.Silkscreen
    @(59.6500 mm, 14.7000 mm): Segment of J11 on F.Silkscreen
[silk_overlap]: Silkscreen clearance
    Rule: board setup constraints silk; warning
    @(73.7000 mm, 43.8900 mm): Segment of J6 on F.Silkscreen
    @(72.1100 mm, 49.7000 mm): Segment of J7 on F.Silkscreen
[silk_overlap]: Silkscreen clearance
    Rule: board setup constraints silk; warning
    @(73.7000 mm, 43.8900 mm): Segment of J6 on F.Silkscreen
    @(59.6500 mm, 14.7000 mm): Segment of J11 on F.Silkscreen
[silk_overlap]: Silkscreen clearance
    Rule: board setup constraints silk; warning
    @(88.3500 mm, 49.1000 mm): Footprint text of J7 (TOP; pins solder backside)
    @(88.8000 mm, 49.0000 mm): Reference field of Q3
[silk_overlap]: Silkscreen clearance
    Rule: board setup constraints silk; warning
    @(89.8900 mm, 24.3000 mm): Segment of J7 on F.Silkscreen
    @(92.0000 mm, 29.0000 mm): Circle of Q2 on F.Silkscreen
[silk_overlap]: Silkscreen clearance
    Rule: board setup constraints silk; warning
    @(89.8900 mm, 49.7000 mm): Segment of J7 on F.Silkscreen
    @(88.8000 mm, 49.0000 mm): Reference field of Q3
[silk_overlap]: Silkscreen clearance
    Rule: board setup constraints silk; warning
    @(2.0000 mm, 49.0000 mm): PCB text 'J11 SparkFun Qwiic OLED 1.3in; J3 pins GND 3V3 SDA SCL' on F.Silkscreen
    @(30.0000 mm, 48.9500 mm): Footprint text of J11 (pin1=3v3 ... pin9=CONFIRM)
[silk_overlap]: Silkscreen clearance
    Rule: board setup constraints silk; warning
    @(48.3000 mm, 43.8900 mm): Segment of J6 on F.Silkscreen
    @(48.9000 mm, 27.3500 mm): Footprint text of J6 (BMP390/BMP5xx)
[silk_overlap]: Silkscreen clearance
    Rule: board setup constraints silk; warning
    @(48.3000 mm, 43.8900 mm): Segment of J6 on F.Silkscreen
    @(48.9000 mm, 42.3500 mm): Footprint text of J6 (TOP; pins solder backside)
[silk_overlap]: Silkscreen clearance
    Rule: board setup constraints silk; warning
    @(10.5000 mm, 13.4000 mm): Reference field of U1
    @(1.0000 mm, 13.0000 mm): PCB text 'U1 USB-C edge faces board left; BAT pads face right' on F.Silkscreen
[silk_overlap]: Silkscreen clearance
    Rule: board setup constraints silk; warning
    @(4.4000 mm, 12.1760 mm): Segment of U1 on F.Silkscreen
    @(2.0000 mm, 4.5000 mm): PCB text 'PCB 90x50mm, 1.5mm FR4; drill set: 0.8/1/1.2/1.4/1.6/2/2.4/3/3.175mm' on F.Silkscreen
[silk_overlap]: Silkscreen clearance
    Rule: board setup constraints silk; warning
    @(4.4000 mm, 12.1760 mm): Segment of U1 on F.Silkscreen
    @(2.0000 mm, 2.3000 mm): PCB text 'Vario Buzzer / Sensor Interposer V2 - SparkFun Thing Plus + Qwiic OLED, no traces' on F.Silkscreen
[silk_overlap]: Silkscreen clearance
    Rule: board setup constraints silk; warning
    @(31.1550 mm, 2.7700 mm): Footprint text of J10 (SPARKFUN THING PLUS ESP32 WROOM-C)
    @(2.0000 mm, 2.3000 mm): PCB text 'Vario Buzzer / Sensor Interposer V2 - SparkFun Thing Plus + Qwiic OLED, no traces' on F.Silkscreen
[silk_overlap]: Silkscreen clearance
    Rule: board setup constraints silk; warning
    @(2.0000 mm, 2.3000 mm): PCB text 'Vario Buzzer / Sensor Interposer V2 - SparkFun Thing Plus + Qwiic OLED, no traces' on F.Silkscreen
    @(22.5000 mm, 4.2000 mm): Circle of C1 on F.Silkscreen
[silk_overlap]: Silkscreen clearance
    Rule: board setup constraints silk; warning
    @(31.1550 mm, 2.7700 mm): Footprint text of J10 (SPARKFUN THING PLUS ESP32 WROOM-C)
    @(22.5000 mm, 4.2000 mm): Circle of C1 on F.Silkscreen
[silk_overlap]: Silkscreen clearance
    Rule: board setup constraints silk; warning
    @(2.0000 mm, 4.5000 mm): PCB text 'PCB 90x50mm, 1.5mm FR4; drill set: 0.8/1/1.2/1.4/1.6/2/2.4/3/3.175mm' on F.Silkscreen
    @(22.5000 mm, 4.2000 mm): Circle of C1 on F.Silkscreen
[silk_overlap]: Silkscreen clearance
    Rule: board setup constraints silk; warning
    @(22.5000 mm, 1.0000 mm): Reference field of C1
    @(18.0000 mm, 1.3000 mm): PCB text 'C1 bulk, C2 decoupling on SW_BAT/GND' on F.Silkscreen
[silk_overlap]: Silkscreen clearance
    Rule: board setup constraints silk; warning
    @(23.1000 mm, 16.3000 mm): Segment of SW1 on F.Silkscreen
    @(0.3500 mm, 14.7000 mm): Segment of J11 on F.Silkscreen
[silk_overlap]: Silkscreen clearance
    Rule: board setup constraints silk; warning
    @(26.9000 mm, 7.7000 mm): Segment of SW1 on F.Silkscreen
    @(0.3500 mm, 14.7000 mm): Segment of J11 on F.Silkscreen
[silk_overlap]: Silkscreen clearance
    Rule: board setup constraints silk; warning
    @(1.0000 mm, 13.0000 mm): PCB text 'U1 USB-C edge faces board left; BAT pads face right' on F.Silkscreen
    @(21.8000 mm, 12.0000 mm): Reference field of SW1
[silk_overlap]: Silkscreen clearance
    Rule: board setup constraints silk; warning
    @(26.9000 mm, 7.7000 mm): Segment of SW1 on F.Silkscreen
    @(31.1550 mm, 13.0000 mm): Footprint text of J10 (header geometry from SparkFun Eagle J5)
[silk_overlap]: Silkscreen clearance
    Rule: board setup constraints silk; warning
    @(26.9000 mm, 7.7000 mm): Segment of SW1 on F.Silkscreen
    @(30.0000 mm, 15.7500 mm): Footprint text of J11 (M16968 OLED + KNOB)
[silk_overlap]: Silkscreen clearance
    Rule: board setup constraints silk; warning
    @(10.5000 mm, 3.9500 mm): Footprint text of U1 (IN-      IN+)
    @(2.0000 mm, 4.5000 mm): PCB text 'PCB 90x50mm, 1.5mm FR4; drill set: 0.8/1/1.2/1.4/1.6/2/2.4/3/3.175mm' on F.Silkscreen
[silk_overlap]: Silkscreen clearance
    Rule: board setup constraints silk; warning
    @(2.0000 mm, 4.5000 mm): PCB text 'PCB 90x50mm, 1.5mm FR4; drill set: 0.8/1/1.2/1.4/1.6/2/2.4/3/3.175mm' on F.Silkscreen
    @(16.6000 mm, -4.6240 mm): Segment of U1 on F.Silkscreen
[silk_overlap]: Silkscreen clearance
    Rule: board setup constraints silk; warning
    @(18.2000 mm, 6.3000 mm): Reference field of C2
    @(22.5000 mm, 7.2500 mm): Value field of C1 (47-100uF ELEC)
[silk_overlap]: Silkscreen clearance
    Rule: board setup constraints silk; warning
    @(18.2000 mm, 11.6500 mm): Value field of C2 (0.1uF CER)
    @(16.6000 mm, -4.6240 mm): Segment of U1 on F.Silkscreen
[silk_overlap]: Silkscreen clearance
    Rule: board setup constraints silk; warning
    @(16.7000 mm, 8.6000 mm): Segment of C2 on F.Silkscreen
    @(16.6000 mm, -4.6240 mm): Segment of U1 on F.Silkscreen
[silk_overlap]: Silkscreen clearance
    Rule: board setup constraints silk; warning
    @(16.7000 mm, 10.4000 mm): Segment of C2 on F.Silkscreen
    @(16.6000 mm, -4.6240 mm): Segment of U1 on F.Silkscreen
[silk_overlap]: Silkscreen clearance
    Rule: board setup constraints silk; warning
    @(16.6000 mm, -4.6240 mm): Segment of U1 on F.Silkscreen
    @(19.7000 mm, 10.4000 mm): Segment of C2 on F.Silkscreen
[silk_over_copper]: Silkscreen clipped by solder mask
    Local override; warning
    @(37.0000 mm, 49.0000 mm): PCB text 'BTN nets copied from Ant Display: BACK GPIO3, NEXT GPIO4, DOWN GPIO5, UP net on FREEBIE/ESP4' on F.Silkscreen
    @(59.6500 mm, 47.1000 mm): PTH pad MH4 [<no net>] of J11
[silk_over_copper]: Silkscreen clipped by solder mask
    Local override; warning
    @(73.7000 mm, 26.1100 mm): Segment of J6 on F.Silkscreen
    @(74.6500 mm, 42.0800 mm): PTH pad 1 [3V3] of J7
[silk_over_copper]: Silkscreen clipped by solder mask
    Local override; warning
    @(73.7000 mm, 26.1100 mm): Segment of J6 on F.Silkscreen
    @(74.6500 mm, 34.4600 mm): PTH pad 4 [SCL] of J7
[silk_over_copper]: Silkscreen clipped by solder mask
    Local override; warning
    @(73.7000 mm, 26.1100 mm): Segment of J6 on F.Silkscreen
    @(74.6500 mm, 31.9200 mm): PTH pad 5 [SDA] of J7
[silk_over_copper]: Silkscreen clipped by solder mask
    Local override; warning
    @(73.7000 mm, 26.1100 mm): Segment of J6 on F.Silkscreen
    @(74.6500 mm, 39.5400 mm): PTH pad 2 [3V3] of J7
[silk_over_copper]: Silkscreen clipped by solder mask
    Local override; warning
    @(73.7000 mm, 26.1100 mm): Segment of J6 on F.Silkscreen
    @(74.6500 mm, 37.0000 mm): PTH pad 3 [GND] of J7
[silk_over_copper]: Silkscreen clipped by solder mask
    Local override; warning
    @(76.0000 mm, 28.5000 mm): PCB text 'R1 470R D13/GPIO13 to Q1 base' on F.Silkscreen
    @(77.1450 mm, 23.1600 mm): PTH pad 15 [GPS_TX_THING_RX] of J10
[silk_over_copper]: Silkscreen clipped by solder mask
    Local override; warning
    @(80.0000 mm, 28.5000 mm): PCB text 'R2 100k base to GND; Q1 S8050 E-B-C' on F.Silkscreen
    @(79.6850 mm, 23.1600 mm): PTH pad 14 [GPS_RX_THING_TX] of J10
[silk_over_copper]: Silkscreen clipped by solder mask
    Local override; warning
    @(78.0000 mm, 15.0000 mm): Circle of Q1 on F.Silkscreen
    @(78.0000 mm, 12.4600 mm): PTH pad 3 [BUZZER_LOW] of Q1
[silk_over_copper]: Silkscreen clipped by solder mask
    Local override; warning
    @(78.0000 mm, 15.0000 mm): Circle of Q1 on F.Silkscreen
    @(78.0000 mm, 17.5400 mm): PTH pad 1 [GND] of Q1
[silk_over_copper]: Silkscreen clipped by solder mask
    Local override; warning
    @(77.2000 mm, 15.0000 mm): Reference field of R2
    @(78.0000 mm, 15.0000 mm): PTH pad 2 [BUZZER_BASE] of Q1
[silk_over_copper]: Silkscreen clipped by solder mask
    Local override; warning
    @(67.3000 mm, 15.0000 mm): Reference field of R1
    @(68.0000 mm, 15.0000 mm): PTH pad e [D13_BUZZER_GPIO13] of J4
[silk_over_copper]: Silkscreen clipped by solder mask
    Local override; warning
    @(87.0000 mm, 7.1000 mm): Reference field of J2
    @(87.0000 mm, 8.2500 mm): PTH pad 2 [GND] of J2
[silk_over_copper]: Silkscreen clipped by solder mask
    Local override; warning
    @(89.0000 mm, 8.5000 mm): Segment of J2 on F.Silkscreen
    @(88.5000 mm, 13.0000 mm): PTH pad 2 [BUZZER_LOW] of BZ1
[silk_over_copper]: Silkscreen clipped by solder mask
    Local override; warning
    @(69.2500 mm, 18.1500 mm): Segment of R1 on F.Silkscreen
    @(68.0000 mm, 15.0000 mm): PTH pad e [D13_BUZZER_GPIO13] of J4
[silk_over_copper]: Silkscreen clipped by solder mask
    Local override; warning
    @(71.7500 mm, 18.1500 mm): Segment of R1 on F.Silkscreen
    @(70.5000 mm, 18.8100 mm): PTH pad 1 [D13_BUZZER_GPIO13] of R1
[silk_over_copper]: Silkscreen clipped by solder mask
    Local override; warning
    @(85.0000 mm, 13.0000 mm): Circle of BZ1 on F.Silkscreen
    @(85.0000 mm, 8.2500 mm): PTH pad 1 [SW_BAT] of J2
[silk_over_copper]: Silkscreen clipped by solder mask
    Local override; warning
    @(85.0000 mm, 13.0000 mm): Circle of BZ1 on F.Silkscreen
    @(87.0000 mm, 8.2500 mm): PTH pad 2 [GND] of J2
[silk_over_copper]: Silkscreen clipped by solder mask
    Local override; warning
    @(83.0000 mm, 8.5000 mm): Segment of J2 on F.Silkscreen
    @(85.0000 mm, 8.2500 mm): PTH pad 1 [SW_BAT] of J2
[silk_over_copper]: Silkscreen clipped by solder mask
    Local override; warning
    @(83.0000 mm, 8.5000 mm): Segment of J2 on F.Silkscreen
    @(87.0000 mm, 8.2500 mm): PTH pad 2 [GND] of J2
[silk_over_copper]: Silkscreen clipped by solder mask
    Local override; warning
    @(85.0000 mm, 9.8000 mm): Reference field of BZ1
    @(85.0000 mm, 8.2500 mm): PTH pad 1 [SW_BAT] of J2
[silk_over_copper]: Silkscreen clipped by solder mask
    Local override; warning
    @(30.1550 mm, 24.4300 mm): Segment of J10 on F.Silkscreen
    @(30.6300 mm, 16.7100 mm): PTH pad 9 [OLED_CONFIRM] of J11
[silk_over_copper]: Silkscreen clipped by solder mask
    Local override; warning
    @(0.3500 mm, 50.0000 mm): Segment of J11 on F.Silkscreen
    @(0.5000 mm, 17.6000 mm): PTH pad MH1 [<no net>] of J11
[silk_over_copper]: Silkscreen clipped by solder mask
    Local override; warning
    @(0.3500 mm, 50.0000 mm): Segment of J11 on F.Silkscreen
    @(0.3500 mm, 47.1000 mm): PTH pad MH3 [<no net>] of J11
[silk_over_copper]: Silkscreen clipped by solder mask
    Local override; warning
    @(59.6500 mm, 14.7000 mm): Segment of J11 on F.Silkscreen
    @(59.5000 mm, 17.6000 mm): PTH pad MH2 [<no net>] of J11
[silk_over_copper]: Silkscreen clipped by solder mask
    Local override; warning
    @(59.6500 mm, 14.7000 mm): Segment of J11 on F.Silkscreen
    @(59.3650 mm, 23.1600 mm): PTH pad 22 [<no net>] of J10
[silk_over_copper]: Silkscreen clipped by solder mask
    Local override; warning
    @(59.6500 mm, 14.7000 mm): Segment of J11 on F.Silkscreen
    @(59.7300 mm, 28.6500 mm): PTH pad 4 [SCL] of J6
[silk_over_copper]: Silkscreen clipped by solder mask
    Local override; warning
    @(59.6500 mm, 14.7000 mm): Segment of J11 on F.Silkscreen
    @(59.6500 mm, 47.1000 mm): PTH pad MH4 [<no net>] of J11
[silk_over_copper]: Silkscreen clipped by solder mask
    Local override; warning
    @(48.3000 mm, 43.8900 mm): Segment of J6 on F.Silkscreen
    @(48.1900 mm, 38.2000 mm): PTH pad 2 [SPI_MISO] of J3
[silk_over_copper]: Silkscreen clipped by solder mask
    Local override; warning
    @(2.0000 mm, 2.3000 mm): PCB text 'Vario Buzzer / Sensor Interposer V2 - SparkFun Thing Plus + Qwiic OLED, no traces' on F.Silkscreen
    @(5.2760 mm, 2.3000 mm): PTH pad 4 [<no net>] of U1
[silk_over_copper]: Silkscreen clipped by solder mask
    Local override; warning
    @(2.0000 mm, 4.5000 mm): PCB text 'PCB 90x50mm, 1.5mm FR4; drill set: 0.8/1/1.2/1.4/1.6/2/2.4/3/3.175mm' on F.Silkscreen
    @(21.5000 mm, 4.2000 mm): PTH pad 1 [SW_BAT] of C1
[silk_over_copper]: Silkscreen clipped by solder mask
    Local override; warning
    @(2.0000 mm, 4.5000 mm): PCB text 'PCB 90x50mm, 1.5mm FR4; drill set: 0.8/1/1.2/1.4/1.6/2/2.4/3/3.175mm' on F.Silkscreen
    @(23.5000 mm, 4.2000 mm): PTH pad 2 [GND] of C1
[silk_over_copper]: Silkscreen clipped by solder mask
    Local override; warning
    @(2.0000 mm, 2.3000 mm): PCB text 'Vario Buzzer / Sensor Interposer V2 - SparkFun Thing Plus + Qwiic OLED, no traces' on F.Silkscreen
    @(32.6950 mm, 4.1100 mm): PTH pad MH1 [<no net>] of J10
[silk_over_copper]: Silkscreen clipped by solder mask
    Local override; warning
    @(31.1550 mm, 2.7700 mm): Footprint text of J10 (SPARKFUN THING PLUS ESP32 WROOM-C)
    @(32.6950 mm, 4.1100 mm): PTH pad MH1 [<no net>] of J10
[silk_over_copper]: Silkscreen clipped by solder mask
    Local override; warning
    @(2.0000 mm, 4.5000 mm): PCB text 'PCB 90x50mm, 1.5mm FR4; drill set: 0.8/1/1.2/1.4/1.6/2/2.4/3/3.175mm' on F.Silkscreen
    @(32.6950 mm, 4.1100 mm): PTH pad MH1 [<no net>] of J10
[silk_over_copper]: Silkscreen clipped by solder mask
    Local override; warning
    @(0.3500 mm, 14.7000 mm): Segment of J11 on F.Silkscreen
    @(25.0000 mm, 14.5000 mm): PTH pad 1 [SW_BAT] of SW1
[silk_over_copper]: Silkscreen clipped by solder mask
    Local override; warning
    @(31.1550 mm, 23.2300 mm): Footprint text of J10 (USB-C end)
    @(32.6950 mm, 21.8900 mm): PTH pad MH2 [<no net>] of J10
[silk_over_copper]: Silkscreen clipped by solder mask
    Local override; warning
    @(30.0000 mm, 15.7500 mm): Footprint text of J11 (M16968 OLED + KNOB)
    @(35.7100 mm, 16.7100 mm): PTH pad 7 [SCL] of J11
[silk_over_copper]: Silkscreen clipped by solder mask
    Local override; warning
    @(30.0000 mm, 15.7500 mm): Footprint text of J11 (M16968 OLED + KNOB)
    @(33.1700 mm, 16.7100 mm): PTH pad 8 [SDA] of J11
[silk_over_copper]: Silkscreen clipped by solder mask
    Local override; warning
    @(30.0000 mm, 15.7500 mm): Footprint text of J11 (M16968 OLED + KNOB)
    @(30.6300 mm, 16.7100 mm): PTH pad 9 [OLED_CONFIRM] of J11
[silk_over_copper]: Silkscreen clipped by solder mask
    Local override; warning
    @(2.0000 mm, 2.3000 mm): PCB text 'Vario Buzzer / Sensor Interposer V2 - SparkFun Thing Plus + Qwiic OLED, no traces' on F.Silkscreen
    @(15.7240 mm, 2.3000 mm): PTH pad 3 [<no net>] of U1
[silk_over_copper]: Silkscreen clipped by solder mask
    Local override; warning
    @(18.2000 mm, 11.6500 mm): Value field of C2 (0.1uF CER)
    @(15.7240 mm, 11.3000 mm): PTH pad 5 [<no net>] of U1
[silk_overlap]: Silkscreen clearance
    Rule: board setup constraints silk; warning
    @(79.5000 mm, 49.0000 mm): Segment of J5 on B.Silkscreen
    @(73.0000 mm, 49.0000 mm): PCB text 'J5 HGLRC M100 manual pin order: RX TX VCC GND' on B.Silkscreen
[silk_overlap]: Silkscreen clearance
    Rule: board setup constraints silk; warning
    @(73.0000 mm, 49.0000 mm): PCB text 'J5 HGLRC M100 manual pin order: RX TX VCC GND' on B.Silkscreen
    @(72.0000 mm, 49.0000 mm): PCB text 'J1 bottom LiPo JST' on B.Silkscreen
[silk_overlap]: Silkscreen clearance
    Rule: board setup constraints silk; warning
    @(79.5000 mm, 49.0000 mm): Segment of J5 on B.Silkscreen
    @(72.0000 mm, 49.0000 mm): PCB text 'J1 bottom LiPo JST' on B.Silkscreen
[silk_overlap]: Silkscreen clearance
    Rule: board setup constraints silk; warning
    @(79.5000 mm, 34.0000 mm): Segment of J5 on B.Silkscreen
    @(75.0000 mm, 40.5000 mm): Segment of J1 on B.Silkscreen
[silk_overlap]: Silkscreen clearance
    Rule: board setup constraints silk; warning
    @(79.5000 mm, 34.0000 mm): Segment of J5 on B.Silkscreen
    @(81.0000 mm, 46.5000 mm): Segment of J1 on B.Silkscreen
[silk_overlap]: Silkscreen clearance
    Rule: board setup constraints silk; warning
    @(79.5000 mm, 34.0000 mm): Segment of J5 on B.Silkscreen
    @(72.0000 mm, 49.0000 mm): PCB text 'J1 bottom LiPo JST' on B.Silkscreen
[silk_overlap]: Silkscreen clearance
    Rule: board setup constraints silk; warning
    @(65.0000 mm, 35.3000 mm): Footprint text of J5 (BACK HGLRC M100)
    @(64.5000 mm, 49.0000 mm): Segment of J5 on B.Silkscreen
[silk_overlap]: Silkscreen clearance
    Rule: board setup constraints silk; warning
    @(65.0000 mm, 47.7000 mm): Footprint text of J5 (manual: RX TX VCC GND)
    @(64.5000 mm, 49.0000 mm): Segment of J5 on B.Silkscreen
[silk_overlap]: Silkscreen clearance
    Rule: board setup constraints silk; warning
    @(43.0000 mm, 22.0000 mm): Segment of J3 on B.Silkscreen
    @(43.0000 mm, 22.0000 mm): PCB text 'Back side: optional external SD plus HGLRC M100' on B.Silkscreen
[silk_overlap]: Silkscreen clearance
    Rule: board setup constraints silk; warning
    @(43.0000 mm, 40.0000 mm): Segment of J3 on B.Silkscreen
    @(43.5000 mm, 23.2000 mm): Footprint text of J3 (BACK SD)
[silk_overlap]: Silkscreen clearance
    Rule: board setup constraints silk; warning
    @(43.0000 mm, 40.0000 mm): Segment of J3 on B.Silkscreen
    @(43.5000 mm, 38.6000 mm): Footprint text of J3 (1 GND 2 MISO 3 CLK 4 MOSI 5 CS 6 3V3)
[silk_overlap]: Silkscreen clearance
    Rule: board setup constraints silk; warning
    @(65.0000 mm, 35.3000 mm): Footprint text of J5 (BACK HGLRC M100)
    @(61.0000 mm, 22.0000 mm): Segment of J3 on B.Silkscreen
[silk_overlap]: Silkscreen clearance
    Rule: board setup constraints silk; warning
    @(43.0000 mm, 22.0000 mm): PCB text 'Back side: optional external SD plus HGLRC M100' on B.Silkscreen
    @(61.0000 mm, 22.0000 mm): Segment of J3 on B.Silkscreen
[silk_over_copper]: Silkscreen clipped by solder mask
    Local override; warning
    @(77.0000 mm, 47.9000 mm): Reference field of J1
    @(77.0000 mm, 46.7500 mm): PTH pad 2 [GND] of J1
[silk_over_copper]: Silkscreen clipped by solder mask
    Local override; warning
    @(75.0000 mm, 46.5000 mm): Segment of J1 on B.Silkscreen
    @(74.6500 mm, 42.0800 mm): PTH pad 1 [3V3] of J7
[silk_over_copper]: Silkscreen clipped by solder mask
    Local override; warning
    @(81.0000 mm, 46.5000 mm): Segment of J1 on B.Silkscreen
    @(77.0000 mm, 46.7500 mm): PTH pad 2 [GND] of J1
[silk_over_copper]: Silkscreen clipped by solder mask
    Local override; warning
    @(81.0000 mm, 46.5000 mm): Segment of J1 on B.Silkscreen
    @(79.0000 mm, 46.7500 mm): PTH pad 1 [BAT_IN] of J1
[silk_over_copper]: Silkscreen clipped by solder mask
    Local override; warning
    @(81.0000 mm, 46.5000 mm): Segment of J1 on B.Silkscreen
    @(75.8100 mm, 47.2000 mm): PTH pad 4 [GND] of J5
[silk_over_copper]: Silkscreen clipped by solder mask
    Local override; warning
    @(73.0000 mm, 49.0000 mm): PCB text 'J5 HGLRC M100 manual pin order: RX TX VCC GND' on B.Silkscreen
    @(79.0000 mm, 46.7500 mm): PTH pad 1 [BAT_IN] of J1
[silk_over_copper]: Silkscreen clipped by solder mask
    Local override; warning
    @(72.0000 mm, 49.0000 mm): PCB text 'J1 bottom LiPo JST' on B.Silkscreen
    @(79.0000 mm, 46.7500 mm): PTH pad 1 [BAT_IN] of J1
[silk_over_copper]: Silkscreen clipped by solder mask
    Local override; warning
    @(73.0000 mm, 49.0000 mm): PCB text 'J5 HGLRC M100 manual pin order: RX TX VCC GND' on B.Silkscreen
    @(77.0000 mm, 46.7500 mm): PTH pad 2 [GND] of J1
[silk_over_copper]: Silkscreen clipped by solder mask
    Local override; warning
    @(72.0000 mm, 49.0000 mm): PCB text 'J1 bottom LiPo JST' on B.Silkscreen
    @(77.0000 mm, 46.7500 mm): PTH pad 2 [GND] of J1
[silk_over_copper]: Silkscreen clipped by solder mask
    Local override; warning
    @(77.0000 mm, 47.9000 mm): Reference field of J1
    @(75.8100 mm, 47.2000 mm): PTH pad 4 [GND] of J5
[silk_over_copper]: Silkscreen clipped by solder mask
    Local override; warning
    @(65.0000 mm, 47.7000 mm): Footprint text of J5 (manual: RX TX VCC GND)
    @(68.1900 mm, 47.2000 mm): PTH pad 1 [GPS_RX_THING_TX] of J5
[silk_over_copper]: Silkscreen clipped by solder mask
    Local override; warning
    @(64.5000 mm, 34.0000 mm): Segment of J5 on B.Silkscreen
    @(74.6500 mm, 34.4600 mm): PTH pad 4 [SCL] of J7
[silk_over_copper]: Silkscreen clipped by solder mask
    Local override; warning
    @(79.5000 mm, 34.0000 mm): Segment of J5 on B.Silkscreen
    @(79.0000 mm, 46.7500 mm): PTH pad 1 [BAT_IN] of J1
[silk_over_copper]: Silkscreen clipped by solder mask
    Local override; warning
    @(65.0000 mm, 47.7000 mm): Footprint text of J5 (manual: RX TX VCC GND)
    @(59.6500 mm, 47.1000 mm): PTH pad MH4 [<no net>] of J11
[silk_over_copper]: Silkscreen clipped by solder mask
    Local override; warning
    @(43.0000 mm, 22.0000 mm): PCB text 'Back side: optional external SD plus HGLRC M100' on B.Silkscreen
    @(44.1250 mm, 23.1600 mm): PTH pad 28 [<no net>] of J10
[silk_over_copper]: Silkscreen clipped by solder mask
    Local override; warning
    @(43.0000 mm, 22.0000 mm): PCB text 'Back side: optional external SD plus HGLRC M100' on B.Silkscreen
    @(46.6650 mm, 23.1600 mm): PTH pad 27 [3V3] of J10
[silk_over_copper]: Silkscreen clipped by solder mask
    Local override; warning
    @(43.0000 mm, 22.0000 mm): PCB text 'Back side: optional external SD plus HGLRC M100' on B.Silkscreen
    @(49.2050 mm, 23.1600 mm): PTH pad 26 [<no net>] of J10
[silk_over_copper]: Silkscreen clipped by solder mask
    Local override; warning
    @(43.5000 mm, 23.2000 mm): Footprint text of J3 (BACK SD)
    @(46.6650 mm, 23.1600 mm): PTH pad 27 [3V3] of J10
[silk_over_copper]: Silkscreen clipped by solder mask
    Local override; warning
    @(61.0000 mm, 22.0000 mm): Segment of J3 on B.Silkscreen
    @(61.9050 mm, 23.1600 mm): PTH pad 21 [<no net>] of J10
[silk_over_copper]: Silkscreen clipped by solder mask
    Local override; warning
    @(43.5000 mm, 23.2000 mm): Footprint text of J3 (BACK SD)
    @(44.1250 mm, 23.1600 mm): PTH pad 28 [<no net>] of J10
[silk_over_copper]: Silkscreen clipped by solder mask
    Local override; warning
    @(43.0000 mm, 22.0000 mm): PCB text 'Back side: optional external SD plus HGLRC M100' on B.Silkscreen
    @(51.7450 mm, 23.1600 mm): PTH pad 25 [GND] of J10
[silk_over_copper]: Silkscreen clipped by solder mask
    Local override; warning
    @(43.0000 mm, 22.0000 mm): PCB text 'Back side: optional external SD plus HGLRC M100' on B.Silkscreen
    @(54.2850 mm, 23.1600 mm): PTH pad 24 [<no net>] of J10
[silk_over_copper]: Silkscreen clipped by solder mask
    Local override; warning
    @(43.0000 mm, 22.0000 mm): PCB text 'Back side: optional external SD plus HGLRC M100' on B.Silkscreen
    @(56.8250 mm, 23.1600 mm): PTH pad 23 [<no net>] of J10
[silk_over_copper]: Silkscreen clipped by solder mask
    Local override; warning
    @(43.0000 mm, 22.0000 mm): PCB text 'Back side: optional external SD plus HGLRC M100' on B.Silkscreen
    @(59.3650 mm, 23.1600 mm): PTH pad 22 [<no net>] of J10
[silk_over_copper]: Silkscreen clipped by solder mask
    Local override; warning
    @(43.0000 mm, 22.0000 mm): PCB text 'Back side: optional external SD plus HGLRC M100' on B.Silkscreen
    @(61.9050 mm, 23.1600 mm): PTH pad 21 [<no net>] of J10
[silk_over_copper]: Silkscreen clipped by solder mask
    Local override; warning
    @(43.5000 mm, 38.6000 mm): Footprint text of J3 (1 GND 2 MISO 3 CLK 4 MOSI 5 CS 6 3V3)
    @(48.1900 mm, 38.2000 mm): PTH pad 2 [SPI_MISO] of J3
[silk_over_copper]: Silkscreen clipped by solder mask
    Local override; warning
    @(43.5000 mm, 38.6000 mm): Footprint text of J3 (1 GND 2 MISO 3 CLK 4 MOSI 5 CS 6 3V3)
    @(50.7300 mm, 38.2000 mm): PTH pad 3 [SPI_SCK] of J3
[silk_over_copper]: Silkscreen clipped by solder mask
    Local override; warning
    @(43.5000 mm, 38.6000 mm): Footprint text of J3 (1 GND 2 MISO 3 CLK 4 MOSI 5 CS 6 3V3)
    @(45.6500 mm, 38.2000 mm): PTH pad 1 [GND] of J3
[nonmirrored_text_on_back_layer]: Non-Mirrored text on back layer
    Local override; warning
    @(73.0000 mm, 49.0000 mm): PCB text 'J5 HGLRC M100 manual pin order: RX TX VCC GND' on B.Silkscreen
[nonmirrored_text_on_back_layer]: Non-Mirrored text on back layer
    Local override; warning
    @(43.0000 mm, 22.0000 mm): PCB text 'Back side: optional external SD plus HGLRC M100' on B.Silkscreen
[nonmirrored_text_on_back_layer]: Non-Mirrored text on back layer
    Local override; warning
    @(72.0000 mm, 49.0000 mm): PCB text 'J1 bottom LiPo JST' on B.Silkscreen
[nonmirrored_text_on_back_layer]: Non-Mirrored text on back layer
    Local override; warning
    @(52.0000 mm, 31.0000 mm): Reference field of J3
[nonmirrored_text_on_back_layer]: Non-Mirrored text on back layer
    Local override; warning
    @(43.5000 mm, 23.2000 mm): Footprint text of J3 (BACK SD)
[nonmirrored_text_on_back_layer]: Non-Mirrored text on back layer
    Local override; warning
    @(43.5000 mm, 38.6000 mm): Footprint text of J3 (1 GND 2 MISO 3 CLK 4 MOSI 5 CS 6 3V3)
[nonmirrored_text_on_back_layer]: Non-Mirrored text on back layer
    Local override; warning
    @(77.0000 mm, 47.9000 mm): Reference field of J1
[nonmirrored_text_on_back_layer]: Non-Mirrored text on back layer
    Local override; warning
    @(72.0000 mm, 41.5000 mm): Reference field of J5
[nonmirrored_text_on_back_layer]: Non-Mirrored text on back layer
    Local override; warning
    @(65.0000 mm, 35.3000 mm): Footprint text of J5 (BACK HGLRC M100)
[nonmirrored_text_on_back_layer]: Non-Mirrored text on back layer
    Local override; warning
    @(65.0000 mm, 47.7000 mm): Footprint text of J5 (manual: RX TX VCC GND)

** Found 64 unconnected pads **
[unconnected_items]: Missing connection between items
    Local override; error
    @(20.7000 mm, 9.5000 mm): PTH pad 2 [GND] of C2
    @(13.1840 mm, 11.3000 mm): PTH pad 2 [GND] of U1
[unconnected_items]: Missing connection between items
    Local override; error
    @(23.5000 mm, 4.2000 mm): PTH pad 2 [GND] of C1
    @(20.7000 mm, 9.5000 mm): PTH pad 2 [GND] of C2
[unconnected_items]: Missing connection between items
    Local override; error
    @(48.4100 mm, 16.7100 mm): PTH pad 2 [GND] of J11
    @(51.7450 mm, 23.1600 mm): PTH pad 25 [GND] of J10
[unconnected_items]: Missing connection between items
    Local override; error
    @(48.4100 mm, 16.7100 mm): PTH pad 2 [GND] of J11
    @(23.5000 mm, 4.2000 mm): PTH pad 2 [GND] of C1
[unconnected_items]: Missing connection between items
    Local override; error
    @(51.7450 mm, 23.1600 mm): PTH pad 25 [GND] of J10
    @(57.1900 mm, 28.6500 mm): PTH pad 3 [GND] of J6
[unconnected_items]: Missing connection between items
    Local override; error
    @(57.1900 mm, 28.6500 mm): PTH pad 3 [GND] of J6
    @(45.6500 mm, 38.2000 mm): PTH pad 1 [GND] of J3
[unconnected_items]: Missing connection between items
    Local override; error
    @(74.0000 mm, 18.8100 mm): PTH pad 2 [GND] of R2
    @(74.6500 mm, 37.0000 mm): PTH pad 3 [GND] of J7
[unconnected_items]: Missing connection between items
    Local override; error
    @(74.6500 mm, 37.0000 mm): PTH pad 3 [GND] of J7
    @(92.0000 mm, 31.5400 mm): PTH pad 1 [GND] of Q2
[unconnected_items]: Missing connection between items
    Local override; error
    @(74.6500 mm, 37.0000 mm): PTH pad 3 [GND] of J7
    @(57.1900 mm, 28.6500 mm): PTH pad 3 [GND] of J6
[unconnected_items]: Missing connection between items
    Local override; error
    @(77.0000 mm, 46.7500 mm): PTH pad 2 [GND] of J1
    @(74.6500 mm, 37.0000 mm): PTH pad 3 [GND] of J7
[unconnected_items]: Missing connection between items
    Local override; error
    @(78.0000 mm, 17.5400 mm): PTH pad 1 [GND] of Q1
    @(74.0000 mm, 18.8100 mm): PTH pad 2 [GND] of R2
[unconnected_items]: Missing connection between items
    Local override; error
    @(78.0000 mm, 17.5400 mm): PTH pad 1 [GND] of Q1
    @(87.0000 mm, 8.2500 mm): PTH pad 2 [GND] of J2
[unconnected_items]: Missing connection between items
    Local override; error
    @(92.0000 mm, 51.5400 mm): PTH pad 1 [GND] of Q3
    @(77.0000 mm, 46.7500 mm): PTH pad 2 [GND] of J1
[unconnected_items]: Missing connection between items
    Local override; error
    @(100.0000 mm, 11.5000 mm): PTH pad 2 [GND] of U2
    @(87.0000 mm, 8.2500 mm): PTH pad 2 [GND] of J2
[unconnected_items]: Missing connection between items
    Local override; error
    @(74.0000 mm, 11.1900 mm): PTH pad 1 [BUZZER_BASE] of R2
    @(70.5000 mm, 11.1900 mm): PTH pad 2 [BUZZER_BASE] of R1
[unconnected_items]: Missing connection between items
    Local override; error
    @(78.0000 mm, 15.0000 mm): PTH pad 2 [BUZZER_BASE] of Q1
    @(74.0000 mm, 11.1900 mm): PTH pad 1 [BUZZER_BASE] of R2
[unconnected_items]: Missing connection between items
    Local override; error
    @(80.0000 mm, 8.0000 mm): PTH pad 2 [BUZZER_LOW] of D1
    @(78.0000 mm, 12.4600 mm): PTH pad 3 [BUZZER_LOW] of Q1
[unconnected_items]: Missing connection between items
    Local override; error
    @(88.5000 mm, 13.0000 mm): PTH pad 2 [BUZZER_LOW] of BZ1
    @(80.0000 mm, 8.0000 mm): PTH pad 2 [BUZZER_LOW] of D1
[unconnected_items]: Missing connection between items
    Local override; error
    @(33.1700 mm, 16.7100 mm): PTH pad 8 [SDA] of J11
    @(64.8100 mm, 28.6500 mm): PTH pad 6 [SDA] of J6
[unconnected_items]: Missing connection between items
    Local override; error
    @(64.8100 mm, 28.6500 mm): PTH pad 6 [SDA] of J6
    @(74.6500 mm, 31.9200 mm): PTH pad 5 [SDA] of J7
[unconnected_items]: Missing connection between items
    Local override; error
    @(74.6500 mm, 31.9200 mm): PTH pad 5 [SDA] of J7
    @(82.2250 mm, 2.8400 mm): PTH pad 1 [SDA] of J10
[unconnected_items]: Missing connection between items
    Local override; error
    @(35.7100 mm, 16.7100 mm): PTH pad 7 [SCL] of J11
    @(59.7300 mm, 28.6500 mm): PTH pad 4 [SCL] of J6
[unconnected_items]: Missing connection between items
    Local override; error
    @(59.7300 mm, 28.6500 mm): PTH pad 4 [SCL] of J6
    @(74.6500 mm, 34.4600 mm): PTH pad 4 [SCL] of J7
[unconnected_items]: Missing connection between items
    Local override; error
    @(74.6500 mm, 34.4600 mm): PTH pad 4 [SCL] of J7
    @(79.6850 mm, 2.8400 mm): PTH pad 2 [SCL] of J10
[unconnected_items]: Missing connection between items
    Local override; error
    @(40.7900 mm, 16.7100 mm): PTH pad 5 [BTN_DOWN_GPIO5] of J11
    @(74.6050 mm, 2.8400 mm): PTH pad 4 [BTN_DOWN_GPIO5] of J10
[unconnected_items]: Missing connection between items
    Local override; error
    @(43.3300 mm, 16.7100 mm): PTH pad 4 [BTN_NEXT_GPIO4] of J11
    @(72.0650 mm, 2.8400 mm): PTH pad 5 [BTN_NEXT_GPIO4] of J10
[unconnected_items]: Missing connection between items
    Local override; error
    @(45.8700 mm, 16.7100 mm): PTH pad 3 [BTN_BACK_GPIO3] of J11
    @(69.5250 mm, 2.8400 mm): PTH pad 6 [BTN_BACK_GPIO3] of J10
[unconnected_items]: Missing connection between items
    Local override; error
    @(55.8100 mm, 38.2000 mm): PTH pad 5 [SD_CS_GPIO2] of J3
    @(66.9850 mm, 2.8400 mm): PTH pad 7 [SD_CS_GPIO2] of J10
[unconnected_items]: Missing connection between items
    Local override; error
    @(61.9050 mm, 2.8400 mm): PTH pad 9 [D13_BUZZER_GPIO13] of J10
    @(68.0000 mm, 15.0000 mm): PTH pad e [D13_BUZZER_GPIO13] of J4
[unconnected_items]: Missing connection between items
    Local override; error
    @(68.0000 mm, 15.0000 mm): PTH pad e [D13_BUZZER_GPIO13] of J4
    @(70.5000 mm, 18.8100 mm): PTH pad 1 [D13_BUZZER_GPIO13] of R1
[unconnected_items]: Missing connection between items
    Local override; error
    @(70.5000 mm, 18.8100 mm): PTH pad 1 [D13_BUZZER_GPIO13] of R1
    @(92.0000 mm, 39.8100 mm): PTH pad 1 [D13_BUZZER_GPIO13] of R3
[unconnected_items]: Missing connection between items
    Local override; error
    @(92.0000 mm, 59.8100 mm): PTH pad 1 [D13_BUZZER_GPIO13] of R4
    @(92.0000 mm, 39.8100 mm): PTH pad 1 [D13_BUZZER_GPIO13] of R3
[unconnected_items]: Missing connection between items
    Local override; error
    @(15.7000 mm, 9.5000 mm): PTH pad 1 [SW_BAT] of C2
    @(25.0000 mm, 14.5000 mm): PTH pad 1 [SW_BAT] of SW1
[unconnected_items]: Missing connection between items
    Local override; error
    @(21.5000 mm, 4.2000 mm): PTH pad 1 [SW_BAT] of C1
    @(15.7000 mm, 9.5000 mm): PTH pad 1 [SW_BAT] of C2
[unconnected_items]: Missing connection between items
    Local override; error
    @(54.2850 mm, 2.8400 mm): PTH pad 12 [SW_BAT] of J10
    @(25.0000 mm, 14.5000 mm): PTH pad 1 [SW_BAT] of SW1
[unconnected_items]: Missing connection between items
    Local override; error
    @(85.0000 mm, 8.2500 mm): PTH pad 1 [SW_BAT] of J2
    @(54.2850 mm, 2.8400 mm): PTH pad 12 [SW_BAT] of J10
[unconnected_items]: Missing connection between items
    Local override; error
    @(97.4600 mm, 11.5000 mm): PTH pad 1 [SW_BAT] of U2
    @(85.0000 mm, 8.2500 mm): PTH pad 1 [SW_BAT] of J2
[unconnected_items]: Missing connection between items
    Local override; error
    @(38.2500 mm, 16.7100 mm): PTH pad 6 [BTN_UP_GPIO21] of J11
    @(82.2250 mm, 23.1600 mm): PTH pad 13 [BTN_UP_GPIO21] of J10
[unconnected_items]: Missing connection between items
    Local override; error
    @(68.1900 mm, 47.2000 mm): PTH pad 1 [GPS_RX_THING_TX] of J5
    @(79.6850 mm, 23.1600 mm): PTH pad 14 [GPS_RX_THING_TX] of J10
[unconnected_items]: Missing connection between items
    Local override; error
    @(70.7300 mm, 47.2000 mm): PTH pad 2 [GPS_TX_THING_RX] of J5
    @(77.1450 mm, 23.1600 mm): PTH pad 15 [GPS_TX_THING_RX] of J10
[unconnected_items]: Missing connection between items
    Local override; error
    @(48.1900 mm, 38.2000 mm): PTH pad 2 [SPI_MISO] of J3
    @(74.6050 mm, 23.1600 mm): PTH pad 16 [SPI_MISO] of J10
[unconnected_items]: Missing connection between items
    Local override; error
    @(53.2700 mm, 38.2000 mm): PTH pad 4 [SPI_MOSI] of J3
    @(72.0650 mm, 23.1600 mm): PTH pad 17 [SPI_MOSI] of J10
[unconnected_items]: Missing connection between items
    Local override; error
    @(50.7300 mm, 38.2000 mm): PTH pad 3 [SPI_SCK] of J3
    @(69.5250 mm, 23.1600 mm): PTH pad 18 [SPI_SCK] of J10
[unconnected_items]: Missing connection between items
    Local override; error
    @(46.6650 mm, 23.1600 mm): PTH pad 27 [3V3] of J10
    @(52.1100 mm, 28.6500 mm): PTH pad 1 [3V3] of J6
[unconnected_items]: Missing connection between items
    Local override; error
    @(50.9500 mm, 16.7100 mm): PTH pad 1 [3V3] of J11
    @(46.6650 mm, 23.1600 mm): PTH pad 27 [3V3] of J10
[unconnected_items]: Missing connection between items
    Local override; error
    @(54.6500 mm, 28.6500 mm): PTH pad 2 [3V3] of J6
    @(52.1100 mm, 28.6500 mm): PTH pad 1 [3V3] of J6
[unconnected_items]: Missing connection between items
    Local override; error
    @(58.3500 mm, 38.2000 mm): PTH pad 6 [3V3] of J3
    @(54.6500 mm, 28.6500 mm): PTH pad 2 [3V3] of J6
[unconnected_items]: Missing connection between items
    Local override; error
    @(73.2700 mm, 47.2000 mm): PTH pad 3 [3V3] of J5
    @(74.6500 mm, 42.0800 mm): PTH pad 1 [3V3] of J7
[unconnected_items]: Missing connection between items
    Local override; error
    @(74.6500 mm, 39.5400 mm): PTH pad 2 [3V3] of J7
    @(58.3500 mm, 38.2000 mm): PTH pad 6 [3V3] of J3
[unconnected_items]: Missing connection between items
    Local override; error
    @(74.6500 mm, 42.0800 mm): PTH pad 1 [3V3] of J7
    @(74.6500 mm, 39.5400 mm): PTH pad 2 [3V3] of J7
[unconnected_items]: Missing connection between items
    Local override; error
    @(92.0000 mm, 49.0000 mm): PTH pad 2 [BUZZER_BASE3] of Q3
    @(92.0000 mm, 52.1900 mm): PTH pad 2 [BUZZER_BASE3] of R4
[unconnected_items]: Missing connection between items
    Local override; error
    @(81.5000 mm, 13.0000 mm): PTH pad 1 [BOOST_5V] of BZ1
    @(72.0000 mm, 8.0000 mm): PTH pad 1 [BOOST_5V] of D1
[unconnected_items]: Missing connection between items
    Local override; error
    @(81.5000 mm, 13.0000 mm): PTH pad 1 [BOOST_5V] of BZ1
    @(88.0000 mm, 22.0000 mm): PTH pad 1 [BOOST_5V] of D2
[unconnected_items]: Missing connection between items
    Local override; error
    @(88.0000 mm, 22.0000 mm): PTH pad 1 [BOOST_5V] of D2
    @(88.0000 mm, 42.0000 mm): PTH pad 1 [BOOST_5V] of D3
[unconnected_items]: Missing connection between items
    Local override; error
    @(88.0000 mm, 42.0000 mm): PTH pad 1 [BOOST_5V] of D3
    @(100.5000 mm, 42.0000 mm): PTH pad 1 [BOOST_5V] of BZ3
[unconnected_items]: Missing connection between items
    Local override; error
    @(100.5000 mm, 22.0000 mm): PTH pad 1 [BOOST_5V] of BZ2
    @(102.5400 mm, 11.5000 mm): PTH pad 3 [BOOST_5V] of U2
[unconnected_items]: Missing connection between items
    Local override; error
    @(100.5000 mm, 22.0000 mm): PTH pad 1 [BOOST_5V] of BZ2
    @(88.0000 mm, 22.0000 mm): PTH pad 1 [BOOST_5V] of D2
[unconnected_items]: Missing connection between items
    Local override; error
    @(96.0000 mm, 22.0000 mm): PTH pad 2 [BUZZER_LOW2] of D2
    @(92.0000 mm, 26.4600 mm): PTH pad 3 [BUZZER_LOW2] of Q2
[unconnected_items]: Missing connection between items
    Local override; error
    @(107.5000 mm, 22.0000 mm): PTH pad 2 [BUZZER_LOW2] of BZ2
    @(96.0000 mm, 22.0000 mm): PTH pad 2 [BUZZER_LOW2] of D2
[unconnected_items]: Missing connection between items
    Local override; error
    @(25.0000 mm, 12.0000 mm): PTH pad 2 [BAT_IN] of SW1
    @(7.8160 mm, 11.3000 mm): PTH pad 1 [BAT_IN] of U1
[unconnected_items]: Missing connection between items
    Local override; error
    @(79.0000 mm, 46.7500 mm): PTH pad 1 [BAT_IN] of J1
    @(25.0000 mm, 12.0000 mm): PTH pad 2 [BAT_IN] of SW1
[unconnected_items]: Missing connection between items
    Local override; error
    @(96.0000 mm, 42.0000 mm): PTH pad 2 [BUZZER_LOW3] of D3
    @(92.0000 mm, 46.4600 mm): PTH pad 3 [BUZZER_LOW3] of Q3
[unconnected_items]: Missing connection between items
    Local override; error
    @(107.5000 mm, 42.0000 mm): PTH pad 2 [BUZZER_LOW3] of BZ3
    @(96.0000 mm, 42.0000 mm): PTH pad 2 [BUZZER_LOW3] of D3
[unconnected_items]: Missing connection between items
    Local override; error
    @(92.0000 mm, 29.0000 mm): PTH pad 2 [BUZZER_BASE2] of Q2
    @(92.0000 mm, 32.1900 mm): PTH pad 2 [BUZZER_BASE2] of R3

** Found 136 Footprint errors **
[footprint_symbol_field_mismatch]: Field 'Description' differs (PCB: '12mm passive buzzer placeholder, 7.62mm pin pitch, 1.0mm drills', Schematic: '')
    Local override; warning
    @(85.0000 mm, 13.0000 mm): Footprint BZ1
[net_conflict]: Pad net (BOOST_5V) doesn't match net given by schematic (/BUZZER_LOW)
    Local override; warning
    @(81.5000 mm, 13.0000 mm): PTH pad 1 [BOOST_5V] of BZ1
[net_conflict]: Pad net (BUZZER_LOW) doesn't match net given by schematic (/BOOST_5V)
    Local override; warning
    @(88.5000 mm, 13.0000 mm): PTH pad 2 [BUZZER_LOW] of BZ1
[footprint_symbol_field_mismatch]: Field 'Datasheet' differs (PCB: '', Schematic: '~')
    Local override; warning
    @(104.0000 mm, 22.0000 mm): Footprint BZ2
[net_conflict]: Pad net (BOOST_5V) doesn't match net given by schematic (/BUZZER_LOW2)
    Local override; warning
    @(100.5000 mm, 22.0000 mm): PTH pad 1 [BOOST_5V] of BZ2
[net_conflict]: Pad net (BUZZER_LOW2) doesn't match net given by schematic (/BOOST_5V)
    Local override; warning
    @(107.5000 mm, 22.0000 mm): PTH pad 2 [BUZZER_LOW2] of BZ2
[footprint_symbol_field_mismatch]: Field 'Datasheet' differs (PCB: '', Schematic: '~')
    Local override; warning
    @(104.0000 mm, 42.0000 mm): Footprint BZ3
[net_conflict]: Pad net (BOOST_5V) doesn't match net given by schematic (/BUZZER_LOW3)
    Local override; warning
    @(100.5000 mm, 42.0000 mm): PTH pad 1 [BOOST_5V] of BZ3
[net_conflict]: Pad net (BUZZER_LOW3) doesn't match net given by schematic (/BOOST_5V)
    Local override; warning
    @(107.5000 mm, 42.0000 mm): PTH pad 2 [BUZZER_LOW3] of BZ3
[footprint_symbol_field_mismatch]: Field 'Description' differs (PCB: 'capacitor with 0.8mm drills', Schematic: '')
    Local override; warning
    @(22.5000 mm, 4.2000 mm): Footprint C1
[net_conflict]: Pad net (SW_BAT) doesn't match net given by schematic (/GND)
    Local override; warning
    @(21.5000 mm, 4.2000 mm): PTH pad 1 [SW_BAT] of C1
[net_conflict]: Pad net (GND) doesn't match net given by schematic (/SW_BAT)
    Local override; warning
    @(23.5000 mm, 4.2000 mm): PTH pad 2 [GND] of C1
[net_conflict]: Pad net (SW_BAT) doesn't match net given by schematic (/GND)
    Local override; warning
    @(15.7000 mm, 9.5000 mm): PTH pad 1 [SW_BAT] of C2
[net_conflict]: Pad net (GND) doesn't match net given by schematic (/SW_BAT)
    Local override; warning
    @(20.7000 mm, 9.5000 mm): PTH pad 2 [GND] of C2
[footprint_symbol_field_mismatch]: Field 'Description' differs (PCB: '1N5819 Schottky diode, cathode marked, 1.0mm drills', Schematic: '')
    Local override; warning
    @(76.0000 mm, 8.0000 mm): Footprint D1
[net_conflict]: Pad net (BOOST_5V) doesn't match net given by schematic (/BUZZER_LOW)
    Local override; warning
    @(72.0000 mm, 8.0000 mm): PTH pad 1 [BOOST_5V] of D1
[net_conflict]: Pad net (BUZZER_LOW) doesn't match net given by schematic (/BOOST_5V)
    Local override; warning
    @(80.0000 mm, 8.0000 mm): PTH pad 2 [BUZZER_LOW] of D1
[footprint_symbol_field_mismatch]: Field 'Datasheet' differs (PCB: '', Schematic: '~')
    Local override; warning
    @(92.0000 mm, 22.0000 mm): Footprint D2
[net_conflict]: Pad net (BOOST_5V) doesn't match net given by schematic (/BUZZER_LOW2)
    Local override; warning
    @(88.0000 mm, 22.0000 mm): PTH pad 1 [BOOST_5V] of D2
[net_conflict]: Pad net (BUZZER_LOW2) doesn't match net given by schematic (/BOOST_5V)
    Local override; warning
    @(96.0000 mm, 22.0000 mm): PTH pad 2 [BUZZER_LOW2] of D2
[footprint_symbol_field_mismatch]: Field 'Datasheet' differs (PCB: '', Schematic: '~')
    Local override; warning
    @(92.0000 mm, 42.0000 mm): Footprint D3
[net_conflict]: Pad net (BOOST_5V) doesn't match net given by schematic (/BUZZER_LOW3)
    Local override; warning
    @(88.0000 mm, 42.0000 mm): PTH pad 1 [BOOST_5V] of D3
[net_conflict]: Pad net (BUZZER_LOW3) doesn't match net given by schematic (/BOOST_5V)
    Local override; warning
    @(96.0000 mm, 42.0000 mm): PTH pad 2 [BUZZER_LOW3] of D3
[footprint_symbol_field_mismatch]: Field 'Description' differs (PCB: 'JST-PH 2-pin right-angle connector, 6.0 x 6.0mm body, pins 1.5mm from long edge', Schematic: '')
    Local override; warning
    @(78.0000 mm, 45.0000 mm): Footprint J1
[net_conflict]: Pad net (BAT_IN) doesn't match net given by schematic (/GND)
    Local override; warning
    @(79.0000 mm, 46.7500 mm): PTH pad 1 [BAT_IN] of J1
[net_conflict]: Pad net (GND) doesn't match net given by schematic (/BAT_IN)
    Local override; warning
    @(77.0000 mm, 46.7500 mm): PTH pad 2 [GND] of J1
[footprint_symbol_field_mismatch]: Field 'Description' differs (PCB: 'JST-PH 2-pin right-angle connector, 6.0 x 6.0mm body, pins 1.5mm from long edge', Schematic: '')
    Local override; warning
    @(86.0000 mm, 10.0000 mm): Footprint J2
[net_conflict]: Pad net (SW_BAT) doesn't match net given by schematic (/GND)
    Local override; warning
    @(85.0000 mm, 8.2500 mm): PTH pad 1 [SW_BAT] of J2
[net_conflict]: Pad net (GND) doesn't match net given by schematic (/SW_BAT)
    Local override; warning
    @(87.0000 mm, 8.2500 mm): PTH pad 2 [GND] of J2
[footprint_symbol_mismatch]: Value (J3) doesn't match symbol value (Optional external SD module; Thing Plus has onboard microSD)
    Local override; warning
    @(52.0000 mm, 31.0000 mm): Footprint J3
[footprint_symbol_field_mismatch]: Field 'Description' differs (PCB: '18x18 SD module on backside', Schematic: '')
    Local override; warning
    @(52.0000 mm, 31.0000 mm): Footprint J3
[net_conflict]: Pad net (GND) doesn't match net given by schematic (/3V3)
    Local override; warning
    @(45.6500 mm, 38.2000 mm): PTH pad 1 [GND] of J3
[net_conflict]: Pad net (SPI_MISO) doesn't match net given by schematic (/SD_CS_GPIO2)
    Local override; warning
    @(48.1900 mm, 38.2000 mm): PTH pad 2 [SPI_MISO] of J3
[net_conflict]: Pad net (SPI_SCK) doesn't match net given by schematic (/SPI_MOSI)
    Local override; warning
    @(50.7300 mm, 38.2000 mm): PTH pad 3 [SPI_SCK] of J3
[net_conflict]: Pad net (SPI_MOSI) doesn't match net given by schematic (/SPI_SCK)
    Local override; warning
    @(53.2700 mm, 38.2000 mm): PTH pad 4 [SPI_MOSI] of J3
[net_conflict]: Pad net (SD_CS_GPIO2) doesn't match net given by schematic (/SPI_MISO)
    Local override; warning
    @(55.8100 mm, 38.2000 mm): PTH pad 5 [SD_CS_GPIO2] of J3
[net_conflict]: Pad net (3V3) doesn't match net given by schematic (/GND)
    Local override; warning
    @(58.3500 mm, 38.2000 mm): PTH pad 6 [3V3] of J3
[footprint_symbol_field_mismatch]: Field 'Description' differs (PCB: 'single through-hole header pad, 1.0mm drill', Schematic: '')
    Local override; warning
    @(68.0000 mm, 15.0000 mm): Footprint J4
[net_conflict]: No corresponding pin found in schematic
    Local override; warning
    @(68.0000 mm, 15.0000 mm): PTH pad e [D13_BUZZER_GPIO13] of J4
[net_conflict]: No pad found for pin 2 (/D13_BUZZER_GPIO13) in schematic
    Local override; warning
    @(68.0000 mm, 15.0000 mm): Footprint J4
[net_conflict]: No pad found for pin 1 in schematic
    Local override; warning
    @(68.0000 mm, 15.0000 mm): Footprint J4
[footprint_symbol_mismatch]: Value (J5) doesn't match symbol value (HGLRC M100 Mini GPS manual pinout)
    Local override; warning
    @(72.0000 mm, 41.5000 mm): Footprint J5
[net_conflict]: Pad net (GPS_RX_THING_TX) doesn't match net given by schematic (/GND)
    Local override; warning
    @(68.1900 mm, 47.2000 mm): PTH pad 1 [GPS_RX_THING_TX] of J5
[net_conflict]: Pad net (GPS_TX_THING_RX) doesn't match net given by schematic (/3V3)
    Local override; warning
    @(70.7300 mm, 47.2000 mm): PTH pad 2 [GPS_TX_THING_RX] of J5
[net_conflict]: Pad net (3V3) doesn't match net given by schematic (/GPS_TX_THING_RX)
    Local override; warning
    @(73.2700 mm, 47.2000 mm): PTH pad 3 [3V3] of J5
[net_conflict]: Pad net (GND) doesn't match net given by schematic (/GPS_RX_THING_TX)
    Local override; warning
    @(75.8100 mm, 47.2000 mm): PTH pad 4 [GND] of J5
[footprint_symbol_mismatch]: Value (J6) doesn't match symbol value (BMP390/BMP5xx top pads)
    Local override; warning
    @(61.0000 mm, 35.0000 mm): Footprint J6
[footprint_symbol_field_mismatch]: Field 'Description' differs (PCB: 'Adafruit 6407 EagleCAD geometry', Schematic: '')
    Local override; warning
    @(61.0000 mm, 35.0000 mm): Footprint J6
[net_conflict]: Pad net (3V3) doesn't match net given by schematic (unconnected-(J6-VCC-Pad1))
    Local override; warning
    @(52.1100 mm, 28.6500 mm): PTH pad 1 [3V3] of J6
[net_conflict]: Pad net (3V3) doesn't match net given by schematic (unconnected-(J6-3V3-Pad2))
    Local override; warning
    @(54.6500 mm, 28.6500 mm): PTH pad 2 [3V3] of J6
[net_conflict]: Pad net (GND) doesn't match net given by schematic (/SDA)
    Local override; warning
    @(57.1900 mm, 28.6500 mm): PTH pad 3 [GND] of J6
[net_conflict]: Pad net (SCL) doesn't match net given by schematic (unconnected-(J6-SCK{slash}SCL-Pad4))
    Local override; warning
    @(59.7300 mm, 28.6500 mm): PTH pad 4 [SCL] of J6
[net_conflict]: Pad missing net given by schematic (/SCL)
    Local override; warning
    @(62.2700 mm, 28.6500 mm): PTH pad 5 [<no net>] of J6
[net_conflict]: Pad net (SDA) doesn't match net given by schematic (/GND)
    Local override; warning
    @(64.8100 mm, 28.6500 mm): PTH pad 6 [SDA] of J6
[net_conflict]: Pad missing net given by schematic (/3V3)
    Local override; warning
    @(67.3500 mm, 28.6500 mm): PTH pad 7 [<no net>] of J6
[net_conflict]: Pad missing net given by schematic (/3V3)
    Local override; warning
    @(69.8900 mm, 28.6500 mm): PTH pad 8 [<no net>] of J6
[footprint_symbol_field_mismatch]: Field 'Description' differs (PCB: 'Adafruit 5776 EagleCAD geometry', Schematic: '')
    Local override; warning
    @(81.0000 mm, 37.0000 mm): Footprint J7
[net_conflict]: Pad net (3V3) doesn't match net given by schematic (/SDA)
    Local override; warning
    @(74.6500 mm, 42.0800 mm): PTH pad 1 [3V3] of J7
[net_conflict]: Pad net (3V3) doesn't match net given by schematic (/SCL)
    Local override; warning
    @(74.6500 mm, 39.5400 mm): PTH pad 2 [3V3] of J7
[net_conflict]: Pad net (GND) doesn't match net given by schematic (/GND)
    Local override; warning
    @(74.6500 mm, 37.0000 mm): PTH pad 3 [GND] of J7
[net_conflict]: Pad net (SCL) doesn't match net given by schematic (/3V3)
    Local override; warning
    @(74.6500 mm, 34.4600 mm): PTH pad 4 [SCL] of J7
[net_conflict]: Pad net (SDA) doesn't match net given by schematic (/3V3)
    Local override; warning
    @(74.6500 mm, 31.9200 mm): PTH pad 5 [SDA] of J7
[footprint_symbol_mismatch]: Value (J10) doesn't match symbol value (SparkFun Thing Plus ESP32 WROOM-C USB-C header)
    Local override; warning
    @(60.0000 mm, 13.0000 mm): Footprint J10
[net_conflict]: Pad net (SDA) doesn't match net given by schematic (unconnected-(J10-SDA{slash}ESP21-Pad1))
    Local override; warning
    @(82.2250 mm, 2.8400 mm): PTH pad 1 [SDA] of J10
[net_conflict]: Pad net (SCL) doesn't match net given by schematic (unconnected-(J10-SCL{slash}ESP22-Pad2))
    Local override; warning
    @(79.6850 mm, 2.8400 mm): PTH pad 2 [SCL] of J10
[net_conflict]: Pad missing net given by schematic (unconnected-(J10-GPIO6{slash}ESP14-Pad3))
    Local override; warning
    @(77.1450 mm, 2.8400 mm): PTH pad 3 [<no net>] of J10
[net_conflict]: Pad net (BTN_DOWN_GPIO5) doesn't match net given by schematic (unconnected-(J10-GPIO5{slash}ESP32-Pad4))
    Local override; warning
    @(74.6050 mm, 2.8400 mm): PTH pad 4 [BTN_DOWN_GPIO5] of J10
[net_conflict]: Pad net (BTN_NEXT_GPIO4) doesn't match net given by schematic (unconnected-(J10-GPIO4{slash}ESP15-Pad5))
    Local override; warning
    @(72.0650 mm, 2.8400 mm): PTH pad 5 [BTN_NEXT_GPIO4] of J10
[net_conflict]: Pad net (BTN_BACK_GPIO3) doesn't match net given by schematic (unconnected-(J10-GPIO3{slash}ESP33-Pad6))
    Local override; warning
    @(69.5250 mm, 2.8400 mm): PTH pad 6 [BTN_BACK_GPIO3] of J10
[net_conflict]: Pad net (SD_CS_GPIO2) doesn't match net given by schematic (unconnected-(J10-GPIO2{slash}ESP27-Pad7))
    Local override; warning
    @(66.9850 mm, 2.8400 mm): PTH pad 7 [SD_CS_GPIO2] of J10
[net_conflict]: Pad missing net given by schematic (unconnected-(J10-GPIO1{slash}ESP12-Pad8))
    Local override; warning
    @(64.4450 mm, 2.8400 mm): PTH pad 8 [<no net>] of J10
[net_conflict]: Pad net (D13_BUZZER_GPIO13) doesn't match net given by schematic (/GPS_TX_THING_RX)
    Local override; warning
    @(61.9050 mm, 2.8400 mm): PTH pad 9 [D13_BUZZER_GPIO13] of J10
[net_conflict]: Pad missing net given by schematic (unconnected-(J10-V_USB-Pad10))
    Local override; warning
    @(59.3650 mm, 2.8400 mm): PTH pad 10 [<no net>] of J10
[net_conflict]: Pad missing net given by schematic (unconnected-(J10-EN-Pad11))
    Local override; warning
    @(56.8250 mm, 2.8400 mm): PTH pad 11 [<no net>] of J10
[net_conflict]: Pad net (SW_BAT) doesn't match net given by schematic (unconnected-(J10-V_BATT-Pad12))
    Local override; warning
    @(54.2850 mm, 2.8400 mm): PTH pad 12 [SW_BAT] of J10
[net_conflict]: Pad net (BTN_UP_GPIO21) doesn't match net given by schematic (/OLED_CONFIRM)
    Local override; warning
    @(82.2250 mm, 23.1600 mm): PTH pad 13 [BTN_UP_GPIO21] of J10
[net_conflict]: Pad net (GPS_RX_THING_TX) doesn't match net given by schematic (/GPS_RX_THING_TX)
    Local override; warning
    @(79.6850 mm, 23.1600 mm): PTH pad 14 [GPS_RX_THING_TX] of J10
[net_conflict]: Pad net (GPS_TX_THING_RX) doesn't match net given by schematic (/D13_BUZZER_GPIO13)
    Local override; warning
    @(77.1450 mm, 23.1600 mm): PTH pad 15 [GPS_TX_THING_RX] of J10
[net_conflict]: Pad net (SPI_MISO) doesn't match net given by schematic (unconnected-(J10-MISO{slash}POCI_ESP19-Pad16))
    Local override; warning
    @(74.6050 mm, 23.1600 mm): PTH pad 16 [SPI_MISO] of J10
[net_conflict]: Pad net (SPI_MOSI) doesn't match net given by schematic (unconnected-(J10-MOSI{slash}PICO_ESP23-Pad17))
    Local override; warning
    @(72.0650 mm, 23.1600 mm): PTH pad 17 [SPI_MOSI] of J10
[net_conflict]: Pad net (SPI_SCK) doesn't match net given by schematic (unconnected-(J10-SCK_ESP18-Pad18))
    Local override; warning
    @(69.5250 mm, 23.1600 mm): PTH pad 18 [SPI_SCK] of J10
[net_conflict]: Pad missing net given by schematic (/BTN_BACK_GPIO3)
    Local override; warning
    @(66.9850 mm, 23.1600 mm): PTH pad 19 [<no net>] of J10
[net_conflict]: Pad missing net given by schematic (/BTN_NEXT_GPIO4)
    Local override; warning
    @(64.4450 mm, 23.1600 mm): PTH pad 20 [<no net>] of J10
[net_conflict]: Pad missing net given by schematic (/BTN_DOWN_GPIO5)
    Local override; warning
    @(61.9050 mm, 23.1600 mm): PTH pad 21 [<no net>] of J10
[net_conflict]: Pad missing net given by schematic (/BTN_UP_GPIO21)
    Local override; warning
    @(59.3650 mm, 23.1600 mm): PTH pad 22 [<no net>] of J10
[net_conflict]: Pad missing net given by schematic (/SD_CS_GPIO2)
    Local override; warning
    @(56.8250 mm, 23.1600 mm): PTH pad 23 [<no net>] of J10
[net_conflict]: Pad missing net given by schematic (unconnected-(J10-A0{slash}ESP26-Pad24))
    Local override; warning
    @(54.2850 mm, 23.1600 mm): PTH pad 24 [<no net>] of J10
[net_conflict]: Pad net (GND) doesn't match net given by schematic (unconnected-(J10-GND-Pad25))
    Local override; warning
    @(51.7450 mm, 23.1600 mm): PTH pad 25 [GND] of J10
[net_conflict]: Pad missing net given by schematic (unconnected-(J10-AREF{slash}NC-Pad26))
    Local override; warning
    @(49.2050 mm, 23.1600 mm): PTH pad 26 [<no net>] of J10
[net_conflict]: Pad net (3V3) doesn't match net given by schematic (unconnected-(J10-3V3-Pad27))
    Local override; warning
    @(46.6650 mm, 23.1600 mm): PTH pad 27 [3V3] of J10
[net_conflict]: Pad missing net given by schematic (unconnected-(J10-RESET-Pad28))
    Local override; warning
    @(44.1250 mm, 23.1600 mm): PTH pad 28 [<no net>] of J10
[footprint_symbol_field_mismatch]: Field 'Datasheet' differs (PCB: '', Schematic: '~')
    Local override; warning
    @(30.0000 mm, 32.3500 mm): Footprint J11
[net_conflict]: Pad net (3V3) doesn't match net given by schematic (/3V3)
    Local override; warning
    @(50.9500 mm, 16.7100 mm): PTH pad 1 [3V3] of J11
[net_conflict]: Pad net (GND) doesn't match net given by schematic (/GND)
    Local override; warning
    @(48.4100 mm, 16.7100 mm): PTH pad 2 [GND] of J11
[net_conflict]: Pad net (BTN_BACK_GPIO3) doesn't match net given by schematic (/BTN_BACK_GPIO3)
    Local override; warning
    @(45.8700 mm, 16.7100 mm): PTH pad 3 [BTN_BACK_GPIO3] of J11
[net_conflict]: Pad net (BTN_NEXT_GPIO4) doesn't match net given by schematic (/BTN_NEXT_GPIO4)
    Local override; warning
    @(43.3300 mm, 16.7100 mm): PTH pad 4 [BTN_NEXT_GPIO4] of J11
[net_conflict]: Pad net (BTN_DOWN_GPIO5) doesn't match net given by schematic (/BTN_DOWN_GPIO5)
    Local override; warning
    @(40.7900 mm, 16.7100 mm): PTH pad 5 [BTN_DOWN_GPIO5] of J11
[net_conflict]: Pad net (BTN_UP_GPIO21) doesn't match net given by schematic (/BTN_UP_GPIO21)
    Local override; warning
    @(38.2500 mm, 16.7100 mm): PTH pad 6 [BTN_UP_GPIO21] of J11
[net_conflict]: Pad net (SCL) doesn't match net given by schematic (/SCL)
    Local override; warning
    @(35.7100 mm, 16.7100 mm): PTH pad 7 [SCL] of J11
[net_conflict]: Pad net (SDA) doesn't match net given by schematic (/SDA)
    Local override; warning
    @(33.1700 mm, 16.7100 mm): PTH pad 8 [SDA] of J11
[net_conflict]: Pad net (OLED_CONFIRM) doesn't match net given by schematic (/OLED_CONFIRM)
    Local override; warning
    @(30.6300 mm, 16.7100 mm): PTH pad 9 [OLED_CONFIRM] of J11
[footprint_symbol_field_mismatch]: Field 'Description' differs (PCB: 'S8050 NPN TO-92, formed leads, 2.54mm pad pitch, EBC pinout, 0.8mm drills', Schematic: '')
    Local override; warning
    @(78.0000 mm, 15.0000 mm): Footprint Q1
[net_conflict]: Pad net (GND) doesn't match net given by schematic (/BUZZER_LOW)
    Local override; warning
    @(78.0000 mm, 17.5400 mm): PTH pad 1 [GND] of Q1
[net_conflict]: Pad net (BUZZER_BASE) doesn't match net given by schematic (/BUZZER_BASE)
    Local override; warning
    @(78.0000 mm, 15.0000 mm): PTH pad 2 [BUZZER_BASE] of Q1
[net_conflict]: Pad net (BUZZER_LOW) doesn't match net given by schematic (/GND)
    Local override; warning
    @(78.0000 mm, 12.4600 mm): PTH pad 3 [BUZZER_LOW] of Q1
[footprint_symbol_field_mismatch]: Field 'Datasheet' differs (PCB: '', Schematic: '~')
    Local override; warning
    @(92.0000 mm, 29.0000 mm): Footprint Q2
[net_conflict]: Pad net (GND) doesn't match net given by schematic (/BUZZER_LOW2)
    Local override; warning
    @(92.0000 mm, 31.5400 mm): PTH pad 1 [GND] of Q2
[net_conflict]: Pad net (BUZZER_BASE2) doesn't match net given by schematic (/BUZZER_BASE2)
    Local override; warning
    @(92.0000 mm, 29.0000 mm): PTH pad 2 [BUZZER_BASE2] of Q2
[net_conflict]: Pad net (BUZZER_LOW2) doesn't match net given by schematic (/GND)
    Local override; warning
    @(92.0000 mm, 26.4600 mm): PTH pad 3 [BUZZER_LOW2] of Q2
[footprint_symbol_field_mismatch]: Field 'Datasheet' differs (PCB: '', Schematic: '~')
    Local override; warning
    @(92.0000 mm, 49.0000 mm): Footprint Q3
[net_conflict]: Pad net (GND) doesn't match net given by schematic (/BUZZER_LOW3)
    Local override; warning
    @(92.0000 mm, 51.5400 mm): PTH pad 1 [GND] of Q3
[net_conflict]: Pad net (BUZZER_BASE3) doesn't match net given by schematic (/BUZZER_BASE3)
    Local override; warning
    @(92.0000 mm, 49.0000 mm): PTH pad 2 [BUZZER_BASE3] of Q3
[net_conflict]: Pad net (BUZZER_LOW3) doesn't match net given by schematic (/GND)
    Local override; warning
    @(92.0000 mm, 46.4600 mm): PTH pad 3 [BUZZER_LOW3] of Q3
[footprint_symbol_field_mismatch]: Field 'Description' differs (PCB: 'axial resistor, 7.62mm pitch, 0.8mm drills', Schematic: '')
    Local override; warning
    @(70.5000 mm, 15.0000 mm): Footprint R1
[net_conflict]: Pad net (D13_BUZZER_GPIO13) doesn't match net given by schematic (/BUZZER_BASE)
    Local override; warning
    @(70.5000 mm, 18.8100 mm): PTH pad 1 [D13_BUZZER_GPIO13] of R1
[net_conflict]: Pad net (BUZZER_BASE) doesn't match net given by schematic (/D13_BUZZER_GPIO13)
    Local override; warning
    @(70.5000 mm, 11.1900 mm): PTH pad 2 [BUZZER_BASE] of R1
[footprint_symbol_field_mismatch]: Field 'Description' differs (PCB: 'axial resistor, 7.62mm pitch, 0.8mm drills', Schematic: '')
    Local override; warning
    @(74.0000 mm, 15.0000 mm): Footprint R2
[net_conflict]: Pad net (BUZZER_BASE) doesn't match net given by schematic (/GND)
    Local override; warning
    @(74.0000 mm, 11.1900 mm): PTH pad 1 [BUZZER_BASE] of R2
[net_conflict]: Pad net (GND) doesn't match net given by schematic (/BUZZER_BASE)
    Local override; warning
    @(74.0000 mm, 18.8100 mm): PTH pad 2 [GND] of R2
[footprint_symbol_field_mismatch]: Field 'Datasheet' differs (PCB: '', Schematic: '~')
    Local override; warning
    @(92.0000 mm, 36.0000 mm): Footprint R3
[net_conflict]: Pad net (D13_BUZZER_GPIO13) doesn't match net given by schematic (/BUZZER_BASE2)
    Local override; warning
    @(92.0000 mm, 39.8100 mm): PTH pad 1 [D13_BUZZER_GPIO13] of R3
[net_conflict]: Pad net (BUZZER_BASE2) doesn't match net given by schematic (/D13_BUZZER_GPIO13)
    Local override; warning
    @(92.0000 mm, 32.1900 mm): PTH pad 2 [BUZZER_BASE2] of R3
[footprint_symbol_field_mismatch]: Field 'Datasheet' differs (PCB: '', Schematic: '~')
    Local override; warning
    @(92.0000 mm, 56.0000 mm): Footprint R4
[net_conflict]: Pad net (D13_BUZZER_GPIO13) doesn't match net given by schematic (/BUZZER_BASE3)
    Local override; warning
    @(92.0000 mm, 59.8100 mm): PTH pad 1 [D13_BUZZER_GPIO13] of R4
[net_conflict]: Pad net (BUZZER_BASE3) doesn't match net given by schematic (/D13_BUZZER_GPIO13)
    Local override; warning
    @(92.0000 mm, 52.1900 mm): PTH pad 2 [BUZZER_BASE3] of R4
[footprint_symbol_mismatch]: Value (SW1) doesn't match symbol value (SS12D00G5)
    Local override; warning
    @(25.0000 mm, 12.0000 mm): Footprint SW1
[footprint_symbol_field_mismatch]: Field 'Description' differs (PCB: 'SS12D00G5 SPDT slide switch placeholder; verify physical pinout before fab', Schematic: '')
    Local override; warning
    @(25.0000 mm, 12.0000 mm): Footprint SW1
[net_conflict]: Pad net (SW_BAT) doesn't match net given by schematic (/GND)
    Local override; warning
    @(25.0000 mm, 14.5000 mm): PTH pad 1 [SW_BAT] of SW1
[net_conflict]: Pad net (BAT_IN) doesn't match net given by schematic (/BAT_IN)
    Local override; warning
    @(25.0000 mm, 12.0000 mm): PTH pad 2 [BAT_IN] of SW1
[net_conflict]: Pad missing net given by schematic (/SW_BAT)
    Local override; warning
    @(25.0000 mm, 9.5000 mm): PTH pad 3 [<no net>] of SW1
[net_conflict]: Pad net (BAT_IN) doesn't match net given by schematic (/GND)
    Local override; warning
    @(7.8160 mm, 11.3000 mm): PTH pad 1 [BAT_IN] of U1
[net_conflict]: Pad net (GND) doesn't match net given by schematic (/BAT_IN)
    Local override; warning
    @(13.1840 mm, 11.3000 mm): PTH pad 2 [GND] of U1
[footprint_symbol_field_mismatch]: Field 'Datasheet' differs (PCB: '', Schematic: '~')
    Local override; warning
    @(100.0000 mm, 8.0000 mm): Footprint U2
[net_conflict]: Pad net (SW_BAT) doesn't match net given by schematic (/SW_BAT)
    Local override; warning
    @(97.4600 mm, 11.5000 mm): PTH pad 1 [SW_BAT] of U2
[net_conflict]: Pad net (GND) doesn't match net given by schematic (/GND)
    Local override; warning
    @(100.0000 mm, 11.5000 mm): PTH pad 2 [GND] of U2
[net_conflict]: Pad net (BOOST_5V) doesn't match net given by schematic (/BOOST_5V)
    Local override; warning
    @(102.5400 mm, 11.5000 mm): PTH pad 3 [BOOST_5V] of U2

** Ignored checks **
    - Footprint has no courtyard defined
    - Track endpoint not centered on via
    - Tuning profile track geometries
    - Footprint doesn't match symbol's footprint filters
    - Footprint component type doesn't match footprint pads

** End of Report **
